                       :-) GROMACS - gmx mdrun, 2020 (-:

                            GROMACS is written by:
     Emile Apol      Rossen Apostolov      Paul Bauer     Herman J.C. Berendsen
    Par Bjelkmar      Christian Blau   Viacheslav Bolnykh     Kevin Boyd    
 Aldert van Buuren   Rudi van Drunen     Anton Feenstra       Alan Gray     
  Gerrit Groenhof     Anca Hamuraru    Vincent Hindriksen  M. Eric Irrgang  
  Aleksei Iupinov   Christoph Junghans     Joe Jordan     Dimitrios Karkoulis
    Peter Kasson        Jiri Kraus      Carsten Kutzner      Per Larsson    
  Justin A. Lemkul    Viveca Lindahl    Magnus Lundborg     Erik Marklund   
    Pascal Merz     Pieter Meulenhoff    Teemu Murtola       Szilard Pall   
    Sander Pronk      Roland Schulz      Michael Shirts    Alexey Shvetsov  
   Alfons Sijbers     Peter Tieleman      Jon Vincent      Teemu Virolainen 
 Christian Wennberg    Maarten Wolf      Artem Zhmurov   
                           and the project leaders:
        Mark Abraham, Berk Hess, Erik Lindahl, and David van der Spoel

Copyright (c) 1991-2000, University of Groningen, The Netherlands.
Copyright (c) 2001-2019, The GROMACS development team at
Uppsala University, Stockholm University and
the Royal Institute of Technology, Sweden.
check out http://www.gromacs.org for more information.

GROMACS is free software; you can redistribute it and/or modify it
under the terms of the GNU Lesser General Public License
as published by the Free Software Foundation; either version 2.1
of the License, or (at your option) any later version.

GROMACS:      gmx mdrun, version 2020
Executable:   /network/rit/lab/RNAILabs/local/Software/gromacs-2020-hn7/bin/bin//gmx
Data prefix:  /network/rit/lab/RNAILabs/local/Software/gromacs-2020-hn7/bin
Working dir:  /network/rit/lab/RNAILabs/users/ej276743/spec_loop/PKZ_Complex/PKZ18_124/sim
Process ID:   34981
Command line:
  gmx mdrun -deffnm nvpt -maxh 24

GROMACS version:    2020
Verified release checksum is c8f31ed8bc66001c3c8d6e5ddb61aab8bb1d400b5f5dba93c53473fa79c1a50a
Precision:          single
Memory model:       64 bit
MPI library:        thread_mpi
OpenMP support:     enabled (GMX_OPENMP_MAX_THREADS = 64)
GPU support:        disabled
SIMD instructions:  AVX_256
FFT library:        fftw-3.3.8-sse2-avx-avx2-avx2_128
RDTSCP usage:       enabled
TNG support:        enabled
Hwloc support:      hwloc-1.11.0
Tracing support:    disabled
C compiler:         /network/rit/lab/RNAILabs/local/Software/gcc-6.3.0/bin/bin/gcc GNU 6.3.0
C compiler flags:   -mavx -fexcess-precision=fast -funroll-all-loops
C++ compiler:       /network/rit/lab/RNAILabs/local/Software/gcc-6.3.0/bin/bin/g++ GNU 6.3.0
C++ compiler flags: -mavx -fexcess-precision=fast -funroll-all-loops -fopenmp


Running on 1 node with total 16 cores, 16 logical cores
Hardware detected:
  CPU info:
    Vendor: Intel
    Brand:  Intel(R) Xeon(R) CPU E5-2670 0 @ 2.60GHz
    Family: 6   Model: 45   Stepping: 7
    Features: aes apic avx clfsh cmov cx8 cx16 htt intel lahf mmx msr nonstop_tsc pcid pclmuldq pdcm pdpe1gb popcnt pse rdtscp sse2 sse3 sse4.1 sse4.2 ssse3 tdt x2apic
  Hardware topology: Full, with devices
    Sockets, cores, and logical processors:
      Socket  0: [   0] [   2] [   4] [   6] [   8] [  10] [  12] [  14]
      Socket  1: [   1] [   3] [   5] [   7] [   9] [  11] [  13] [  15]
    Numa nodes:
      Node  0 (8133275648 bytes mem):   0   2   4   6   8  10  12  14
      Node  1 (8403894272 bytes mem):   1   3   5   7   9  11  13  15
      Latency:
               0     1
         0  1.00  2.00
         1  2.00  1.00
    Caches:
      L1: 32768 bytes, linesize 64 bytes, assoc. 8, shared 1 ways
      L2: 262144 bytes, linesize 64 bytes, assoc. 8, shared 1 ways
      L3: 20971520 bytes, linesize 64 bytes, assoc. 20, shared 8 ways
    PCI devices:
      0000:02:00.0  Id: 14e4:165f  Class: 0x0200  Numa: 0
      0000:02:00.1  Id: 14e4:165f  Class: 0x0200  Numa: 0
      0000:01:00.0  Id: 14e4:165f  Class: 0x0200  Numa: 0
      0000:01:00.1  Id: 14e4:165f  Class: 0x0200  Numa: 0
      0000:03:00.0  Id: 1000:0073  Class: 0x0104  Numa: 0
      0000:0b:00.0  Id: 102b:0534  Class: 0x0300  Numa: 0
      0000:00:1f.2  Id: 8086:1d02  Class: 0x0106  Numa: 0


++++ PLEASE READ AND CITE THE FOLLOWING REFERENCE ++++
M. J. Abraham, T. Murtola, R. Schulz, S. Páll, J. C. Smith, B. Hess, E.
Lindahl
GROMACS: High performance molecular simulations through multi-level
parallelism from laptops to supercomputers
SoftwareX 1 (2015) pp. 19-25
-------- -------- --- Thank You --- -------- --------


++++ PLEASE READ AND CITE THE FOLLOWING REFERENCE ++++
S. Páll, M. J. Abraham, C. Kutzner, B. Hess, E. Lindahl
Tackling Exascale Software Challenges in Molecular Dynamics Simulations with
GROMACS
In S. Markidis & E. Laure (Eds.), Solving Software Challenges for Exascale 8759 (2015) pp. 3-27
-------- -------- --- Thank You --- -------- --------


++++ PLEASE READ AND CITE THE FOLLOWING REFERENCE ++++
S. Pronk, S. Páll, R. Schulz, P. Larsson, P. Bjelkmar, R. Apostolov, M. R.
Shirts, J. C. Smith, P. M. Kasson, D. van der Spoel, B. Hess, and E. Lindahl
GROMACS 4.5: a high-throughput and highly parallel open source molecular
simulation toolkit
Bioinformatics 29 (2013) pp. 845-54
-------- -------- --- Thank You --- -------- --------


++++ PLEASE READ AND CITE THE FOLLOWING REFERENCE ++++
B. Hess and C. Kutzner and D. van der Spoel and E. Lindahl
GROMACS 4: Algorithms for highly efficient, load-balanced, and scalable
molecular simulation
J. Chem. Theory Comput. 4 (2008) pp. 435-447
-------- -------- --- Thank You --- -------- --------


++++ PLEASE READ AND CITE THE FOLLOWING REFERENCE ++++
D. van der Spoel, E. Lindahl, B. Hess, G. Groenhof, A. E. Mark and H. J. C.
Berendsen
GROMACS: Fast, Flexible and Free
J. Comp. Chem. 26 (2005) pp. 1701-1719
-------- -------- --- Thank You --- -------- --------


++++ PLEASE READ AND CITE THE FOLLOWING REFERENCE ++++
E. Lindahl and B. Hess and D. van der Spoel
GROMACS 3.0: A package for molecular simulation and trajectory analysis
J. Mol. Mod. 7 (2001) pp. 306-317
-------- -------- --- Thank You --- -------- --------


++++ PLEASE READ AND CITE THE FOLLOWING REFERENCE ++++
H. J. C. Berendsen, D. van der Spoel and R. van Drunen
GROMACS: A message-passing parallel molecular dynamics implementation
Comp. Phys. Comm. 91 (1995) pp. 43-56
-------- -------- --- Thank You --- -------- --------


++++ PLEASE CITE THE DOI FOR THIS VERSION OF GROMACS ++++
https://doi.org/10.5281/zenodo.3562495
-------- -------- --- Thank You --- -------- --------

Input Parameters:
   integrator                     = md
   tinit                          = 0
   dt                             = 0.002
   nsteps                         = 50000
   init-step                      = 0
   simulation-part                = 1
   comm-mode                      = Linear
   nstcomm                        = 100
   bd-fric                        = 0
   ld-seed                        = 210830355
   emtol                          = 10
   emstep                         = 0.01
   niter                          = 20
   fcstep                         = 0
   nstcgsteep                     = 1000
   nbfgscorr                      = 10
   rtpi                           = 0.05
   nstxout                        = 500
   nstvout                        = 500
   nstfout                        = 0
   nstlog                         = 500
   nstcalcenergy                  = 100
   nstenergy                      = 500
   nstxout-compressed             = 0
   compressed-x-precision         = 1000
   cutoff-scheme                  = Verlet
   nstlist                        = 10
   pbc                            = xyz
   periodic-molecules             = false
   verlet-buffer-tolerance        = 0.005
   rlist                          = 1.001
   coulombtype                    = PME
   coulomb-modifier               = Potential-shift
   rcoulomb-switch                = 0
   rcoulomb                       = 1
   epsilon-r                      = 1
   epsilon-rf                     = inf
   vdw-type                       = Cut-off
   vdw-modifier                   = Potential-shift
   rvdw-switch                    = 0
   rvdw                           = 1
   DispCorr                       = EnerPres
   table-extension                = 1
   fourierspacing                 = 0.16
   fourier-nx                     = 96
   fourier-ny                     = 96
   fourier-nz                     = 96
   pme-order                      = 4
   ewald-rtol                     = 1e-05
   ewald-rtol-lj                  = 0.001
   lj-pme-comb-rule               = Geometric
   ewald-geometry                 = 0
   epsilon-surface                = 0
   tcoupl                         = V-rescale
   nsttcouple                     = 10
   nh-chain-length                = 0
   print-nose-hoover-chain-variables = false
   pcoupl                         = No
   pcoupltype                     = Isotropic
   nstpcouple                     = -1
   tau-p                          = 1
   compressibility (3x3):
      compressibility[    0]={ 0.00000e+00,  0.00000e+00,  0.00000e+00}
      compressibility[    1]={ 0.00000e+00,  0.00000e+00,  0.00000e+00}
      compressibility[    2]={ 0.00000e+00,  0.00000e+00,  0.00000e+00}
   ref-p (3x3):
      ref-p[    0]={ 0.00000e+00,  0.00000e+00,  0.00000e+00}
      ref-p[    1]={ 0.00000e+00,  0.00000e+00,  0.00000e+00}
      ref-p[    2]={ 0.00000e+00,  0.00000e+00,  0.00000e+00}
   refcoord-scaling               = No
   posres-com (3):
      posres-com[0]= 0.00000e+00
      posres-com[1]= 0.00000e+00
      posres-com[2]= 0.00000e+00
   posres-comB (3):
      posres-comB[0]= 0.00000e+00
      posres-comB[1]= 0.00000e+00
      posres-comB[2]= 0.00000e+00
   QMMM                           = false
   QMconstraints                  = 0
   QMMMscheme                     = 0
   MMChargeScaleFactor            = 1
qm-opts:
   ngQM                           = 0
   constraint-algorithm           = Lincs
   continuation                   = false
   Shake-SOR                      = false
   shake-tol                      = 0.0001
   lincs-order                    = 4
   lincs-iter                     = 1
   lincs-warnangle                = 30
   nwall                          = 0
   wall-type                      = 9-3
   wall-r-linpot                  = -1
   wall-atomtype[0]               = -1
   wall-atomtype[1]               = -1
   wall-density[0]                = 0
   wall-density[1]                = 0
   wall-ewald-zfac                = 3
   pull                           = false
   awh                            = false
   rotation                       = false
   interactiveMD                  = false
   disre                          = No
   disre-weighting                = Conservative
   disre-mixed                    = false
   dr-fc                          = 1000
   dr-tau                         = 0
   nstdisreout                    = 100
   orire-fc                       = 0
   orire-tau                      = 0
   nstorireout                    = 100
   free-energy                    = no
   cos-acceleration               = 0
   deform (3x3):
      deform[    0]={ 0.00000e+00,  0.00000e+00,  0.00000e+00}
      deform[    1]={ 0.00000e+00,  0.00000e+00,  0.00000e+00}
      deform[    2]={ 0.00000e+00,  0.00000e+00,  0.00000e+00}
   simulated-tempering            = false
   swapcoords                     = no
   userint1                       = 0
   userint2                       = 0
   userint3                       = 0
   userint4                       = 0
   userreal1                      = 0
   userreal2                      = 0
   userreal3                      = 0
   userreal4                      = 0
   applied-forces:
     electric-field:
       x:
         E0                       = 0
         omega                    = 0
         t0                       = 0
         sigma                    = 0
       y:
         E0                       = 0
         omega                    = 0
         t0                       = 0
         sigma                    = 0
       z:
         E0                       = 0
         omega                    = 0
         t0                       = 0
         sigma                    = 0
     density-guided-simulation:
       active                     = false
       group                      = protein
       similarity-measure         = inner-product
       atom-spreading-weight      = unity
       force-constant             = 1e+09
       gaussian-transform-spreading-width = 0.2
       gaussian-transform-spreading-range-in-multiples-of-width = 4
       reference-density-filename = reference.mrc
       nst                        = 1
       normalize-densities        = true
       adaptive-force-scaling     = false
       adaptive-force-scaling-time-constant = 4
grpopts:
   nrdf:     9008.96      702564
   ref-t:         300         300
   tau-t:         0.1        0.01
annealing:          No          No
annealing-npoints:           0           0
   acc:	           0           0           0
   nfreeze:           N           N           N
   energygrp-flags[  0]: 0

Changing nstlist from 10 to 40, rlist from 1.001 to 1.1

Using 1 MPI thread

Non-default thread affinity set, disabling internal thread affinity

Using 16 OpenMP threads 

System total charge: -0.000
Will do PME sum in reciprocal space for electrostatic interactions.

++++ PLEASE READ AND CITE THE FOLLOWING REFERENCE ++++
U. Essmann, L. Perera, M. L. Berkowitz, T. Darden, H. Lee and L. G. Pedersen 
A smooth particle mesh Ewald method
J. Chem. Phys. 103 (1995) pp. 8577-8592
-------- -------- --- Thank You --- -------- --------

Using a Gaussian width (1/beta) of 0.320163 nm for Ewald
Potential shift: LJ r^-12: -1.000e+00 r^-6: -1.000e+00, Ewald -1.000e-05
Initialized non-bonded Coulomb Ewald tables, spacing: 9.33e-04 size: 1073

Generated table with 1050 data points for 1-4 COUL.
Tabscale = 500 points/nm
Generated table with 1050 data points for 1-4 LJ6.
Tabscale = 500 points/nm
Generated table with 1050 data points for 1-4 LJ12.
Tabscale = 500 points/nm

Using SIMD 4x4 nonbonded short-range kernels

Using a dual 4x4 pair-list setup updated with dynamic pruning:
  outer list: updated every 40 steps, buffer 0.100 nm, rlist 1.100 nm
  inner list: updated every 10 steps, buffer 0.001 nm, rlist 1.001 nm
At tolerance 0.005 kJ/mol/ps per atom, equivalent classical 1x1 list would be:
  outer list: updated every 40 steps, buffer 0.213 nm, rlist 1.213 nm
  inner list: updated every 10 steps, buffer 0.038 nm, rlist 1.038 nm

Using full Lennard-Jones parameter combination matrix

Long Range LJ corr.: <C6> 1.4066e-03

Removing pbc first time

Initializing LINear Constraint Solver

++++ PLEASE READ AND CITE THE FOLLOWING REFERENCE ++++
B. Hess and H. Bekker and H. J. C. Berendsen and J. G. E. M. Fraaije
LINCS: A Linear Constraint Solver for molecular simulations
J. Comp. Chem. 18 (1997) pp. 1463-1472
-------- -------- --- Thank You --- -------- --------

The number of constraints is 1131

++++ PLEASE READ AND CITE THE FOLLOWING REFERENCE ++++
S. Miyamoto and P. A. Kollman
SETTLE: An Analytical Version of the SHAKE and RATTLE Algorithms for Rigid
Water Models
J. Comp. Chem. 13 (1992) pp. 952-962
-------- -------- --- Thank You --- -------- --------


++++ PLEASE READ AND CITE THE FOLLOWING REFERENCE ++++
G. Bussi, D. Donadio and M. Parrinello
Canonical sampling through velocity rescaling
J. Chem. Phys. 126 (2007) pp. 014101
-------- -------- --- Thank You --- -------- --------

There are: 354271 Atoms
There are: 116702 VSites

Constraining the starting coordinates (step 0)

Constraining the coordinates at t0-dt (step 0)
Center of mass motion removal mode is Linear
We have the following groups for center of mass motion removal:
  0:  rest
RMS relative constraint deviation after constraining: 3.22e-06
Initial temperature: 300.267 K

Started mdrun on rank 0 Mon Aug 21 16:05:59 2023

           Step           Time
              0        0.00000

   Energies (kJ/mol)
           Bond          Angle    Proper Dih. Ryckaert-Bell.  Improper Dih.
    7.23415e+02    2.92981e+03    7.91838e+03    1.19131e+02    5.10883e+01
          LJ-14     Coulomb-14        LJ (SR)  Disper. corr.   Coulomb (SR)
    2.27118e+03   -3.79734e+04    1.12265e+06   -3.68774e+05   -7.72876e+06
   Coul. recip. Position Rest.      Potential    Kinetic En.   Total Energy
    4.19169e+04    1.13067e-03   -6.95693e+06    8.88298e+05   -6.06863e+06
  Conserved En.    Temperature Pres. DC (bar) Pressure (bar)   Constr. rmsd
   -6.06863e+06    3.00286e+02   -1.73106e+03   -5.89279e+03    3.13617e-06

           Step           Time
            500        1.00000

   Energies (kJ/mol)
           Bond          Angle    Proper Dih. Ryckaert-Bell.  Improper Dih.
    3.28657e+03    7.31238e+03    9.08609e+03    1.37496e+02    2.18597e+02
          LJ-14     Coulomb-14        LJ (SR)  Disper. corr.   Coulomb (SR)
    2.62074e+03   -3.83217e+04    1.02218e+06   -3.68774e+05   -6.76335e+06
   Coul. recip. Position Rest.      Potential    Kinetic En.   Total Energy
    3.32643e+04    1.10254e+03   -6.09124e+06    8.89331e+05   -5.20190e+06
  Conserved En.    Temperature Pres. DC (bar) Pressure (bar)   Constr. rmsd
   -6.05954e+06    3.00635e+02   -1.73106e+03   -1.55684e+03    3.27287e-06

           Step           Time
           1000        2.00000

   Energies (kJ/mol)
           Bond          Angle    Proper Dih. Ryckaert-Bell.  Improper Dih.
    3.55566e+03    7.43439e+03    9.10999e+03    1.21573e+02    2.18061e+02
          LJ-14     Coulomb-14        LJ (SR)  Disper. corr.   Coulomb (SR)
    2.54577e+03   -3.83056e+04    1.04238e+06   -3.68774e+05   -6.82294e+06
   Coul. recip. Position Rest.      Potential    Kinetic En.   Total Energy
    3.23603e+04    9.49744e+02   -6.13134e+06    8.87671e+05   -5.24367e+06
  Conserved En.    Temperature Pres. DC (bar) Pressure (bar)   Constr. rmsd
   -6.05920e+06    3.00074e+02   -1.73106e+03   -1.47346e+03    3.32058e-06

           Step           Time
           1500        3.00000

   Energies (kJ/mol)
           Bond          Angle    Proper Dih. Ryckaert-Bell.  Improper Dih.
    3.46292e+03    7.57663e+03    8.95195e+03    1.51780e+02    2.20559e+02
          LJ-14     Coulomb-14        LJ (SR)  Disper. corr.   Coulomb (SR)
    2.54772e+03   -3.82657e+04    1.04695e+06   -3.68774e+05   -6.84501e+06
   Coul. recip. Position Rest.      Potential    Kinetic En.   Total Energy
    3.22439e+04    9.39382e+02   -6.14900e+06    8.87712e+05   -5.26128e+06
  Conserved En.    Temperature Pres. DC (bar) Pressure (bar)   Constr. rmsd
   -6.05904e+06    3.00088e+02   -1.73106e+03   -1.52692e+03    3.32502e-06

           Step           Time
           2000        4.00000

   Energies (kJ/mol)
           Bond          Angle    Proper Dih. Ryckaert-Bell.  Improper Dih.
    3.44740e+03    7.72844e+03    9.05791e+03    1.47752e+02    2.23051e+02
          LJ-14     Coulomb-14        LJ (SR)  Disper. corr.   Coulomb (SR)
    2.47888e+03   -3.85862e+04    1.05485e+06   -3.68774e+05   -6.85736e+06
   Coul. recip. Position Rest.      Potential    Kinetic En.   Total Energy
    3.18346e+04    8.69752e+02   -6.15408e+06    8.89922e+05   -5.26416e+06
  Conserved En.    Temperature Pres. DC (bar) Pressure (bar)   Constr. rmsd
   -6.05897e+06    3.00835e+02   -1.73106e+03   -1.43138e+03    3.40733e-06

           Step           Time
           2500        5.00000

   Energies (kJ/mol)
           Bond          Angle    Proper Dih. Ryckaert-Bell.  Improper Dih.
    3.44958e+03    7.50255e+03    8.86245e+03    1.28967e+02    2.03584e+02
          LJ-14     Coulomb-14        LJ (SR)  Disper. corr.   Coulomb (SR)
    2.57951e+03   -3.82742e+04    1.05531e+06   -3.68774e+05   -6.86538e+06
   Coul. recip. Position Rest.      Potential    Kinetic En.   Total Energy
    3.19439e+04    8.79187e+02   -6.16157e+06    8.89203e+05   -5.27237e+06
  Conserved En.    Temperature Pres. DC (bar) Pressure (bar)   Constr. rmsd
   -6.05893e+06    3.00592e+02   -1.73106e+03   -1.50319e+03    3.42897e-06

           Step           Time
           3000        6.00000

   Energies (kJ/mol)
           Bond          Angle    Proper Dih. Ryckaert-Bell.  Improper Dih.
    3.44339e+03    7.37758e+03    8.86306e+03    1.45487e+02    1.84073e+02
          LJ-14     Coulomb-14        LJ (SR)  Disper. corr.   Coulomb (SR)
    2.51486e+03   -3.83754e+04    1.05780e+06   -3.68774e+05   -6.86906e+06
   Coul. recip. Position Rest.      Potential    Kinetic En.   Total Energy
    3.20365e+04    8.26549e+02   -6.16302e+06    8.87741e+05   -5.27528e+06
  Conserved En.    Temperature Pres. DC (bar) Pressure (bar)   Constr. rmsd
   -6.05884e+06    3.00098e+02   -1.73106e+03   -1.47560e+03    3.23493e-06

           Step           Time
           3500        7.00000

   Energies (kJ/mol)
           Bond          Angle    Proper Dih. Ryckaert-Bell.  Improper Dih.
    3.32755e+03    7.24922e+03    8.95581e+03    1.44889e+02    2.03622e+02
          LJ-14     Coulomb-14        LJ (SR)  Disper. corr.   Coulomb (SR)
    2.52199e+03   -3.81766e+04    1.05537e+06   -3.68774e+05   -6.86628e+06
   Coul. recip. Position Rest.      Potential    Kinetic En.   Total Energy
    3.18720e+04    8.33970e+02   -6.16276e+06    8.85647e+05   -5.27711e+06
  Conserved En.    Temperature Pres. DC (bar) Pressure (bar)   Constr. rmsd
   -6.05874e+06    2.99390e+02   -1.73106e+03   -1.52139e+03    3.28098e-06

           Step           Time
           4000        8.00000

   Energies (kJ/mol)
           Bond          Angle    Proper Dih. Ryckaert-Bell.  Improper Dih.
    3.54589e+03    7.54524e+03    8.92069e+03    1.34141e+02    1.83162e+02
          LJ-14     Coulomb-14        LJ (SR)  Disper. corr.   Coulomb (SR)
    2.54714e+03   -3.83204e+04    1.05578e+06   -3.68774e+05   -6.86440e+06
   Coul. recip. Position Rest.      Potential    Kinetic En.   Total Energy
    3.20919e+04    8.82340e+02   -6.15987e+06    8.87061e+05   -5.27280e+06
  Conserved En.    Temperature Pres. DC (bar) Pressure (bar)   Constr. rmsd
   -6.05874e+06    2.99868e+02   -1.73106e+03   -1.53095e+03    3.24718e-06

           Step           Time
           4500        9.00000

   Energies (kJ/mol)
           Bond          Angle    Proper Dih. Ryckaert-Bell.  Improper Dih.
    3.43334e+03    7.31638e+03    8.95794e+03    1.43559e+02    2.05819e+02
          LJ-14     Coulomb-14        LJ (SR)  Disper. corr.   Coulomb (SR)
    2.58921e+03   -3.82895e+04    1.05544e+06   -3.68774e+05   -6.86935e+06
   Coul. recip. Position Rest.      Potential    Kinetic En.   Total Energy
    3.21204e+04    8.08281e+02   -6.16539e+06    8.87185e+05   -5.27820e+06
  Conserved En.    Temperature Pres. DC (bar) Pressure (bar)   Constr. rmsd
   -6.05862e+06    2.99910e+02   -1.73106e+03   -1.46155e+03    3.30634e-06

           Step           Time
           5000       10.00000

   Energies (kJ/mol)
           Bond          Angle    Proper Dih. Ryckaert-Bell.  Improper Dih.
    3.42808e+03    7.31118e+03    8.92726e+03    1.45098e+02    2.20969e+02
          LJ-14     Coulomb-14        LJ (SR)  Disper. corr.   Coulomb (SR)
    2.50747e+03   -3.81994e+04    1.05118e+06   -3.68774e+05   -6.86227e+06
   Coul. recip. Position Rest.      Potential    Kinetic En.   Total Energy
    3.23580e+04    8.03395e+02   -6.16236e+06    8.87832e+05   -5.27453e+06
  Conserved En.    Temperature Pres. DC (bar) Pressure (bar)   Constr. rmsd
   -6.05861e+06    3.00128e+02   -1.73106e+03   -1.51987e+03    3.58084e-06

           Step           Time
           5500       11.00000

   Energies (kJ/mol)
           Bond          Angle    Proper Dih. Ryckaert-Bell.  Improper Dih.
    3.54456e+03    7.57374e+03    8.98814e+03    1.62264e+02    1.77186e+02
          LJ-14     Coulomb-14        LJ (SR)  Disper. corr.   Coulomb (SR)
    2.54150e+03   -3.83387e+04    1.05465e+06   -3.68774e+05   -6.86925e+06
   Coul. recip. Position Rest.      Potential    Kinetic En.   Total Energy
    3.20318e+04    8.46329e+02   -6.16584e+06    8.87538e+05   -5.27831e+06
  Conserved En.    Temperature Pres. DC (bar) Pressure (bar)   Constr. rmsd
   -6.05851e+06    3.00029e+02   -1.73106e+03   -1.49595e+03    3.23884e-06

           Step           Time
           6000       12.00000

   Energies (kJ/mol)
           Bond          Angle    Proper Dih. Ryckaert-Bell.  Improper Dih.
    3.65486e+03    7.08525e+03    8.97955e+03    1.42667e+02    1.97623e+02
          LJ-14     Coulomb-14        LJ (SR)  Disper. corr.   Coulomb (SR)
    2.57917e+03   -3.83082e+04    1.05671e+06   -3.68774e+05   -6.86961e+06
   Coul. recip. Position Rest.      Potential    Kinetic En.   Total Energy
    3.18630e+04    9.00183e+02   -6.16458e+06    8.89868e+05   -5.27471e+06
  Conserved En.    Temperature Pres. DC (bar) Pressure (bar)   Constr. rmsd
   -6.05846e+06    3.00817e+02   -1.73106e+03   -1.58465e+03    3.37319e-06

           Step           Time
           6500       13.00000

   Energies (kJ/mol)
           Bond          Angle    Proper Dih. Ryckaert-Bell.  Improper Dih.
    3.56174e+03    7.43713e+03    8.78715e+03    1.76732e+02    2.01409e+02
          LJ-14     Coulomb-14        LJ (SR)  Disper. corr.   Coulomb (SR)
    2.56975e+03   -3.82422e+04    1.05623e+06   -3.68774e+05   -6.87179e+06
   Coul. recip. Position Rest.      Potential    Kinetic En.   Total Energy
    3.20556e+04    8.22624e+02   -6.16696e+06    8.90502e+05   -5.27646e+06
  Conserved En.    Temperature Pres. DC (bar) Pressure (bar)   Constr. rmsd
   -6.05841e+06    3.01031e+02   -1.73106e+03   -1.51377e+03    3.45911e-06

           Step           Time
           7000       14.00000

   Energies (kJ/mol)
           Bond          Angle    Proper Dih. Ryckaert-Bell.  Improper Dih.
    3.45488e+03    7.36452e+03    8.97332e+03    1.39468e+02    1.99214e+02
          LJ-14     Coulomb-14        LJ (SR)  Disper. corr.   Coulomb (SR)
    2.51061e+03   -3.83404e+04    1.05621e+06   -3.68774e+05   -6.87300e+06
   Coul. recip. Position Rest.      Potential    Kinetic En.   Total Energy
    3.18332e+04    8.37283e+02   -6.16859e+06    8.88200e+05   -5.28039e+06
  Conserved En.    Temperature Pres. DC (bar) Pressure (bar)   Constr. rmsd
   -6.05837e+06    3.00253e+02   -1.73106e+03   -1.48737e+03    3.49358e-06

           Step           Time
           7500       15.00000

   Energies (kJ/mol)
           Bond          Angle    Proper Dih. Ryckaert-Bell.  Improper Dih.
    3.64617e+03    7.37539e+03    8.94099e+03    1.50924e+02    2.02067e+02
          LJ-14     Coulomb-14        LJ (SR)  Disper. corr.   Coulomb (SR)
    2.58863e+03   -3.82483e+04    1.05915e+06   -3.68774e+05   -6.87531e+06
   Coul. recip. Position Rest.      Potential    Kinetic En.   Total Energy
    3.18514e+04    8.00950e+02   -6.16762e+06    8.85299e+05   -5.28232e+06
  Conserved En.    Temperature Pres. DC (bar) Pressure (bar)   Constr. rmsd
   -6.05824e+06    2.99272e+02   -1.73106e+03   -1.33676e+03    3.42795e-06

           Step           Time
           8000       16.00000

   Energies (kJ/mol)
           Bond          Angle    Proper Dih. Ryckaert-Bell.  Improper Dih.
    3.58843e+03    7.32546e+03    9.00621e+03    1.31806e+02    2.17435e+02
          LJ-14     Coulomb-14        LJ (SR)  Disper. corr.   Coulomb (SR)
    2.53640e+03   -3.83949e+04    1.05402e+06   -3.68774e+05   -6.87036e+06
   Coul. recip. Position Rest.      Potential    Kinetic En.   Total Energy
    3.19738e+04    8.72454e+02   -6.16786e+06    8.88331e+05   -5.27952e+06
  Conserved En.    Temperature Pres. DC (bar) Pressure (bar)   Constr. rmsd
   -6.05822e+06    3.00297e+02   -1.73106e+03   -1.55025e+03    3.31088e-06

           Step           Time
           8500       17.00000

   Energies (kJ/mol)
           Bond          Angle    Proper Dih. Ryckaert-Bell.  Improper Dih.
    3.65143e+03    7.30800e+03    8.84371e+03    1.46021e+02    1.90203e+02
          LJ-14     Coulomb-14        LJ (SR)  Disper. corr.   Coulomb (SR)
    2.54368e+03   -3.83436e+04    1.05644e+06   -3.68774e+05   -6.87087e+06
   Coul. recip. Position Rest.      Potential    Kinetic En.   Total Energy
    3.19679e+04    8.39894e+02   -6.16606e+06    8.87293e+05   -5.27876e+06
  Conserved En.    Temperature Pres. DC (bar) Pressure (bar)   Constr. rmsd
   -6.05816e+06    2.99946e+02   -1.73106e+03   -1.48775e+03    3.39508e-06

           Step           Time
           9000       18.00000

   Energies (kJ/mol)
           Bond          Angle    Proper Dih. Ryckaert-Bell.  Improper Dih.
    3.56264e+03    7.30658e+03    8.98140e+03    1.35938e+02    2.13534e+02
          LJ-14     Coulomb-14        LJ (SR)  Disper. corr.   Coulomb (SR)
    2.55038e+03   -3.83296e+04    1.05921e+06   -3.68774e+05   -6.87631e+06
   Coul. recip. Position Rest.      Potential    Kinetic En.   Total Energy
    3.19009e+04    8.32110e+02   -6.16872e+06    8.86562e+05   -5.28216e+06
  Conserved En.    Temperature Pres. DC (bar) Pressure (bar)   Constr. rmsd
   -6.05807e+06    2.99699e+02   -1.73106e+03   -1.41721e+03    3.54793e-06

           Step           Time
           9500       19.00000

   Energies (kJ/mol)
           Bond          Angle    Proper Dih. Ryckaert-Bell.  Improper Dih.
    3.65323e+03    7.30741e+03    8.74449e+03    1.29824e+02    1.87992e+02
          LJ-14     Coulomb-14        LJ (SR)  Disper. corr.   Coulomb (SR)
    2.47649e+03   -3.82907e+04    1.05454e+06   -3.68774e+05   -6.87305e+06
   Coul. recip. Position Rest.      Potential    Kinetic En.   Total Energy
    3.20186e+04    8.28063e+02   -6.17023e+06    8.88611e+05   -5.28162e+06
  Conserved En.    Temperature Pres. DC (bar) Pressure (bar)   Constr. rmsd
   -6.05805e+06    3.00392e+02   -1.73106e+03   -1.50989e+03    3.39295e-06

           Step           Time
          10000       20.00000

   Energies (kJ/mol)
           Bond          Angle    Proper Dih. Ryckaert-Bell.  Improper Dih.
    3.55579e+03    7.41296e+03    8.90758e+03    1.46871e+02    2.09614e+02
          LJ-14     Coulomb-14        LJ (SR)  Disper. corr.   Coulomb (SR)
    2.48405e+03   -3.84882e+04    1.05652e+06   -3.68774e+05   -6.87025e+06
   Coul. recip. Position Rest.      Potential    Kinetic En.   Total Energy
    3.21784e+04    8.39686e+02   -6.16525e+06    8.87052e+05   -5.27820e+06
  Conserved En.    Temperature Pres. DC (bar) Pressure (bar)   Constr. rmsd
   -6.05794e+06    2.99865e+02   -1.73106e+03   -1.48289e+03    3.34179e-06

           Step           Time
          10500       21.00000

   Energies (kJ/mol)
           Bond          Angle    Proper Dih. Ryckaert-Bell.  Improper Dih.
    3.61270e+03    7.51588e+03    8.91283e+03    1.43996e+02    2.15284e+02
          LJ-14     Coulomb-14        LJ (SR)  Disper. corr.   Coulomb (SR)
    2.56819e+03   -3.82942e+04    1.05821e+06   -3.68774e+05   -6.87243e+06
   Coul. recip. Position Rest.      Potential    Kinetic En.   Total Energy
    3.18841e+04    8.11386e+02   -6.16563e+06    8.89150e+05   -5.27648e+06
  Conserved En.    Temperature Pres. DC (bar) Pressure (bar)   Constr. rmsd
   -6.05796e+06    3.00574e+02   -1.73106e+03   -1.44506e+03    3.30087e-06

           Step           Time
          11000       22.00000

   Energies (kJ/mol)
           Bond          Angle    Proper Dih. Ryckaert-Bell.  Improper Dih.
    3.37746e+03    7.63122e+03    9.03519e+03    1.46563e+02    2.23659e+02
          LJ-14     Coulomb-14        LJ (SR)  Disper. corr.   Coulomb (SR)
    2.59666e+03   -3.82470e+04    1.05586e+06   -3.68774e+05   -6.86869e+06
   Coul. recip. Position Rest.      Potential    Kinetic En.   Total Energy
    3.19006e+04    8.65054e+02   -6.16407e+06    8.88139e+05   -5.27593e+06
  Conserved En.    Temperature Pres. DC (bar) Pressure (bar)   Constr. rmsd
   -6.05790e+06    3.00232e+02   -1.73106e+03   -1.52514e+03    3.53690e-06

           Step           Time
          11500       23.00000

   Energies (kJ/mol)
           Bond          Angle    Proper Dih. Ryckaert-Bell.  Improper Dih.
    3.66518e+03    7.44383e+03    8.82609e+03    1.35000e+02    1.86613e+02
          LJ-14     Coulomb-14        LJ (SR)  Disper. corr.   Coulomb (SR)
    2.45832e+03   -3.86584e+04    1.05616e+06   -3.68774e+05   -6.86877e+06
   Coul. recip. Position Rest.      Potential    Kinetic En.   Total Energy
    3.20246e+04    9.00347e+02   -6.16440e+06    8.90072e+05   -5.27433e+06
  Conserved En.    Temperature Pres. DC (bar) Pressure (bar)   Constr. rmsd
   -6.05783e+06    3.00886e+02   -1.73106e+03   -1.45752e+03    3.33294e-06

           Step           Time
          12000       24.00000

   Energies (kJ/mol)
           Bond          Angle    Proper Dih. Ryckaert-Bell.  Improper Dih.
    3.46103e+03    7.47939e+03    8.97545e+03    1.48356e+02    1.96207e+02
          LJ-14     Coulomb-14        LJ (SR)  Disper. corr.   Coulomb (SR)
    2.60634e+03   -3.83864e+04    1.05908e+06   -3.68774e+05   -6.87251e+06
   Coul. recip. Position Rest.      Potential    Kinetic En.   Total Energy
    3.20604e+04    9.15453e+02   -6.16474e+06    8.87434e+05   -5.27731e+06
  Conserved En.    Temperature Pres. DC (bar) Pressure (bar)   Constr. rmsd
   -6.05777e+06    2.99994e+02   -1.73106e+03   -1.42898e+03    3.38477e-06

           Step           Time
          12500       25.00000

   Energies (kJ/mol)
           Bond          Angle    Proper Dih. Ryckaert-Bell.  Improper Dih.
    3.68452e+03    7.58922e+03    8.90216e+03    1.36810e+02    1.72521e+02
          LJ-14     Coulomb-14        LJ (SR)  Disper. corr.   Coulomb (SR)
    2.59247e+03   -3.84738e+04    1.05615e+06   -3.68774e+05   -6.86789e+06
   Coul. recip. Position Rest.      Potential    Kinetic En.   Total Energy
    3.22799e+04    8.31224e+02   -6.16280e+06    8.88056e+05   -5.27474e+06
  Conserved En.    Temperature Pres. DC (bar) Pressure (bar)   Constr. rmsd
   -6.05772e+06    3.00204e+02   -1.73106e+03   -1.48475e+03    3.49364e-06

           Step           Time
          13000       26.00000

   Energies (kJ/mol)
           Bond          Angle    Proper Dih. Ryckaert-Bell.  Improper Dih.
    3.56200e+03    7.43597e+03    8.95766e+03    1.48065e+02    2.32592e+02
          LJ-14     Coulomb-14        LJ (SR)  Disper. corr.   Coulomb (SR)
    2.53356e+03   -3.84492e+04    1.05745e+06   -3.68774e+05   -6.87064e+06
   Coul. recip. Position Rest.      Potential    Kinetic En.   Total Energy
    3.22301e+04    8.50787e+02   -6.16446e+06    8.87312e+05   -5.27714e+06
  Conserved En.    Temperature Pres. DC (bar) Pressure (bar)   Constr. rmsd
   -6.05763e+06    2.99953e+02   -1.73106e+03   -1.39525e+03    3.37789e-06

           Step           Time
          13500       27.00000

   Energies (kJ/mol)
           Bond          Angle    Proper Dih. Ryckaert-Bell.  Improper Dih.
    3.52449e+03    7.50707e+03    8.95194e+03    1.64500e+02    2.02352e+02
          LJ-14     Coulomb-14        LJ (SR)  Disper. corr.   Coulomb (SR)
    2.46305e+03   -3.83475e+04    1.05748e+06   -3.68774e+05   -6.87110e+06
   Coul. recip. Position Rest.      Potential    Kinetic En.   Total Energy
    3.19018e+04    9.32392e+02   -6.16509e+06    8.85913e+05   -5.27918e+06
  Conserved En.    Temperature Pres. DC (bar) Pressure (bar)   Constr. rmsd
   -6.05760e+06    2.99480e+02   -1.73106e+03   -1.42968e+03    3.40665e-06

           Step           Time
          14000       28.00000

   Energies (kJ/mol)
           Bond          Angle    Proper Dih. Ryckaert-Bell.  Improper Dih.
    3.56711e+03    7.50162e+03    8.88107e+03    1.44149e+02    1.86111e+02
          LJ-14     Coulomb-14        LJ (SR)  Disper. corr.   Coulomb (SR)
    2.55273e+03   -3.82238e+04    1.05757e+06   -3.68774e+05   -6.87081e+06
   Coul. recip. Position Rest.      Potential    Kinetic En.   Total Energy
    3.19520e+04    9.04744e+02   -6.16455e+06    8.88076e+05   -5.27647e+06
  Conserved En.    Temperature Pres. DC (bar) Pressure (bar)   Constr. rmsd
   -6.05753e+06    3.00211e+02   -1.73106e+03   -1.39151e+03    3.31768e-06

           Step           Time
          14500       29.00000

   Energies (kJ/mol)
           Bond          Angle    Proper Dih. Ryckaert-Bell.  Improper Dih.
    3.62049e+03    7.26179e+03    9.01075e+03    1.66601e+02    2.35295e+02
          LJ-14     Coulomb-14        LJ (SR)  Disper. corr.   Coulomb (SR)
    2.51396e+03   -3.83809e+04    1.05807e+06   -3.68774e+05   -6.87020e+06
   Coul. recip. Position Rest.      Potential    Kinetic En.   Total Energy
    3.19174e+04    8.50124e+02   -6.16371e+06    8.85127e+05   -5.27858e+06
  Conserved En.    Temperature Pres. DC (bar) Pressure (bar)   Constr. rmsd
   -6.05744e+06    2.99214e+02   -1.73106e+03   -1.40519e+03    3.24104e-06

           Step           Time
          15000       30.00000

   Energies (kJ/mol)
           Bond          Angle    Proper Dih. Ryckaert-Bell.  Improper Dih.
    3.57393e+03    7.30647e+03    8.91385e+03    1.40528e+02    2.01335e+02
          LJ-14     Coulomb-14        LJ (SR)  Disper. corr.   Coulomb (SR)
    2.53066e+03   -3.83080e+04    1.05512e+06   -3.68774e+05   -6.86151e+06
   Coul. recip. Position Rest.      Potential    Kinetic En.   Total Energy
    3.20157e+04    7.95536e+02   -6.15799e+06    8.88573e+05   -5.26942e+06
  Conserved En.    Temperature Pres. DC (bar) Pressure (bar)   Constr. rmsd
   -6.05739e+06    3.00379e+02   -1.73106e+03   -1.41665e+03    3.49161e-06

           Step           Time
          15500       31.00000

   Energies (kJ/mol)
           Bond          Angle    Proper Dih. Ryckaert-Bell.  Improper Dih.
    3.61803e+03    7.45614e+03    8.87058e+03    1.44601e+02    1.86231e+02
          LJ-14     Coulomb-14        LJ (SR)  Disper. corr.   Coulomb (SR)
    2.51023e+03   -3.83527e+04    1.05702e+06   -3.68774e+05   -6.86896e+06
   Coul. recip. Position Rest.      Potential    Kinetic En.   Total Energy
    3.20088e+04    8.88257e+02   -6.16338e+06    8.87194e+05   -5.27619e+06
  Conserved En.    Temperature Pres. DC (bar) Pressure (bar)   Constr. rmsd
   -6.05733e+06    2.99913e+02   -1.73106e+03   -1.39448e+03    3.37393e-06

           Step           Time
          16000       32.00000

   Energies (kJ/mol)
           Bond          Angle    Proper Dih. Ryckaert-Bell.  Improper Dih.
    3.57977e+03    7.40566e+03    8.85119e+03    1.32195e+02    1.94275e+02
          LJ-14     Coulomb-14        LJ (SR)  Disper. corr.   Coulomb (SR)
    2.45798e+03   -3.82512e+04    1.05649e+06   -3.68774e+05   -6.86693e+06
   Coul. recip. Position Rest.      Potential    Kinetic En.   Total Energy
    3.21854e+04    7.88342e+02   -6.16187e+06    8.90239e+05   -5.27163e+06
  Conserved En.    Temperature Pres. DC (bar) Pressure (bar)   Constr. rmsd
   -6.05732e+06    3.00942e+02   -1.73106e+03   -1.38471e+03    3.40763e-06

Writing checkpoint, step 16200 at Mon Aug 21 16:21:00 2023


           Step           Time
          16500       33.00000

   Energies (kJ/mol)
           Bond          Angle    Proper Dih. Ryckaert-Bell.  Improper Dih.
    3.63013e+03    7.26311e+03    8.91630e+03    1.50988e+02    1.81718e+02
          LJ-14     Coulomb-14        LJ (SR)  Disper. corr.   Coulomb (SR)
    2.66603e+03   -3.81276e+04    1.05756e+06   -3.68774e+05   -6.87152e+06
   Coul. recip. Position Rest.      Potential    Kinetic En.   Total Energy
    3.17888e+04    8.55419e+02   -6.16541e+06    8.88128e+05   -5.27728e+06
  Conserved En.    Temperature Pres. DC (bar) Pressure (bar)   Constr. rmsd
   -6.05726e+06    3.00229e+02   -1.73106e+03   -1.43153e+03    3.63823e-06

           Step           Time
          17000       34.00000

   Energies (kJ/mol)
           Bond          Angle    Proper Dih. Ryckaert-Bell.  Improper Dih.
    3.57029e+03    7.48101e+03    8.93419e+03    1.51968e+02    2.16431e+02
          LJ-14     Coulomb-14        LJ (SR)  Disper. corr.   Coulomb (SR)
    2.53645e+03   -3.85905e+04    1.05811e+06   -3.68774e+05   -6.87162e+06
   Coul. recip. Position Rest.      Potential    Kinetic En.   Total Energy
    3.19043e+04    8.20529e+02   -6.16526e+06    8.84690e+05   -5.28057e+06
  Conserved En.    Temperature Pres. DC (bar) Pressure (bar)   Constr. rmsd
   -6.05716e+06    2.99066e+02   -1.73106e+03   -1.44798e+03    3.39059e-06

           Step           Time
          17500       35.00000

   Energies (kJ/mol)
           Bond          Angle    Proper Dih. Ryckaert-Bell.  Improper Dih.
    3.72205e+03    7.38635e+03    8.90577e+03    1.53781e+02    2.18847e+02
          LJ-14     Coulomb-14        LJ (SR)  Disper. corr.   Coulomb (SR)
    2.51991e+03   -3.85382e+04    1.05620e+06   -3.68774e+05   -6.87255e+06
   Coul. recip. Position Rest.      Potential    Kinetic En.   Total Energy
    3.20874e+04    8.95726e+02   -6.16777e+06    8.86396e+05   -5.28138e+06
  Conserved En.    Temperature Pres. DC (bar) Pressure (bar)   Constr. rmsd
   -6.05718e+06    2.99643e+02   -1.73106e+03   -1.52023e+03    3.35500e-06

           Step           Time
          18000       36.00000

   Energies (kJ/mol)
           Bond          Angle    Proper Dih. Ryckaert-Bell.  Improper Dih.
    3.45391e+03    7.40655e+03    8.87275e+03    1.46744e+02    1.97160e+02
          LJ-14     Coulomb-14        LJ (SR)  Disper. corr.   Coulomb (SR)
    2.55230e+03   -3.84515e+04    1.05738e+06   -3.68774e+05   -6.86716e+06
   Coul. recip. Position Rest.      Potential    Kinetic En.   Total Energy
    3.19670e+04    7.92350e+02   -6.16162e+06    8.84592e+05   -5.27703e+06
  Conserved En.    Temperature Pres. DC (bar) Pressure (bar)   Constr. rmsd
   -6.05708e+06    2.99033e+02   -1.73106e+03   -1.41798e+03    3.38495e-06

           Step           Time
          18500       37.00000

   Energies (kJ/mol)
           Bond          Angle    Proper Dih. Ryckaert-Bell.  Improper Dih.
    3.56875e+03    7.49341e+03    8.90406e+03    1.56906e+02    2.12738e+02
          LJ-14     Coulomb-14        LJ (SR)  Disper. corr.   Coulomb (SR)
    2.53545e+03   -3.85803e+04    1.05685e+06   -3.68774e+05   -6.86804e+06
   Coul. recip. Position Rest.      Potential    Kinetic En.   Total Energy
    3.21099e+04    8.19373e+02   -6.16274e+06    8.86336e+05   -5.27641e+06
  Conserved En.    Temperature Pres. DC (bar) Pressure (bar)   Constr. rmsd
   -6.05704e+06    2.99623e+02   -1.73106e+03   -1.46722e+03    3.26684e-06

           Step           Time
          19000       38.00000

   Energies (kJ/mol)
           Bond          Angle    Proper Dih. Ryckaert-Bell.  Improper Dih.
    3.62040e+03    7.38799e+03    8.89389e+03    1.57301e+02    1.99671e+02
          LJ-14     Coulomb-14        LJ (SR)  Disper. corr.   Coulomb (SR)
    2.46512e+03   -3.85260e+04    1.05331e+06   -3.68774e+05   -6.86227e+06
   Coul. recip. Position Rest.      Potential    Kinetic En.   Total Energy
    3.20370e+04    8.15842e+02   -6.16068e+06    8.86903e+05   -5.27378e+06
  Conserved En.    Temperature Pres. DC (bar) Pressure (bar)   Constr. rmsd
   -6.05696e+06    2.99814e+02   -1.73106e+03   -1.47196e+03    3.47525e-06

           Step           Time
          19500       39.00000

   Energies (kJ/mol)
           Bond          Angle    Proper Dih. Ryckaert-Bell.  Improper Dih.
    3.51392e+03    7.32707e+03    8.83583e+03    1.41661e+02    1.97943e+02
          LJ-14     Coulomb-14        LJ (SR)  Disper. corr.   Coulomb (SR)
    2.56775e+03   -3.83787e+04    1.05971e+06   -3.68774e+05   -6.87196e+06
   Coul. recip. Position Rest.      Potential    Kinetic En.   Total Energy
    3.20303e+04    8.09611e+02   -6.16397e+06    8.86416e+05   -5.27755e+06
  Conserved En.    Temperature Pres. DC (bar) Pressure (bar)   Constr. rmsd
   -6.05693e+06    2.99650e+02   -1.73106e+03   -1.45200e+03    3.63605e-06

           Step           Time
          20000       40.00000

   Energies (kJ/mol)
           Bond          Angle    Proper Dih. Ryckaert-Bell.  Improper Dih.
    3.55745e+03    7.38256e+03    8.83784e+03    1.46331e+02    1.90176e+02
          LJ-14     Coulomb-14        LJ (SR)  Disper. corr.   Coulomb (SR)
    2.52310e+03   -3.83342e+04    1.05710e+06   -3.68774e+05   -6.86878e+06
   Coul. recip. Position Rest.      Potential    Kinetic En.   Total Energy
    3.15979e+04    8.95196e+02   -6.16366e+06    8.86774e+05   -5.27689e+06
  Conserved En.    Temperature Pres. DC (bar) Pressure (bar)   Constr. rmsd
   -6.05688e+06    2.99771e+02   -1.73106e+03   -1.40225e+03    3.37185e-06

           Step           Time
          20500       41.00000

   Energies (kJ/mol)
           Bond          Angle    Proper Dih. Ryckaert-Bell.  Improper Dih.
    3.64520e+03    7.33728e+03    8.89935e+03    1.40030e+02    2.08288e+02
          LJ-14     Coulomb-14        LJ (SR)  Disper. corr.   Coulomb (SR)
    2.59108e+03   -3.81619e+04    1.05479e+06   -3.68774e+05   -6.86654e+06
   Coul. recip. Position Rest.      Potential    Kinetic En.   Total Energy
    3.17226e+04    8.52624e+02   -6.16329e+06    8.88156e+05   -5.27513e+06
  Conserved En.    Temperature Pres. DC (bar) Pressure (bar)   Constr. rmsd
   -6.05680e+06    3.00238e+02   -1.73106e+03   -1.48686e+03    3.26699e-06

           Step           Time
          21000       42.00000

   Energies (kJ/mol)
           Bond          Angle    Proper Dih. Ryckaert-Bell.  Improper Dih.
    3.54642e+03    7.19237e+03    8.92778e+03    1.47947e+02    1.98462e+02
          LJ-14     Coulomb-14        LJ (SR)  Disper. corr.   Coulomb (SR)
    2.51765e+03   -3.83517e+04    1.06019e+06   -3.68774e+05   -6.87594e+06
   Coul. recip. Position Rest.      Potential    Kinetic En.   Total Energy
    3.22514e+04    8.47093e+02   -6.16724e+06    8.89356e+05   -5.27789e+06
  Conserved En.    Temperature Pres. DC (bar) Pressure (bar)   Constr. rmsd
   -6.05673e+06    3.00644e+02   -1.73106e+03   -1.39314e+03    3.36629e-06

           Step           Time
          21500       43.00000

   Energies (kJ/mol)
           Bond          Angle    Proper Dih. Ryckaert-Bell.  Improper Dih.
    3.64408e+03    7.59672e+03    8.86258e+03    1.42463e+02    2.18212e+02
          LJ-14     Coulomb-14        LJ (SR)  Disper. corr.   Coulomb (SR)
    2.55818e+03   -3.84718e+04    1.06004e+06   -3.68774e+05   -6.87792e+06
   Coul. recip. Position Rest.      Potential    Kinetic En.   Total Energy
    3.18178e+04    8.26423e+02   -6.16946e+06    8.86663e+05   -5.28279e+06
  Conserved En.    Temperature Pres. DC (bar) Pressure (bar)   Constr. rmsd
   -6.05668e+06    2.99733e+02   -1.73106e+03   -1.39558e+03    3.29654e-06

           Step           Time
          22000       44.00000

   Energies (kJ/mol)
           Bond          Angle    Proper Dih. Ryckaert-Bell.  Improper Dih.
    3.62803e+03    7.54559e+03    8.81783e+03    1.50317e+02    2.06857e+02
          LJ-14     Coulomb-14        LJ (SR)  Disper. corr.   Coulomb (SR)
    2.48591e+03   -3.82286e+04    1.05701e+06   -3.68774e+05   -6.86897e+06
   Coul. recip. Position Rest.      Potential    Kinetic En.   Total Energy
    3.20151e+04    8.31077e+02   -6.16328e+06    8.89727e+05   -5.27355e+06
  Conserved En.    Temperature Pres. DC (bar) Pressure (bar)   Constr. rmsd
   -6.05665e+06    3.00769e+02   -1.73106e+03   -1.55044e+03    3.64625e-06

           Step           Time
          22500       45.00000

   Energies (kJ/mol)
           Bond          Angle    Proper Dih. Ryckaert-Bell.  Improper Dih.
    3.74402e+03    7.35096e+03    8.86745e+03    1.70905e+02    1.90154e+02
          LJ-14     Coulomb-14        LJ (SR)  Disper. corr.   Coulomb (SR)
    2.52498e+03   -3.83944e+04    1.05749e+06   -3.68774e+05   -6.87321e+06
   Coul. recip. Position Rest.      Potential    Kinetic En.   Total Energy
    3.20898e+04    8.30676e+02   -6.16713e+06    8.88753e+05   -5.27837e+06
  Conserved En.    Temperature Pres. DC (bar) Pressure (bar)   Constr. rmsd
   -6.05660e+06    3.00440e+02   -1.73106e+03   -1.51640e+03    3.19884e-06

           Step           Time
          23000       46.00000

   Energies (kJ/mol)
           Bond          Angle    Proper Dih. Ryckaert-Bell.  Improper Dih.
    3.53931e+03    7.33130e+03    8.72001e+03    1.51591e+02    1.95101e+02
          LJ-14     Coulomb-14        LJ (SR)  Disper. corr.   Coulomb (SR)
    2.47300e+03   -3.83028e+04    1.05764e+06   -3.68774e+05   -6.87076e+06
   Coul. recip. Position Rest.      Potential    Kinetic En.   Total Energy
    3.19904e+04    8.65837e+02   -6.16493e+06    8.82414e+05   -5.28251e+06
  Conserved En.    Temperature Pres. DC (bar) Pressure (bar)   Constr. rmsd
   -6.05649e+06    2.98297e+02   -1.73106e+03   -1.45683e+03    3.59068e-06

           Step           Time
          23500       47.00000

   Energies (kJ/mol)
           Bond          Angle    Proper Dih. Ryckaert-Bell.  Improper Dih.
    3.52045e+03    7.26990e+03    8.83742e+03    1.48407e+02    1.89352e+02
          LJ-14     Coulomb-14        LJ (SR)  Disper. corr.   Coulomb (SR)
    2.46972e+03   -3.82952e+04    1.05534e+06   -3.68774e+05   -6.87065e+06
   Coul. recip. Position Rest.      Potential    Kinetic En.   Total Energy
    3.17891e+04    8.73586e+02   -6.16728e+06    8.84690e+05   -5.28259e+06
  Conserved En.    Temperature Pres. DC (bar) Pressure (bar)   Constr. rmsd
   -6.05649e+06    2.99066e+02   -1.73106e+03   -1.51731e+03    3.43524e-06

           Step           Time
          24000       48.00000

   Energies (kJ/mol)
           Bond          Angle    Proper Dih. Ryckaert-Bell.  Improper Dih.
    3.52703e+03    7.48926e+03    9.03406e+03    1.43879e+02    1.99200e+02
          LJ-14     Coulomb-14        LJ (SR)  Disper. corr.   Coulomb (SR)
    2.55365e+03   -3.83240e+04    1.05823e+06   -3.68774e+05   -6.87265e+06
   Coul. recip. Position Rest.      Potential    Kinetic En.   Total Energy
    3.17712e+04    9.00851e+02   -6.16590e+06    8.88342e+05   -5.27755e+06
  Conserved En.    Temperature Pres. DC (bar) Pressure (bar)   Constr. rmsd
   -6.05645e+06    3.00301e+02   -1.73106e+03   -1.42852e+03    3.38295e-06

           Step           Time
          24500       49.00000

   Energies (kJ/mol)
           Bond          Angle    Proper Dih. Ryckaert-Bell.  Improper Dih.
    3.50471e+03    7.36310e+03    8.85955e+03    1.37445e+02    1.99509e+02
          LJ-14     Coulomb-14        LJ (SR)  Disper. corr.   Coulomb (SR)
    2.46407e+03   -3.82652e+04    1.05837e+06   -3.68774e+05   -6.86929e+06
   Coul. recip. Position Rest.      Potential    Kinetic En.   Total Energy
    3.21894e+04    8.63266e+02   -6.16238e+06    8.87379e+05   -5.27500e+06
  Conserved En.    Temperature Pres. DC (bar) Pressure (bar)   Constr. rmsd
   -6.05638e+06    2.99975e+02   -1.73106e+03   -1.32562e+03    3.32390e-06

           Step           Time
          25000       50.00000

   Energies (kJ/mol)
           Bond          Angle    Proper Dih. Ryckaert-Bell.  Improper Dih.
    3.44515e+03    7.30520e+03    8.93699e+03    1.40029e+02    2.02642e+02
          LJ-14     Coulomb-14        LJ (SR)  Disper. corr.   Coulomb (SR)
    2.59635e+03   -3.82611e+04    1.05528e+06   -3.68774e+05   -6.86769e+06
   Coul. recip. Position Rest.      Potential    Kinetic En.   Total Energy
    3.18913e+04    8.44462e+02   -6.16408e+06    8.87482e+05   -5.27660e+06
  Conserved En.    Temperature Pres. DC (bar) Pressure (bar)   Constr. rmsd
   -6.05634e+06    3.00010e+02   -1.73106e+03   -1.50093e+03    3.44869e-06

           Step           Time
          25500       51.00000

   Energies (kJ/mol)
           Bond          Angle    Proper Dih. Ryckaert-Bell.  Improper Dih.
    3.67867e+03    7.41318e+03    9.03099e+03    1.49796e+02    2.08121e+02
          LJ-14     Coulomb-14        LJ (SR)  Disper. corr.   Coulomb (SR)
    2.57934e+03   -3.85541e+04    1.05636e+06   -3.68774e+05   -6.86951e+06
   Coul. recip. Position Rest.      Potential    Kinetic En.   Total Energy
    3.20972e+04    8.98387e+02   -6.16442e+06    8.90346e+05   -5.27408e+06
  Conserved En.    Temperature Pres. DC (bar) Pressure (bar)   Constr. rmsd
   -6.05628e+06    3.00978e+02   -1.73106e+03   -1.36071e+03    3.40942e-06

           Step           Time
          26000       52.00000

   Energies (kJ/mol)
           Bond          Angle    Proper Dih. Ryckaert-Bell.  Improper Dih.
    3.66346e+03    7.35224e+03    8.96316e+03    1.43769e+02    2.12384e+02
          LJ-14     Coulomb-14        LJ (SR)  Disper. corr.   Coulomb (SR)
    2.52498e+03   -3.85565e+04    1.05509e+06   -3.68774e+05   -6.86946e+06
   Coul. recip. Position Rest.      Potential    Kinetic En.   Total Energy
    3.19848e+04    8.27105e+02   -6.16603e+06    8.85156e+05   -5.28088e+06
  Conserved En.    Temperature Pres. DC (bar) Pressure (bar)   Constr. rmsd
   -6.05618e+06    2.99224e+02   -1.73106e+03   -1.41147e+03    3.41339e-06

           Step           Time
          26500       53.00000

   Energies (kJ/mol)
           Bond          Angle    Proper Dih. Ryckaert-Bell.  Improper Dih.
    3.63266e+03    7.44977e+03    8.87227e+03    1.50956e+02    2.16329e+02
          LJ-14     Coulomb-14        LJ (SR)  Disper. corr.   Coulomb (SR)
    2.50582e+03   -3.86669e+04    1.05828e+06   -3.68774e+05   -6.87288e+06
   Coul. recip. Position Rest.      Potential    Kinetic En.   Total Energy
    3.21000e+04    8.22437e+02   -6.16628e+06    8.84596e+05   -5.28169e+06
  Conserved En.    Temperature Pres. DC (bar) Pressure (bar)   Constr. rmsd
   -6.05613e+06    2.99035e+02   -1.73106e+03   -1.46963e+03    3.32936e-06

           Step           Time
          27000       54.00000

   Energies (kJ/mol)
           Bond          Angle    Proper Dih. Ryckaert-Bell.  Improper Dih.
    3.49294e+03    7.33934e+03    8.80385e+03    1.30977e+02    1.87641e+02
          LJ-14     Coulomb-14        LJ (SR)  Disper. corr.   Coulomb (SR)
    2.51931e+03   -3.84302e+04    1.05805e+06   -3.68774e+05   -6.87514e+06
   Coul. recip. Position Rest.      Potential    Kinetic En.   Total Energy
    3.17785e+04    8.88933e+02   -6.16915e+06    8.87011e+05   -5.28214e+06
  Conserved En.    Temperature Pres. DC (bar) Pressure (bar)   Constr. rmsd
   -6.05608e+06    2.99851e+02   -1.73106e+03   -1.39207e+03    3.57139e-06

           Step           Time
          27500       55.00000

   Energies (kJ/mol)
           Bond          Angle    Proper Dih. Ryckaert-Bell.  Improper Dih.
    3.58420e+03    7.36756e+03    8.88778e+03    1.37379e+02    2.10884e+02
          LJ-14     Coulomb-14        LJ (SR)  Disper. corr.   Coulomb (SR)
    2.46706e+03   -3.82996e+04    1.05909e+06   -3.68774e+05   -6.87899e+06
   Coul. recip. Position Rest.      Potential    Kinetic En.   Total Energy
    3.16081e+04    8.61398e+02   -6.17185e+06    8.88730e+05   -5.28312e+06
  Conserved En.    Temperature Pres. DC (bar) Pressure (bar)   Constr. rmsd
   -6.05606e+06    3.00432e+02   -1.73106e+03   -1.49592e+03    3.41851e-06

           Step           Time
          28000       56.00000

   Energies (kJ/mol)
           Bond          Angle    Proper Dih. Ryckaert-Bell.  Improper Dih.
    3.74023e+03    7.28449e+03    9.02762e+03    1.42181e+02    1.95914e+02
          LJ-14     Coulomb-14        LJ (SR)  Disper. corr.   Coulomb (SR)
    2.49432e+03   -3.85160e+04    1.05302e+06   -3.68774e+05   -6.86676e+06
   Coul. recip. Position Rest.      Potential    Kinetic En.   Total Energy
    3.16882e+04    7.35283e+02   -6.16572e+06    8.84982e+05   -5.28074e+06
  Conserved En.    Temperature Pres. DC (bar) Pressure (bar)   Constr. rmsd
   -6.05601e+06    2.99165e+02   -1.73106e+03   -1.45159e+03    3.40600e-06

           Step           Time
          28500       57.00000

   Energies (kJ/mol)
           Bond          Angle    Proper Dih. Ryckaert-Bell.  Improper Dih.
    3.52589e+03    7.47289e+03    8.79798e+03    1.25293e+02    1.99716e+02
          LJ-14     Coulomb-14        LJ (SR)  Disper. corr.   Coulomb (SR)
    2.50905e+03   -3.84971e+04    1.05853e+06   -3.68774e+05   -6.87026e+06
   Coul. recip. Position Rest.      Potential    Kinetic En.   Total Energy
    3.21185e+04    8.55600e+02   -6.16339e+06    8.88502e+05   -5.27489e+06
  Conserved En.    Temperature Pres. DC (bar) Pressure (bar)   Constr. rmsd
   -6.05596e+06    3.00355e+02   -1.73106e+03   -1.29576e+03    3.33494e-06

           Step           Time
          29000       58.00000

   Energies (kJ/mol)
           Bond          Angle    Proper Dih. Ryckaert-Bell.  Improper Dih.
    3.53710e+03    7.22196e+03    8.96063e+03    1.50954e+02    1.86805e+02
          LJ-14     Coulomb-14        LJ (SR)  Disper. corr.   Coulomb (SR)
    2.49317e+03   -3.85214e+04    1.05361e+06   -3.68774e+05   -6.86475e+06
   Coul. recip. Position Rest.      Potential    Kinetic En.   Total Energy
    3.20211e+04    8.81791e+02   -6.16298e+06    8.89320e+05   -5.27366e+06
  Conserved En.    Temperature Pres. DC (bar) Pressure (bar)   Constr. rmsd
   -6.05592e+06    3.00631e+02   -1.73106e+03   -1.48368e+03    3.50137e-06

           Step           Time
          29500       59.00000

   Energies (kJ/mol)
           Bond          Angle    Proper Dih. Ryckaert-Bell.  Improper Dih.
    3.62090e+03    7.10927e+03    8.87793e+03    1.35261e+02    1.99021e+02
          LJ-14     Coulomb-14        LJ (SR)  Disper. corr.   Coulomb (SR)
    2.59284e+03   -3.85059e+04    1.05508e+06   -3.68774e+05   -6.86743e+06
   Coul. recip. Position Rest.      Potential    Kinetic En.   Total Energy
    3.17114e+04    8.86215e+02   -6.16450e+06    8.87670e+05   -5.27682e+06
  Conserved En.    Temperature Pres. DC (bar) Pressure (bar)   Constr. rmsd
   -6.05587e+06    3.00074e+02   -1.73106e+03   -1.43878e+03    3.61036e-06

           Step           Time
          30000       60.00000

   Energies (kJ/mol)
           Bond          Angle    Proper Dih. Ryckaert-Bell.  Improper Dih.
    3.49835e+03    7.38432e+03    8.87934e+03    1.41874e+02    1.94340e+02
          LJ-14     Coulomb-14        LJ (SR)  Disper. corr.   Coulomb (SR)
    2.46174e+03   -3.83615e+04    1.05618e+06   -3.68774e+05   -6.87194e+06
   Coul. recip. Position Rest.      Potential    Kinetic En.   Total Energy
    3.19953e+04    8.55100e+02   -6.16748e+06    8.88614e+05   -5.27886e+06
  Conserved En.    Temperature Pres. DC (bar) Pressure (bar)   Constr. rmsd
   -6.05579e+06    3.00393e+02   -1.73106e+03   -1.44197e+03    3.42518e-06

           Step           Time
          30500       61.00000

   Energies (kJ/mol)
           Bond          Angle    Proper Dih. Ryckaert-Bell.  Improper Dih.
    3.66902e+03    7.76466e+03    8.88005e+03    1.48995e+02    1.91792e+02
          LJ-14     Coulomb-14        LJ (SR)  Disper. corr.   Coulomb (SR)
    2.50400e+03   -3.84938e+04    1.05434e+06   -3.68774e+05   -6.86591e+06
   Coul. recip. Position Rest.      Potential    Kinetic En.   Total Energy
    3.20239e+04    8.15813e+02   -6.16285e+06    8.90883e+05   -5.27196e+06
  Conserved En.    Temperature Pres. DC (bar) Pressure (bar)   Constr. rmsd
   -6.05573e+06    3.01160e+02   -1.73106e+03   -1.49192e+03    3.50377e-06

           Step           Time
          31000       62.00000

   Energies (kJ/mol)
           Bond          Angle    Proper Dih. Ryckaert-Bell.  Improper Dih.
    3.71066e+03    7.32295e+03    8.90573e+03    1.31758e+02    2.17325e+02
          LJ-14     Coulomb-14        LJ (SR)  Disper. corr.   Coulomb (SR)
    2.54506e+03   -3.85294e+04    1.05814e+06   -3.68774e+05   -6.87178e+06
   Coul. recip. Position Rest.      Potential    Kinetic En.   Total Energy
    3.19652e+04    8.49154e+02   -6.16530e+06    8.88661e+05   -5.27663e+06
  Conserved En.    Temperature Pres. DC (bar) Pressure (bar)   Constr. rmsd
   -6.05567e+06    3.00409e+02   -1.73106e+03   -1.46885e+03    3.40103e-06

           Step           Time
          31500       63.00000

   Energies (kJ/mol)
           Bond          Angle    Proper Dih. Ryckaert-Bell.  Improper Dih.
    3.76998e+03    7.42128e+03    8.74010e+03    1.49404e+02    2.12856e+02
          LJ-14     Coulomb-14        LJ (SR)  Disper. corr.   Coulomb (SR)
    2.51781e+03   -3.84676e+04    1.05634e+06   -3.68774e+05   -6.87146e+06
   Coul. recip. Position Rest.      Potential    Kinetic En.   Total Energy
    3.16188e+04    8.50019e+02   -6.16709e+06    8.87552e+05   -5.27953e+06
  Conserved En.    Temperature Pres. DC (bar) Pressure (bar)   Constr. rmsd
   -6.05558e+06    3.00034e+02   -1.73106e+03   -1.57063e+03    3.27346e-06

           Step           Time
          32000       64.00000

   Energies (kJ/mol)
           Bond          Angle    Proper Dih. Ryckaert-Bell.  Improper Dih.
    3.49709e+03    7.14601e+03    8.87701e+03    1.40885e+02    2.12797e+02
          LJ-14     Coulomb-14        LJ (SR)  Disper. corr.   Coulomb (SR)
    2.54022e+03   -3.82369e+04    1.05351e+06   -3.68774e+05   -6.86568e+06
   Coul. recip. Position Rest.      Potential    Kinetic En.   Total Energy
    3.21250e+04    8.21402e+02   -6.16383e+06    8.88575e+05   -5.27525e+06
  Conserved En.    Temperature Pres. DC (bar) Pressure (bar)   Constr. rmsd
   -6.05558e+06    3.00380e+02   -1.73106e+03   -1.51865e+03    3.32728e-06

Writing checkpoint, step 32320 at Mon Aug 21 16:35:59 2023


           Step           Time
          32500       65.00000

   Energies (kJ/mol)
           Bond          Angle    Proper Dih. Ryckaert-Bell.  Improper Dih.
    3.71608e+03    7.40530e+03    8.91320e+03    1.36583e+02    2.19768e+02
          LJ-14     Coulomb-14        LJ (SR)  Disper. corr.   Coulomb (SR)
    2.54296e+03   -3.86742e+04    1.05191e+06   -3.68774e+05   -6.86309e+06
   Coul. recip. Position Rest.      Potential    Kinetic En.   Total Energy
    3.18435e+04    8.11583e+02   -6.16304e+06    8.88769e+05   -5.27427e+06
  Conserved En.    Temperature Pres. DC (bar) Pressure (bar)   Constr. rmsd
   -6.05548e+06    3.00445e+02   -1.73106e+03   -1.52918e+03    3.45797e-06

           Step           Time
          33000       66.00000

   Energies (kJ/mol)
           Bond          Angle    Proper Dih. Ryckaert-Bell.  Improper Dih.
    3.71775e+03    7.23580e+03    8.93081e+03    1.33236e+02    2.05339e+02
          LJ-14     Coulomb-14        LJ (SR)  Disper. corr.   Coulomb (SR)
    2.47803e+03   -3.86568e+04    1.05621e+06   -3.68774e+05   -6.86979e+06
   Coul. recip. Position Rest.      Potential    Kinetic En.   Total Energy
    3.18431e+04    7.89267e+02   -6.16568e+06    8.86346e+05   -5.27933e+06
  Conserved En.    Temperature Pres. DC (bar) Pressure (bar)   Constr. rmsd
   -6.05545e+06    2.99626e+02   -1.73106e+03   -1.50466e+03    3.33401e-06

           Step           Time
          33500       67.00000

   Energies (kJ/mol)
           Bond          Angle    Proper Dih. Ryckaert-Bell.  Improper Dih.
    3.64075e+03    7.65794e+03    8.96046e+03    1.48072e+02    2.20382e+02
          LJ-14     Coulomb-14        LJ (SR)  Disper. corr.   Coulomb (SR)
    2.52843e+03   -3.86397e+04    1.05466e+06   -3.68774e+05   -6.86753e+06
   Coul. recip. Position Rest.      Potential    Kinetic En.   Total Energy
    3.19664e+04    9.19822e+02   -6.16424e+06    8.88614e+05   -5.27563e+06
  Conserved En.    Temperature Pres. DC (bar) Pressure (bar)   Constr. rmsd
   -6.05538e+06    3.00393e+02   -1.73106e+03   -1.40357e+03    3.23421e-06

           Step           Time
          34000       68.00000

   Energies (kJ/mol)
           Bond          Angle    Proper Dih. Ryckaert-Bell.  Improper Dih.
    3.54644e+03    7.48156e+03    8.87490e+03    1.39640e+02    1.97086e+02
          LJ-14     Coulomb-14        LJ (SR)  Disper. corr.   Coulomb (SR)
    2.52797e+03   -3.84394e+04    1.05912e+06   -3.68774e+05   -6.87296e+06
   Coul. recip. Position Rest.      Potential    Kinetic En.   Total Energy
    3.21193e+04    8.11828e+02   -6.16535e+06    8.86891e+05   -5.27846e+06
  Conserved En.    Temperature Pres. DC (bar) Pressure (bar)   Constr. rmsd
   -6.05530e+06    2.99810e+02   -1.73106e+03   -1.43514e+03    3.30272e-06

           Step           Time
          34500       69.00000

   Energies (kJ/mol)
           Bond          Angle    Proper Dih. Ryckaert-Bell.  Improper Dih.
    3.56727e+03    7.48493e+03    8.91762e+03    1.51266e+02    2.11460e+02
          LJ-14     Coulomb-14        LJ (SR)  Disper. corr.   Coulomb (SR)
    2.41084e+03   -3.83952e+04    1.05509e+06   -3.68774e+05   -6.86752e+06
   Coul. recip. Position Rest.      Potential    Kinetic En.   Total Energy
    3.17013e+04    8.86872e+02   -6.16427e+06    8.89643e+05   -5.27462e+06
  Conserved En.    Temperature Pres. DC (bar) Pressure (bar)   Constr. rmsd
   -6.05525e+06    3.00741e+02   -1.73106e+03   -1.38719e+03    3.51768e-06

           Step           Time
          35000       70.00000

   Energies (kJ/mol)
           Bond          Angle    Proper Dih. Ryckaert-Bell.  Improper Dih.
    3.44340e+03    7.54348e+03    8.76763e+03    1.54680e+02    2.01046e+02
          LJ-14     Coulomb-14        LJ (SR)  Disper. corr.   Coulomb (SR)
    2.53829e+03   -3.81288e+04    1.05653e+06   -3.68774e+05   -6.86744e+06
   Coul. recip. Position Rest.      Potential    Kinetic En.   Total Energy
    3.17679e+04    8.02675e+02   -6.16259e+06    8.86906e+05   -5.27569e+06
  Conserved En.    Temperature Pres. DC (bar) Pressure (bar)   Constr. rmsd
   -6.05523e+06    2.99815e+02   -1.73106e+03   -1.44460e+03    3.39211e-06

           Step           Time
          35500       71.00000

   Energies (kJ/mol)
           Bond          Angle    Proper Dih. Ryckaert-Bell.  Improper Dih.
    3.47655e+03    7.33541e+03    9.00660e+03    1.50627e+02    2.08159e+02
          LJ-14     Coulomb-14        LJ (SR)  Disper. corr.   Coulomb (SR)
    2.58007e+03   -3.83598e+04    1.04963e+06   -3.68774e+05   -6.86298e+06
   Coul. recip. Position Rest.      Potential    Kinetic En.   Total Energy
    3.19505e+04    8.64349e+02   -6.16491e+06    8.88955e+05   -5.27595e+06
  Conserved En.    Temperature Pres. DC (bar) Pressure (bar)   Constr. rmsd
   -6.05520e+06    3.00508e+02   -1.73106e+03   -1.61621e+03    3.35603e-06

           Step           Time
          36000       72.00000

   Energies (kJ/mol)
           Bond          Angle    Proper Dih. Ryckaert-Bell.  Improper Dih.
    3.77151e+03    7.43679e+03    8.86264e+03    1.44020e+02    1.91974e+02
          LJ-14     Coulomb-14        LJ (SR)  Disper. corr.   Coulomb (SR)
    2.41814e+03   -3.85969e+04    1.05478e+06   -3.68774e+05   -6.86656e+06
   Coul. recip. Position Rest.      Potential    Kinetic En.   Total Energy
    3.20325e+04    8.65841e+02   -6.16343e+06    8.86212e+05   -5.27721e+06
  Conserved En.    Temperature Pres. DC (bar) Pressure (bar)   Constr. rmsd
   -6.05511e+06    2.99581e+02   -1.73106e+03   -1.53156e+03    3.84096e-06

           Step           Time
          36500       73.00000

   Energies (kJ/mol)
           Bond          Angle    Proper Dih. Ryckaert-Bell.  Improper Dih.
    3.52997e+03    7.83472e+03    8.76805e+03    1.47569e+02    2.07265e+02
          LJ-14     Coulomb-14        LJ (SR)  Disper. corr.   Coulomb (SR)
    2.40701e+03   -3.86433e+04    1.05223e+06   -3.68774e+05   -6.86059e+06
   Coul. recip. Position Rest.      Potential    Kinetic En.   Total Energy
    3.18636e+04    8.73971e+02   -6.16014e+06    8.89318e+05   -5.27083e+06
  Conserved En.    Temperature Pres. DC (bar) Pressure (bar)   Constr. rmsd
   -6.05503e+06    3.00631e+02   -1.73106e+03   -1.56643e+03    3.66915e-06

           Step           Time
          37000       74.00000

   Energies (kJ/mol)
           Bond          Angle    Proper Dih. Ryckaert-Bell.  Improper Dih.
    3.63165e+03    7.35186e+03    8.97559e+03    1.36146e+02    2.28602e+02
          LJ-14     Coulomb-14        LJ (SR)  Disper. corr.   Coulomb (SR)
    2.45707e+03   -3.85545e+04    1.05004e+06   -3.68774e+05   -6.86237e+06
   Coul. recip. Position Rest.      Potential    Kinetic En.   Total Energy
    3.20341e+04    8.42350e+02   -6.16400e+06    8.87247e+05   -5.27675e+06
  Conserved En.    Temperature Pres. DC (bar) Pressure (bar)   Constr. rmsd
   -6.05498e+06    2.99931e+02   -1.73106e+03   -1.56713e+03    3.37074e-06

           Step           Time
          37500       75.00000

   Energies (kJ/mol)
           Bond          Angle    Proper Dih. Ryckaert-Bell.  Improper Dih.
    3.65352e+03    7.47218e+03    8.98756e+03    1.52726e+02    2.12995e+02
          LJ-14     Coulomb-14        LJ (SR)  Disper. corr.   Coulomb (SR)
    2.50089e+03   -3.86846e+04    1.05208e+06   -3.68774e+05   -6.86523e+06
   Coul. recip. Position Rest.      Potential    Kinetic En.   Total Energy
    3.17764e+04    8.51848e+02   -6.16500e+06    8.87165e+05   -5.27784e+06
  Conserved En.    Temperature Pres. DC (bar) Pressure (bar)   Constr. rmsd
   -6.05496e+06    2.99903e+02   -1.73106e+03   -1.53515e+03    3.55698e-06

           Step           Time
          38000       76.00000

   Energies (kJ/mol)
           Bond          Angle    Proper Dih. Ryckaert-Bell.  Improper Dih.
    3.56193e+03    7.22779e+03    8.81743e+03    1.59892e+02    1.90995e+02
          LJ-14     Coulomb-14        LJ (SR)  Disper. corr.   Coulomb (SR)
    2.50170e+03   -3.83776e+04    1.05431e+06   -3.68774e+05   -6.86766e+06
   Coul. recip. Position Rest.      Potential    Kinetic En.   Total Energy
    3.19245e+04    8.85169e+02   -6.16524e+06    8.86002e+05   -5.27924e+06
  Conserved En.    Temperature Pres. DC (bar) Pressure (bar)   Constr. rmsd
   -6.05488e+06    2.99510e+02   -1.73106e+03   -1.39967e+03    3.37136e-06

           Step           Time
          38500       77.00000

   Energies (kJ/mol)
           Bond          Angle    Proper Dih. Ryckaert-Bell.  Improper Dih.
    3.55802e+03    7.58842e+03    8.90587e+03    1.54513e+02    1.73452e+02
          LJ-14     Coulomb-14        LJ (SR)  Disper. corr.   Coulomb (SR)
    2.45165e+03   -3.81779e+04    1.05556e+06   -3.68774e+05   -6.86882e+06
   Coul. recip. Position Rest.      Potential    Kinetic En.   Total Energy
    3.18608e+04    8.49140e+02   -6.16467e+06    8.89252e+05   -5.27542e+06
  Conserved En.    Temperature Pres. DC (bar) Pressure (bar)   Constr. rmsd
   -6.05480e+06    3.00609e+02   -1.73106e+03   -1.51969e+03    3.60568e-06

           Step           Time
          39000       78.00000

   Energies (kJ/mol)
           Bond          Angle    Proper Dih. Ryckaert-Bell.  Improper Dih.
    3.48531e+03    7.42346e+03    8.88025e+03    1.25875e+02    1.91334e+02
          LJ-14     Coulomb-14        LJ (SR)  Disper. corr.   Coulomb (SR)
    2.64262e+03   -3.81659e+04    1.06055e+06   -3.68774e+05   -6.87334e+06
   Coul. recip. Position Rest.      Potential    Kinetic En.   Total Energy
    3.19154e+04    8.53650e+02   -6.16421e+06    8.86829e+05   -5.27738e+06
  Conserved En.    Temperature Pres. DC (bar) Pressure (bar)   Constr. rmsd
   -6.05476e+06    2.99789e+02   -1.73106e+03   -1.28931e+03    3.28472e-06

           Step           Time
          39500       79.00000

   Energies (kJ/mol)
           Bond          Angle    Proper Dih. Ryckaert-Bell.  Improper Dih.
    3.63738e+03    7.69966e+03    8.84466e+03    1.56738e+02    1.89832e+02
          LJ-14     Coulomb-14        LJ (SR)  Disper. corr.   Coulomb (SR)
    2.55687e+03   -3.84331e+04    1.05622e+06   -3.68774e+05   -6.87055e+06
   Coul. recip. Position Rest.      Potential    Kinetic En.   Total Energy
    3.20557e+04    9.03504e+02   -6.16550e+06    8.85668e+05   -5.27983e+06
  Conserved En.    Temperature Pres. DC (bar) Pressure (bar)   Constr. rmsd
   -6.05467e+06    2.99397e+02   -1.73106e+03   -1.45308e+03    3.52183e-06

           Step           Time
          40000       80.00000

   Energies (kJ/mol)
           Bond          Angle    Proper Dih. Ryckaert-Bell.  Improper Dih.
    3.52665e+03    7.43836e+03    8.92607e+03    1.29320e+02    2.02711e+02
          LJ-14     Coulomb-14        LJ (SR)  Disper. corr.   Coulomb (SR)
    2.55051e+03   -3.81203e+04    1.05542e+06   -3.68774e+05   -6.86848e+06
   Coul. recip. Position Rest.      Potential    Kinetic En.   Total Energy
    3.18640e+04    8.45893e+02   -6.16447e+06    8.85653e+05   -5.27881e+06
  Conserved En.    Temperature Pres. DC (bar) Pressure (bar)   Constr. rmsd
   -6.05464e+06    2.99392e+02   -1.73106e+03   -1.52430e+03    3.53530e-06

           Step           Time
          40500       81.00000

   Energies (kJ/mol)
           Bond          Angle    Proper Dih. Ryckaert-Bell.  Improper Dih.
    3.61133e+03    7.58068e+03    8.89479e+03    1.54671e+02    2.03699e+02
          LJ-14     Coulomb-14        LJ (SR)  Disper. corr.   Coulomb (SR)
    2.52377e+03   -3.85083e+04    1.05619e+06   -3.68774e+05   -6.87236e+06
   Coul. recip. Position Rest.      Potential    Kinetic En.   Total Energy
    3.21042e+04    8.41630e+02   -6.16754e+06    8.86135e+05   -5.28140e+06
  Conserved En.    Temperature Pres. DC (bar) Pressure (bar)   Constr. rmsd
   -6.05461e+06    2.99555e+02   -1.73106e+03   -1.46986e+03    3.41731e-06

           Step           Time
          41000       82.00000

   Energies (kJ/mol)
           Bond          Angle    Proper Dih. Ryckaert-Bell.  Improper Dih.
    3.52024e+03    7.46700e+03    8.90263e+03    1.53293e+02    2.01477e+02
          LJ-14     Coulomb-14        LJ (SR)  Disper. corr.   Coulomb (SR)
    2.50507e+03   -3.84049e+04    1.05366e+06   -3.68774e+05   -6.87059e+06
   Coul. recip. Position Rest.      Potential    Kinetic En.   Total Energy
    3.19796e+04    8.54504e+02   -6.16853e+06    8.89209e+05   -5.27932e+06
  Conserved En.    Temperature Pres. DC (bar) Pressure (bar)   Constr. rmsd
   -6.05454e+06    3.00594e+02   -1.73106e+03   -1.52281e+03    3.45256e-06

           Step           Time
          41500       83.00000

   Energies (kJ/mol)
           Bond          Angle    Proper Dih. Ryckaert-Bell.  Improper Dih.
    3.58542e+03    7.44579e+03    8.82257e+03    1.43413e+02    1.97862e+02
          LJ-14     Coulomb-14        LJ (SR)  Disper. corr.   Coulomb (SR)
    2.58510e+03   -3.84749e+04    1.06320e+06   -3.68774e+05   -6.88001e+06
   Coul. recip. Position Rest.      Potential    Kinetic En.   Total Energy
    3.18023e+04    8.21924e+02   -6.16865e+06    8.87807e+05   -5.28085e+06
  Conserved En.    Temperature Pres. DC (bar) Pressure (bar)   Constr. rmsd
   -6.05443e+06    3.00120e+02   -1.73106e+03   -1.33711e+03    3.58614e-06

           Step           Time
          42000       84.00000

   Energies (kJ/mol)
           Bond          Angle    Proper Dih. Ryckaert-Bell.  Improper Dih.
    3.45902e+03    7.59883e+03    8.81229e+03    1.67268e+02    1.73974e+02
          LJ-14     Coulomb-14        LJ (SR)  Disper. corr.   Coulomb (SR)
    2.52232e+03   -3.84596e+04    1.05686e+06   -3.68774e+05   -6.86948e+06
   Coul. recip. Position Rest.      Potential    Kinetic En.   Total Energy
    3.19015e+04    8.15143e+02   -6.16441e+06    8.86467e+05   -5.27794e+06
  Conserved En.    Temperature Pres. DC (bar) Pressure (bar)   Constr. rmsd
   -6.05439e+06    2.99667e+02   -1.73106e+03   -1.42865e+03    3.47283e-06

           Step           Time
          42500       85.00000

   Energies (kJ/mol)
           Bond          Angle    Proper Dih. Ryckaert-Bell.  Improper Dih.
    3.54179e+03    7.68428e+03    8.89982e+03    1.56179e+02    2.14053e+02
          LJ-14     Coulomb-14        LJ (SR)  Disper. corr.   Coulomb (SR)
    2.46297e+03   -3.85298e+04    1.05840e+06   -3.68774e+05   -6.87601e+06
   Coul. recip. Position Rest.      Potential    Kinetic En.   Total Energy
    3.16304e+04    8.09824e+02   -6.16952e+06    8.89492e+05   -5.28002e+06
  Conserved En.    Temperature Pres. DC (bar) Pressure (bar)   Constr. rmsd
   -6.05435e+06    3.00690e+02   -1.73106e+03   -1.42095e+03    3.35016e-06

           Step           Time
          43000       86.00000

   Energies (kJ/mol)
           Bond          Angle    Proper Dih. Ryckaert-Bell.  Improper Dih.
    3.72078e+03    7.41059e+03    8.91414e+03    1.44830e+02    1.84615e+02
          LJ-14     Coulomb-14        LJ (SR)  Disper. corr.   Coulomb (SR)
    2.49573e+03   -3.85924e+04    1.05479e+06   -3.68774e+05   -6.86514e+06
   Coul. recip. Position Rest.      Potential    Kinetic En.   Total Energy
    3.18514e+04    8.60521e+02   -6.16213e+06    8.87908e+05   -5.27422e+06
  Conserved En.    Temperature Pres. DC (bar) Pressure (bar)   Constr. rmsd
   -6.05430e+06    3.00154e+02   -1.73106e+03   -1.53100e+03    3.42712e-06

           Step           Time
          43500       87.00000

   Energies (kJ/mol)
           Bond          Angle    Proper Dih. Ryckaert-Bell.  Improper Dih.
    3.67594e+03    7.31353e+03    8.84092e+03    1.77125e+02    1.96205e+02
          LJ-14     Coulomb-14        LJ (SR)  Disper. corr.   Coulomb (SR)
    2.48355e+03   -3.86467e+04    1.05613e+06   -3.68774e+05   -6.86857e+06
   Coul. recip. Position Rest.      Potential    Kinetic En.   Total Energy
    3.18078e+04    7.87982e+02   -6.16458e+06    8.88717e+05   -5.27586e+06
  Conserved En.    Temperature Pres. DC (bar) Pressure (bar)   Constr. rmsd
   -6.05430e+06    3.00427e+02   -1.73106e+03   -1.44252e+03    3.23549e-06

           Step           Time
          44000       88.00000

   Energies (kJ/mol)
           Bond          Angle    Proper Dih. Ryckaert-Bell.  Improper Dih.
    3.79281e+03    7.19536e+03    8.91824e+03    1.63140e+02    1.77535e+02
          LJ-14     Coulomb-14        LJ (SR)  Disper. corr.   Coulomb (SR)
    2.46670e+03   -3.85753e+04    1.05649e+06   -3.68774e+05   -6.87059e+06
   Coul. recip. Position Rest.      Potential    Kinetic En.   Total Energy
    3.19272e+04    8.01973e+02   -6.16600e+06    8.87439e+05   -5.27856e+06
  Conserved En.    Temperature Pres. DC (bar) Pressure (bar)   Constr. rmsd
   -6.05426e+06    2.99995e+02   -1.73106e+03   -1.48955e+03    3.48790e-06

           Step           Time
          44500       89.00000

   Energies (kJ/mol)
           Bond          Angle    Proper Dih. Ryckaert-Bell.  Improper Dih.
    3.63268e+03    7.31100e+03    8.80903e+03    1.44003e+02    2.00479e+02
          LJ-14     Coulomb-14        LJ (SR)  Disper. corr.   Coulomb (SR)
    2.56028e+03   -3.82844e+04    1.05623e+06   -3.68774e+05   -6.87256e+06
   Coul. recip. Position Rest.      Potential    Kinetic En.   Total Energy
    3.16541e+04    8.32839e+02   -6.16824e+06    8.88168e+05   -5.28007e+06
  Conserved En.    Temperature Pres. DC (bar) Pressure (bar)   Constr. rmsd
   -6.05414e+06    3.00242e+02   -1.73106e+03   -1.48153e+03    3.28729e-06

           Step           Time
          45000       90.00000

   Energies (kJ/mol)
           Bond          Angle    Proper Dih. Ryckaert-Bell.  Improper Dih.
    3.66944e+03    7.40170e+03    9.01992e+03    1.53979e+02    2.19111e+02
          LJ-14     Coulomb-14        LJ (SR)  Disper. corr.   Coulomb (SR)
    2.44517e+03   -3.84637e+04    1.05578e+06   -3.68774e+05   -6.87161e+06
   Coul. recip. Position Rest.      Potential    Kinetic En.   Total Energy
    3.19419e+04    8.80230e+02   -6.16734e+06    8.86884e+05   -5.28046e+06
  Conserved En.    Temperature Pres. DC (bar) Pressure (bar)   Constr. rmsd
   -6.05412e+06    2.99808e+02   -1.73106e+03   -1.44317e+03    3.41807e-06

           Step           Time
          45500       91.00000

   Energies (kJ/mol)
           Bond          Angle    Proper Dih. Ryckaert-Bell.  Improper Dih.
    3.63676e+03    7.49167e+03    8.94978e+03    1.42300e+02    1.99402e+02
          LJ-14     Coulomb-14        LJ (SR)  Disper. corr.   Coulomb (SR)
    2.49862e+03   -3.84444e+04    1.05646e+06   -3.68774e+05   -6.86862e+06
   Coul. recip. Position Rest.      Potential    Kinetic En.   Total Energy
    3.19584e+04    7.84399e+02   -6.16372e+06    8.86901e+05   -5.27682e+06
  Conserved En.    Temperature Pres. DC (bar) Pressure (bar)   Constr. rmsd
   -6.05403e+06    2.99814e+02   -1.73106e+03   -1.51733e+03    3.40745e-06

           Step           Time
          46000       92.00000

   Energies (kJ/mol)
           Bond          Angle    Proper Dih. Ryckaert-Bell.  Improper Dih.
    3.79257e+03    7.58988e+03    8.90666e+03    1.59531e+02    2.11483e+02
          LJ-14     Coulomb-14        LJ (SR)  Disper. corr.   Coulomb (SR)
    2.44671e+03   -3.84834e+04    1.05428e+06   -3.68774e+05   -6.86410e+06
   Coul. recip. Position Rest.      Potential    Kinetic En.   Total Energy
    3.19559e+04    8.56165e+02   -6.16116e+06    8.88063e+05   -5.27310e+06
  Conserved En.    Temperature Pres. DC (bar) Pressure (bar)   Constr. rmsd
   -6.05397e+06    3.00206e+02   -1.73106e+03   -1.56295e+03    3.51188e-06

           Step           Time
          46500       93.00000

   Energies (kJ/mol)
           Bond          Angle    Proper Dih. Ryckaert-Bell.  Improper Dih.
    3.50838e+03    7.24133e+03    9.03398e+03    1.44540e+02    2.15747e+02
          LJ-14     Coulomb-14        LJ (SR)  Disper. corr.   Coulomb (SR)
    2.57421e+03   -3.84747e+04    1.05306e+06   -3.68774e+05   -6.86629e+06
   Coul. recip. Position Rest.      Potential    Kinetic En.   Total Energy
    3.21283e+04    8.09340e+02   -6.16483e+06    8.87818e+05   -5.27701e+06
  Conserved En.    Temperature Pres. DC (bar) Pressure (bar)   Constr. rmsd
   -6.05394e+06    3.00124e+02   -1.73106e+03   -1.50231e+03    3.39081e-06

           Step           Time
          47000       94.00000

   Energies (kJ/mol)
           Bond          Angle    Proper Dih. Ryckaert-Bell.  Improper Dih.
    3.60438e+03    7.55272e+03    9.04374e+03    1.46739e+02    2.30846e+02
          LJ-14     Coulomb-14        LJ (SR)  Disper. corr.   Coulomb (SR)
    2.46174e+03   -3.83790e+04    1.05343e+06   -3.68774e+05   -6.86430e+06
   Coul. recip. Position Rest.      Potential    Kinetic En.   Total Energy
    3.18086e+04    8.87153e+02   -6.16229e+06    8.86801e+05   -5.27549e+06
  Conserved En.    Temperature Pres. DC (bar) Pressure (bar)   Constr. rmsd
   -6.05392e+06    2.99780e+02   -1.73106e+03   -1.49936e+03    3.30827e-06

           Step           Time
          47500       95.00000

   Energies (kJ/mol)
           Bond          Angle    Proper Dih. Ryckaert-Bell.  Improper Dih.
    3.39420e+03    7.53642e+03    8.96260e+03    1.62541e+02    2.01523e+02
          LJ-14     Coulomb-14        LJ (SR)  Disper. corr.   Coulomb (SR)
    2.53870e+03   -3.84001e+04    1.05499e+06   -3.68774e+05   -6.86961e+06
   Coul. recip. Position Rest.      Potential    Kinetic En.   Total Energy
    3.21952e+04    8.31482e+02   -6.16597e+06    8.88368e+05   -5.27760e+06
  Conserved En.    Temperature Pres. DC (bar) Pressure (bar)   Constr. rmsd
   -6.05383e+06    3.00310e+02   -1.73106e+03   -1.49604e+03    3.50045e-06

           Step           Time
          48000       96.00000

   Energies (kJ/mol)
           Bond          Angle    Proper Dih. Ryckaert-Bell.  Improper Dih.
    3.68205e+03    7.23412e+03    8.93230e+03    1.46023e+02    2.08140e+02
          LJ-14     Coulomb-14        LJ (SR)  Disper. corr.   Coulomb (SR)
    2.57667e+03   -3.82570e+04    1.05754e+06   -3.68774e+05   -6.87119e+06
   Coul. recip. Position Rest.      Potential    Kinetic En.   Total Energy
    3.20842e+04    8.75108e+02   -6.16495e+06    8.89235e+05   -5.27571e+06
  Conserved En.    Temperature Pres. DC (bar) Pressure (bar)   Constr. rmsd
   -6.05382e+06    3.00603e+02   -1.73106e+03   -1.44943e+03    3.79296e-06

Writing checkpoint, step 48400 at Mon Aug 21 16:51:00 2023


           Step           Time
          48500       97.00000

   Energies (kJ/mol)
           Bond          Angle    Proper Dih. Ryckaert-Bell.  Improper Dih.
    3.73379e+03    7.37484e+03    8.89633e+03    1.34934e+02    1.91839e+02
          LJ-14     Coulomb-14        LJ (SR)  Disper. corr.   Coulomb (SR)
    2.54171e+03   -3.87125e+04    1.05651e+06   -3.68774e+05   -6.86934e+06
   Coul. recip. Position Rest.      Potential    Kinetic En.   Total Energy
    3.18840e+04    8.27240e+02   -6.16473e+06    8.86252e+05   -5.27848e+06
  Conserved En.    Temperature Pres. DC (bar) Pressure (bar)   Constr. rmsd
   -6.05372e+06    2.99594e+02   -1.73106e+03   -1.42891e+03    3.45822e-06

           Step           Time
          49000       98.00000

   Energies (kJ/mol)
           Bond          Angle    Proper Dih. Ryckaert-Bell.  Improper Dih.
    3.70767e+03    7.27055e+03    8.96681e+03    1.38363e+02    1.98274e+02
          LJ-14     Coulomb-14        LJ (SR)  Disper. corr.   Coulomb (SR)
    2.52135e+03   -3.85399e+04    1.05966e+06   -3.68774e+05   -6.87356e+06
   Coul. recip. Position Rest.      Potential    Kinetic En.   Total Energy
    3.19202e+04    8.24169e+02   -6.16567e+06    8.88681e+05   -5.27699e+06
  Conserved En.    Temperature Pres. DC (bar) Pressure (bar)   Constr. rmsd
   -6.05366e+06    3.00415e+02   -1.73106e+03   -1.31045e+03    3.39026e-06

           Step           Time
          49500       99.00000

   Energies (kJ/mol)
           Bond          Angle    Proper Dih. Ryckaert-Bell.  Improper Dih.
    3.65109e+03    7.37237e+03    9.03878e+03    1.36401e+02    2.01138e+02
          LJ-14     Coulomb-14        LJ (SR)  Disper. corr.   Coulomb (SR)
    2.52339e+03   -3.82537e+04    1.05486e+06   -3.68774e+05   -6.86827e+06
   Coul. recip. Position Rest.      Potential    Kinetic En.   Total Energy
    3.20566e+04    7.89087e+02   -6.16467e+06    8.85384e+05   -5.27929e+06
  Conserved En.    Temperature Pres. DC (bar) Pressure (bar)   Constr. rmsd
   -6.05357e+06    2.99301e+02   -1.73106e+03   -1.48768e+03    3.32771e-06

           Step           Time
          50000      100.00000

Writing checkpoint, step 50000 at Mon Aug 21 16:52:30 2023


   Energies (kJ/mol)
           Bond          Angle    Proper Dih. Ryckaert-Bell.  Improper Dih.
    3.72356e+03    7.29213e+03    8.89451e+03    1.40132e+02    2.07411e+02
          LJ-14     Coulomb-14        LJ (SR)  Disper. corr.   Coulomb (SR)
    2.51037e+03   -3.85554e+04    1.05705e+06   -3.68774e+05   -6.87390e+06
   Coul. recip. Position Rest.      Potential    Kinetic En.   Total Energy
    3.17527e+04    8.49699e+02   -6.16881e+06    8.86322e+05   -5.28249e+06
  Conserved En.    Temperature Pres. DC (bar) Pressure (bar)   Constr. rmsd
   -6.05353e+06    2.99618e+02   -1.73106e+03   -1.54106e+03    3.22100e-06


	<======  ###############  ==>
	<====  A V E R A G E S  ====>
	<==  ###############  ======>

	Statistics over 50001 steps using 501 frames

   Energies (kJ/mol)
           Bond          Angle    Proper Dih. Ryckaert-Bell.  Improper Dih.
    3.57734e+03    7.40724e+03    8.90496e+03    1.46819e+02    2.01448e+02
          LJ-14     Coulomb-14        LJ (SR)  Disper. corr.   Coulomb (SR)
    2.51783e+03   -3.84109e+04    1.05580e+06   -3.68774e+05   -6.86892e+06
   Coul. recip. Position Rest.      Potential    Kinetic En.   Total Energy
    3.20186e+04    8.49539e+02   -6.16468e+06    8.87407e+05   -5.27727e+06
  Conserved En.    Temperature Pres. DC (bar) Pressure (bar)   Constr. rmsd
   -6.05636e+06    2.99985e+02   -1.73106e+03   -1.46959e+03    0.00000e+00

   Total Virial (kJ/mol)
    4.52776e+05   -1.07018e+02    4.07286e+02
   -1.15818e+02    4.52185e+05   -1.63557e+02
    3.89048e+02   -1.69430e+02    4.52477e+05

   Pressure (bar)
   -1.47184e+03    1.25647e+00   -4.54587e+00
    1.33901e+00   -1.46730e+03    1.53620e+00
   -4.37480e+00    1.59129e+00   -1.46964e+03

       T-OutputT-Water_and_ions
    3.00365e+02    2.99980e+02


	M E G A - F L O P S   A C C O U N T I N G

 NB=Group-cutoff nonbonded kernels    NxN=N-by-N cluster Verlet kernels
 RF=Reaction-Field  VdW=Van der Waals  QSTab=quadratic-spline table
 W3=SPC/TIP3p  W4=TIP4p (single or pairs)
 V&F=Potential and force  V=Potential only  F=Force only

 Computing:                               M-Number         M-Flops  % Flops
-----------------------------------------------------------------------------
 Pair Search distance check          310388.659060     2793497.932     0.3
 NxN Ewald Elec. + LJ [F]           6959497.421728   459326829.834    49.7
 NxN Ewald Elec. + LJ [V&F]           70440.218600     7537103.390     0.8
 NxN LJ [F]                           15890.301136      524379.937     0.1
 NxN LJ [V&F]                           160.145168        6886.242     0.0
 NxN Ewald Elec. [F]                6847138.840608   417675469.277    45.2
 NxN Ewald Elec. [V&F]                69302.114824     5821377.645     0.6
 1,4 nonbonded interactions             426.508530       38385.768     0.0
 Calc Weights                         70647.362919     2543305.065     0.3
 Spread Q Bspline                   1507143.742272     3014287.485     0.3
 Gather F Bspline                   1507143.742272     9042862.454     1.0
 3D-FFT                             1747820.955720    13982567.646     1.5
 Solve PME                              460.809216       29491.790     0.0
 Shift-X                                589.187223        3535.123     0.0
 Bonds                                  124.852497        7366.297     0.0
 Angles                                 324.406488       54500.290     0.0
 Propers                                529.560591      121269.375     0.0
 Impropers                               28.850577        6000.920     0.0
 RB-Dihedrals                             8.250165        2037.791     0.0
 Pos. Restr.                            109.702194        5485.110     0.0
 Virial                                 235.980018        4247.640     0.0
 Stop-CM                                236.428446        2364.284     0.0
 Calc-Ekin                             4710.671946      127188.143     0.0
 Lincs                                   56.553393        3393.204     0.0
 Lincs-Mat                              117.007020         468.028     0.0
 Constraint-V                         17619.104736      140952.838     0.0
 Constraint-Vir                         175.969737        4223.274     0.0
 Settle                                5835.450106     1884850.384     0.2
 Virtual Site 3                        5893.684404      218066.323     0.0
-----------------------------------------------------------------------------
 Total                                               924922393.489   100.0
-----------------------------------------------------------------------------


     R E A L   C Y C L E   A N D   T I M E   A C C O U N T I N G

On 1 MPI rank, each using 16 OpenMP threads

 Computing:          Num   Num      Call    Wall time         Giga-Cycles
                     Ranks Threads  Count      (s)         total sum    %
-----------------------------------------------------------------------------
 Vsite constr.          1   16      50001      15.533        646.165   0.6
 Neighbor search        1   16       1251     105.460       4387.054   3.8
 Force                  1   16      50001    2144.765      89220.209  76.8
 PME mesh               1   16      50001     380.137      15813.329  13.6
 NB X/F buffer ops.     1   16      98751      70.167       2918.873   2.5
 Vsite spread           1   16      50502      21.555        896.666   0.8
 Write traj.            1   16        104      12.733        529.695   0.5
 Update                 1   16      50001      20.838        866.837   0.7
 Constraints            1   16      50003      17.792        740.140   0.6
 Rest                                           4.726        196.602   0.2
-----------------------------------------------------------------------------
 Total                                       2793.706     116215.569 100.0
-----------------------------------------------------------------------------
 Breakdown of PME mesh computation
-----------------------------------------------------------------------------
 PME spread             1   16      50001     195.537       8134.166   7.0
 PME gather             1   16      50001     116.640       4852.126   4.2
 PME 3D-FFT             1   16     100002      62.475       2598.889   2.2
 PME solve Elec         1   16      50001       4.975        206.962   0.2
-----------------------------------------------------------------------------

               Core t (s)   Wall t (s)        (%)
       Time:    44697.696     2793.706     1599.9
                         46:33
                 (ns/day)    (hour/ns)
Performance:        3.093        7.760
Finished mdrun on rank 0 Mon Aug 21 16:52:32 2023

