                       :-) GROMACS - gmx mdrun, 2020 (-:

                            GROMACS is written by:
     Emile Apol      Rossen Apostolov      Paul Bauer     Herman J.C. Berendsen
    Par Bjelkmar      Christian Blau   Viacheslav Bolnykh     Kevin Boyd    
 Aldert van Buuren   Rudi van Drunen     Anton Feenstra       Alan Gray     
  Gerrit Groenhof     Anca Hamuraru    Vincent Hindriksen  M. Eric Irrgang  
  Aleksei Iupinov   Christoph Junghans     Joe Jordan     Dimitrios Karkoulis
    Peter Kasson        Jiri Kraus      Carsten Kutzner      Per Larsson    
  Justin A. Lemkul    Viveca Lindahl    Magnus Lundborg     Erik Marklund   
    Pascal Merz     Pieter Meulenhoff    Teemu Murtola       Szilard Pall   
    Sander Pronk      Roland Schulz      Michael Shirts    Alexey Shvetsov  
   Alfons Sijbers     Peter Tieleman      Jon Vincent      Teemu Virolainen 
 Christian Wennberg    Maarten Wolf      Artem Zhmurov   
                           and the project leaders:
        Mark Abraham, Berk Hess, Erik Lindahl, and David van der Spoel

Copyright (c) 1991-2000, University of Groningen, The Netherlands.
Copyright (c) 2001-2019, The GROMACS development team at
Uppsala University, Stockholm University and
the Royal Institute of Technology, Sweden.
check out http://www.gromacs.org for more information.

GROMACS is free software; you can redistribute it and/or modify it
under the terms of the GNU Lesser General Public License
as published by the Free Software Foundation; either version 2.1
of the License, or (at your option) any later version.

GROMACS:      gmx mdrun, version 2020
Executable:   /network/rit/lab/RNAILabs/local/Software/gromacs-2020-hn7/bin/bin//gmx
Data prefix:  /network/rit/lab/RNAILabs/local/Software/gromacs-2020-hn7/bin
Working dir:  /network/rit/lab/RNAILabs/users/ej276743/spec_loop/sim/2khy/350K
Process ID:   2757
Command line:
  gmx mdrun -deffnm nvpt -maxh 24

GROMACS version:    2020
Verified release checksum is c8f31ed8bc66001c3c8d6e5ddb61aab8bb1d400b5f5dba93c53473fa79c1a50a
Precision:          single
Memory model:       64 bit
MPI library:        thread_mpi
OpenMP support:     enabled (GMX_OPENMP_MAX_THREADS = 64)
GPU support:        disabled
SIMD instructions:  AVX_256
FFT library:        fftw-3.3.8-sse2-avx-avx2-avx2_128
RDTSCP usage:       enabled
TNG support:        enabled
Hwloc support:      hwloc-1.11.0
Tracing support:    disabled
C compiler:         /network/rit/lab/RNAILabs/local/Software/gcc-6.3.0/bin/bin/gcc GNU 6.3.0
C compiler flags:   -mavx -fexcess-precision=fast -funroll-all-loops
C++ compiler:       /network/rit/lab/RNAILabs/local/Software/gcc-6.3.0/bin/bin/g++ GNU 6.3.0
C++ compiler flags: -mavx -fexcess-precision=fast -funroll-all-loops -fopenmp


Running on 1 node with total 16 cores, 16 logical cores
Hardware detected:
  CPU info:
    Vendor: Intel
    Brand:  Intel(R) Xeon(R) CPU E5-2670 0 @ 2.60GHz
    Family: 6   Model: 45   Stepping: 7
    Features: aes apic avx clfsh cmov cx8 cx16 htt intel lahf mmx msr nonstop_tsc pcid pclmuldq pdcm pdpe1gb popcnt pse rdtscp sse2 sse3 sse4.1 sse4.2 ssse3 tdt x2apic
  Hardware topology: Full, with devices
    Sockets, cores, and logical processors:
      Socket  0: [   0] [   2] [   4] [   6] [   8] [  10] [  12] [  14]
      Socket  1: [   1] [   3] [   5] [   7] [   9] [  11] [  13] [  15]
    Numa nodes:
      Node  0 (8086757376 bytes mem):   0   2   4   6   8  10  12  14
      Node  1 (8450412544 bytes mem):   1   3   5   7   9  11  13  15
      Latency:
               0     1
         0  1.00  2.00
         1  2.00  1.00
    Caches:
      L1: 32768 bytes, linesize 64 bytes, assoc. 8, shared 1 ways
      L2: 262144 bytes, linesize 64 bytes, assoc. 8, shared 1 ways
      L3: 20971520 bytes, linesize 64 bytes, assoc. 20, shared 8 ways
    PCI devices:
      0000:02:00.0  Id: 14e4:165f  Class: 0x0200  Numa: 0
      0000:02:00.1  Id: 14e4:165f  Class: 0x0200  Numa: 0
      0000:01:00.0  Id: 14e4:165f  Class: 0x0200  Numa: 0
      0000:01:00.1  Id: 14e4:165f  Class: 0x0200  Numa: 0
      0000:03:00.0  Id: 1000:0073  Class: 0x0104  Numa: 0
      0000:0b:00.0  Id: 102b:0534  Class: 0x0300  Numa: 0
      0000:00:1f.2  Id: 8086:1d02  Class: 0x0106  Numa: 0


++++ PLEASE READ AND CITE THE FOLLOWING REFERENCE ++++
M. J. Abraham, T. Murtola, R. Schulz, S. Páll, J. C. Smith, B. Hess, E.
Lindahl
GROMACS: High performance molecular simulations through multi-level
parallelism from laptops to supercomputers
SoftwareX 1 (2015) pp. 19-25
-------- -------- --- Thank You --- -------- --------


++++ PLEASE READ AND CITE THE FOLLOWING REFERENCE ++++
S. Páll, M. J. Abraham, C. Kutzner, B. Hess, E. Lindahl
Tackling Exascale Software Challenges in Molecular Dynamics Simulations with
GROMACS
In S. Markidis & E. Laure (Eds.), Solving Software Challenges for Exascale 8759 (2015) pp. 3-27
-------- -------- --- Thank You --- -------- --------


++++ PLEASE READ AND CITE THE FOLLOWING REFERENCE ++++
S. Pronk, S. Páll, R. Schulz, P. Larsson, P. Bjelkmar, R. Apostolov, M. R.
Shirts, J. C. Smith, P. M. Kasson, D. van der Spoel, B. Hess, and E. Lindahl
GROMACS 4.5: a high-throughput and highly parallel open source molecular
simulation toolkit
Bioinformatics 29 (2013) pp. 845-54
-------- -------- --- Thank You --- -------- --------


++++ PLEASE READ AND CITE THE FOLLOWING REFERENCE ++++
B. Hess and C. Kutzner and D. van der Spoel and E. Lindahl
GROMACS 4: Algorithms for highly efficient, load-balanced, and scalable
molecular simulation
J. Chem. Theory Comput. 4 (2008) pp. 435-447
-------- -------- --- Thank You --- -------- --------


++++ PLEASE READ AND CITE THE FOLLOWING REFERENCE ++++
D. van der Spoel, E. Lindahl, B. Hess, G. Groenhof, A. E. Mark and H. J. C.
Berendsen
GROMACS: Fast, Flexible and Free
J. Comp. Chem. 26 (2005) pp. 1701-1719
-------- -------- --- Thank You --- -------- --------


++++ PLEASE READ AND CITE THE FOLLOWING REFERENCE ++++
E. Lindahl and B. Hess and D. van der Spoel
GROMACS 3.0: A package for molecular simulation and trajectory analysis
J. Mol. Mod. 7 (2001) pp. 306-317
-------- -------- --- Thank You --- -------- --------


++++ PLEASE READ AND CITE THE FOLLOWING REFERENCE ++++
H. J. C. Berendsen, D. van der Spoel and R. van Drunen
GROMACS: A message-passing parallel molecular dynamics implementation
Comp. Phys. Comm. 91 (1995) pp. 43-56
-------- -------- --- Thank You --- -------- --------


++++ PLEASE CITE THE DOI FOR THIS VERSION OF GROMACS ++++
https://doi.org/10.5281/zenodo.3562495
-------- -------- --- Thank You --- -------- --------

Input Parameters:
   integrator                     = md
   tinit                          = 0
   dt                             = 0.002
   nsteps                         = 50000
   init-step                      = 0
   simulation-part                = 1
   comm-mode                      = Linear
   nstcomm                        = 100
   bd-fric                        = 0
   ld-seed                        = 880136437
   emtol                          = 10
   emstep                         = 0.01
   niter                          = 20
   fcstep                         = 0
   nstcgsteep                     = 1000
   nbfgscorr                      = 10
   rtpi                           = 0.05
   nstxout                        = 500
   nstvout                        = 500
   nstfout                        = 0
   nstlog                         = 500
   nstcalcenergy                  = 100
   nstenergy                      = 500
   nstxout-compressed             = 0
   compressed-x-precision         = 1000
   cutoff-scheme                  = Verlet
   nstlist                        = 10
   pbc                            = xyz
   periodic-molecules             = false
   verlet-buffer-tolerance        = 0.005
   rlist                          = 1.004
   coulombtype                    = PME
   coulomb-modifier               = Potential-shift
   rcoulomb-switch                = 0
   rcoulomb                       = 1
   epsilon-r                      = 1
   epsilon-rf                     = inf
   vdw-type                       = Cut-off
   vdw-modifier                   = Potential-shift
   rvdw-switch                    = 0
   rvdw                           = 1
   DispCorr                       = EnerPres
   table-extension                = 1
   fourierspacing                 = 0.16
   fourier-nx                     = 64
   fourier-ny                     = 64
   fourier-nz                     = 64
   pme-order                      = 4
   ewald-rtol                     = 1e-05
   ewald-rtol-lj                  = 0.001
   lj-pme-comb-rule               = Geometric
   ewald-geometry                 = 0
   epsilon-surface                = 0
   tcoupl                         = V-rescale
   nsttcouple                     = 10
   nh-chain-length                = 0
   print-nose-hoover-chain-variables = false
   pcoupl                         = No
   pcoupltype                     = Isotropic
   nstpcouple                     = -1
   tau-p                          = 1
   compressibility (3x3):
      compressibility[    0]={ 0.00000e+00,  0.00000e+00,  0.00000e+00}
      compressibility[    1]={ 0.00000e+00,  0.00000e+00,  0.00000e+00}
      compressibility[    2]={ 0.00000e+00,  0.00000e+00,  0.00000e+00}
   ref-p (3x3):
      ref-p[    0]={ 0.00000e+00,  0.00000e+00,  0.00000e+00}
      ref-p[    1]={ 0.00000e+00,  0.00000e+00,  0.00000e+00}
      ref-p[    2]={ 0.00000e+00,  0.00000e+00,  0.00000e+00}
   refcoord-scaling               = No
   posres-com (3):
      posres-com[0]= 0.00000e+00
      posres-com[1]= 0.00000e+00
      posres-com[2]= 0.00000e+00
   posres-comB (3):
      posres-comB[0]= 0.00000e+00
      posres-comB[1]= 0.00000e+00
      posres-comB[2]= 0.00000e+00
   QMMM                           = false
   QMconstraints                  = 0
   QMMMscheme                     = 0
   MMChargeScaleFactor            = 1
qm-opts:
   ngQM                           = 0
   constraint-algorithm           = Lincs
   continuation                   = false
   Shake-SOR                      = false
   shake-tol                      = 0.0001
   lincs-order                    = 4
   lincs-iter                     = 1
   lincs-warnangle                = 30
   nwall                          = 0
   wall-type                      = 9-3
   wall-r-linpot                  = -1
   wall-atomtype[0]               = -1
   wall-atomtype[1]               = -1
   wall-density[0]                = 0
   wall-density[1]                = 0
   wall-ewald-zfac                = 3
   pull                           = false
   awh                            = false
   rotation                       = false
   interactiveMD                  = false
   disre                          = No
   disre-weighting                = Conservative
   disre-mixed                    = false
   dr-fc                          = 1000
   dr-tau                         = 0
   nstdisreout                    = 100
   orire-fc                       = 0
   orire-tau                      = 0
   nstorireout                    = 100
   free-energy                    = no
   cos-acceleration               = 0
   deform (3x3):
      deform[    0]={ 0.00000e+00,  0.00000e+00,  0.00000e+00}
      deform[    1]={ 0.00000e+00,  0.00000e+00,  0.00000e+00}
      deform[    2]={ 0.00000e+00,  0.00000e+00,  0.00000e+00}
   simulated-tempering            = false
   swapcoords                     = no
   userint1                       = 0
   userint2                       = 0
   userint3                       = 0
   userint4                       = 0
   userreal1                      = 0
   userreal2                      = 0
   userreal3                      = 0
   userreal4                      = 0
   applied-forces:
     electric-field:
       x:
         E0                       = 0
         omega                    = 0
         t0                       = 0
         sigma                    = 0
       y:
         E0                       = 0
         omega                    = 0
         t0                       = 0
         sigma                    = 0
       z:
         E0                       = 0
         omega                    = 0
         t0                       = 0
         sigma                    = 0
     density-guided-simulation:
       active                     = false
       group                      = protein
       similarity-measure         = inner-product
       atom-spreading-weight      = unity
       force-constant             = 1e+09
       gaussian-transform-spreading-width = 0.2
       gaussian-transform-spreading-range-in-multiples-of-width = 4
       reference-density-filename = reference.mrc
       nst                        = 1
       normalize-densities        = true
       adaptive-force-scaling     = false
       adaptive-force-scaling-time-constant = 4
grpopts:
   nrdf:     3268.95      179112
   ref-t:         350         350
   tau-t:         0.1        0.01
annealing:          No          No
annealing-npoints:           0           0
   acc:	           0           0           0
   nfreeze:           N           N           N
   energygrp-flags[  0]: 0

Changing nstlist from 10 to 40, rlist from 1.004 to 1.11

Using 1 MPI thread

Non-default thread affinity set, disabling internal thread affinity

Using 16 OpenMP threads 

System total charge: -0.000
Will do PME sum in reciprocal space for electrostatic interactions.

++++ PLEASE READ AND CITE THE FOLLOWING REFERENCE ++++
U. Essmann, L. Perera, M. L. Berkowitz, T. Darden, H. Lee and L. G. Pedersen 
A smooth particle mesh Ewald method
J. Chem. Phys. 103 (1995) pp. 8577-8592
-------- -------- --- Thank You --- -------- --------

Using a Gaussian width (1/beta) of 0.320163 nm for Ewald
Potential shift: LJ r^-12: -1.000e+00 r^-6: -1.000e+00, Ewald -1.000e-05
Initialized non-bonded Coulomb Ewald tables, spacing: 9.33e-04 size: 1073

Generated table with 1055 data points for 1-4 COUL.
Tabscale = 500 points/nm
Generated table with 1055 data points for 1-4 LJ6.
Tabscale = 500 points/nm
Generated table with 1055 data points for 1-4 LJ12.
Tabscale = 500 points/nm

Using SIMD 4x4 nonbonded short-range kernels

Using a dual 4x4 pair-list setup updated with dynamic pruning:
  outer list: updated every 40 steps, buffer 0.110 nm, rlist 1.110 nm
  inner list: updated every  9 steps, buffer 0.001 nm, rlist 1.001 nm
At tolerance 0.005 kJ/mol/ps per atom, equivalent classical 1x1 list would be:
  outer list: updated every 40 steps, buffer 0.227 nm, rlist 1.227 nm
  inner list: updated every  9 steps, buffer 0.037 nm, rlist 1.037 nm

Using full Lennard-Jones parameter combination matrix

Long Range LJ corr.: <C6> 1.5985e-03

Removing pbc first time

Initializing LINear Constraint Solver

++++ PLEASE READ AND CITE THE FOLLOWING REFERENCE ++++
B. Hess and H. Bekker and H. J. C. Berendsen and J. G. E. M. Fraaije
LINCS: A Linear Constraint Solver for molecular simulations
J. Comp. Chem. 18 (1997) pp. 1463-1472
-------- -------- --- Thank You --- -------- --------

The number of constraints is 412

++++ PLEASE READ AND CITE THE FOLLOWING REFERENCE ++++
S. Miyamoto and P. A. Kollman
SETTLE: An Analytical Version of the SHAKE and RATTLE Algorithms for Rigid
Water Models
J. Comp. Chem. 13 (1992) pp. 952-962
-------- -------- --- Thank You --- -------- --------


++++ PLEASE READ AND CITE THE FOLLOWING REFERENCE ++++
G. Bussi, D. Donadio and M. Parrinello
Canonical sampling through velocity rescaling
J. Chem. Phys. 126 (2007) pp. 014101
-------- -------- --- Thank You --- -------- --------

There are: 90678 Atoms
There are: 29746 VSites

Constraining the starting coordinates (step 0)

Constraining the coordinates at t0-dt (step 0)
Center of mass motion removal mode is Linear
We have the following groups for center of mass motion removal:
  0:  rest
RMS relative constraint deviation after constraining: 2.86e-06
Initial temperature: 350.795 K

Started mdrun on rank 0 Thu Jul 20 13:29:33 2023

           Step           Time
              0        0.00000

   Energies (kJ/mol)
           Bond          Angle    Proper Dih.  Improper Dih.          LJ-14
    2.95855e+02    1.08789e+03    3.40854e+03    2.66434e+01    8.45750e+02
     Coulomb-14        LJ (SR)  Disper. corr.   Coulomb (SR)   Coul. recip.
   -1.58431e+04    2.63105e+05   -1.06230e+05   -1.93003e+06    1.34125e+04
 Position Rest.      Potential    Kinetic En.   Total Energy  Conserved En.
    4.09592e-04   -1.76992e+06    2.65995e+05   -1.50392e+06   -1.50392e+06
    Temperature Pres. DC (bar) Pressure (bar)   Constr. rmsd
    3.50824e+02   -1.93335e+03   -6.59473e+03    3.07164e-06

           Step           Time
            500        1.00000

   Energies (kJ/mol)
           Bond          Angle    Proper Dih.  Improper Dih.          LJ-14
    1.36610e+03    3.01027e+03    3.78317e+03    1.06559e+02    9.88372e+02
     Coulomb-14        LJ (SR)  Disper. corr.   Coulomb (SR)   Coul. recip.
   -1.59612e+04    2.38491e+05   -1.06230e+05   -1.64606e+06    9.87306e+03
 Position Rest.      Potential    Kinetic En.   Total Energy  Conserved En.
    5.72473e+02   -1.51006e+06    2.65366e+05   -1.24469e+06   -1.50125e+06
    Temperature Pres. DC (bar) Pressure (bar)   Constr. rmsd
    3.49994e+02   -1.93335e+03   -1.17043e+03    2.18399e-06

           Step           Time
           1000        2.00000

   Energies (kJ/mol)
           Bond          Angle    Proper Dih.  Improper Dih.          LJ-14
    1.39750e+03    3.02090e+03    3.74704e+03    6.43647e+01    9.70786e+02
     Coulomb-14        LJ (SR)  Disper. corr.   Coulomb (SR)   Coul. recip.
   -1.59001e+04    2.37351e+05   -1.06230e+05   -1.64834e+06    9.89951e+03
 Position Rest.      Potential    Kinetic En.   Total Energy  Conserved En.
    4.91874e+02   -1.51353e+06    2.66363e+05   -1.24717e+06   -1.50120e+06
    Temperature Pres. DC (bar) Pressure (bar)   Constr. rmsd
    3.51310e+02   -1.93335e+03   -1.23923e+03    2.29948e-06

           Step           Time
           1500        3.00000

   Energies (kJ/mol)
           Bond          Angle    Proper Dih.  Improper Dih.          LJ-14
    1.60121e+03    2.83031e+03    3.83130e+03    1.03438e+02    9.98489e+02
     Coulomb-14        LJ (SR)  Disper. corr.   Coulomb (SR)   Coul. recip.
   -1.58461e+04    2.39029e+05   -1.06230e+05   -1.64948e+06    9.75793e+03
 Position Rest.      Potential    Kinetic En.   Total Energy  Conserved En.
    4.86402e+02   -1.51292e+06    2.66013e+05   -1.24690e+06   -1.50115e+06
    Temperature Pres. DC (bar) Pressure (bar)   Constr. rmsd
    3.50848e+02   -1.93335e+03   -1.15939e+03    2.84322e-06

           Step           Time
           2000        4.00000

   Energies (kJ/mol)
           Bond          Angle    Proper Dih.  Improper Dih.          LJ-14
    1.59225e+03    2.95080e+03    3.79365e+03    8.72482e+01    9.55336e+02
     Coulomb-14        LJ (SR)  Disper. corr.   Coulomb (SR)   Coul. recip.
   -1.59836e+04    2.34836e+05   -1.06230e+05   -1.64760e+06    9.74098e+03
 Position Rest.      Potential    Kinetic En.   Total Energy  Conserved En.
    5.23174e+02   -1.51534e+06    2.65066e+05   -1.25027e+06   -1.50116e+06
    Temperature Pres. DC (bar) Pressure (bar)   Constr. rmsd
    3.49599e+02   -1.93335e+03   -1.43454e+03    2.45839e-06

           Step           Time
           2500        5.00000

   Energies (kJ/mol)
           Bond          Angle    Proper Dih.  Improper Dih.          LJ-14
    1.46773e+03    3.01192e+03    3.83329e+03    1.01646e+02    9.25839e+02
     Coulomb-14        LJ (SR)  Disper. corr.   Coulomb (SR)   Coul. recip.
   -1.60064e+04    2.38462e+05   -1.06230e+05   -1.65096e+06    9.67750e+03
 Position Rest.      Potential    Kinetic En.   Total Energy  Conserved En.
    5.06365e+02   -1.51521e+06    2.63710e+05   -1.25150e+06   -1.50111e+06
    Temperature Pres. DC (bar) Pressure (bar)   Constr. rmsd
    3.47811e+02   -1.93335e+03   -1.24538e+03    2.53644e-06

           Step           Time
           3000        6.00000

   Energies (kJ/mol)
           Bond          Angle    Proper Dih.  Improper Dih.          LJ-14
    1.55830e+03    3.15799e+03    3.73192e+03    8.99270e+01    1.01229e+03
     Coulomb-14        LJ (SR)  Disper. corr.   Coulomb (SR)   Coul. recip.
   -1.60724e+04    2.37790e+05   -1.06230e+05   -1.64992e+06    9.81635e+03
 Position Rest.      Potential    Kinetic En.   Total Energy  Conserved En.
    4.76748e+02   -1.51458e+06    2.66883e+05   -1.24770e+06   -1.50109e+06
    Temperature Pres. DC (bar) Pressure (bar)   Constr. rmsd
    3.51996e+02   -1.93335e+03   -1.42201e+03    2.53648e-06

           Step           Time
           3500        7.00000

   Energies (kJ/mol)
           Bond          Angle    Proper Dih.  Improper Dih.          LJ-14
    1.54847e+03    2.91097e+03    3.68806e+03    8.34164e+01    9.58428e+02
     Coulomb-14        LJ (SR)  Disper. corr.   Coulomb (SR)   Coul. recip.
   -1.60926e+04    2.37434e+05   -1.06230e+05   -1.64896e+06    9.76701e+03
 Position Rest.      Potential    Kinetic En.   Total Energy  Conserved En.
    5.34091e+02   -1.51436e+06    2.65040e+05   -1.24932e+06   -1.50108e+06
    Temperature Pres. DC (bar) Pressure (bar)   Constr. rmsd
    3.49565e+02   -1.93335e+03   -1.33177e+03    3.07100e-06

           Step           Time
           4000        8.00000

   Energies (kJ/mol)
           Bond          Angle    Proper Dih.  Improper Dih.          LJ-14
    1.48226e+03    2.97375e+03    3.81268e+03    9.46180e+01    1.00184e+03
     Coulomb-14        LJ (SR)  Disper. corr.   Coulomb (SR)   Coul. recip.
   -1.60177e+04    2.34693e+05   -1.06230e+05   -1.64677e+06    9.79907e+03
 Position Rest.      Potential    Kinetic En.   Total Energy  Conserved En.
    4.75999e+02   -1.51468e+06    2.67468e+05   -1.24722e+06   -1.50106e+06
    Temperature Pres. DC (bar) Pressure (bar)   Constr. rmsd
    3.52766e+02   -1.93335e+03   -1.51640e+03    2.55251e-06

           Step           Time
           4500        9.00000

   Energies (kJ/mol)
           Bond          Angle    Proper Dih.  Improper Dih.          LJ-14
    1.46456e+03    2.90074e+03    3.80578e+03    1.09953e+02    1.01953e+03
     Coulomb-14        LJ (SR)  Disper. corr.   Coulomb (SR)   Coul. recip.
   -1.59970e+04    2.36942e+05   -1.06230e+05   -1.64882e+06    9.75951e+03
 Position Rest.      Potential    Kinetic En.   Total Energy  Conserved En.
    4.69517e+02   -1.51457e+06    2.66293e+05   -1.24828e+06   -1.50102e+06
    Temperature Pres. DC (bar) Pressure (bar)   Constr. rmsd
    3.51218e+02   -1.93335e+03   -1.28308e+03    2.71786e-06

           Step           Time
           5000       10.00000

   Energies (kJ/mol)
           Bond          Angle    Proper Dih.  Improper Dih.          LJ-14
    1.42651e+03    3.04096e+03    3.85041e+03    1.03749e+02    9.52792e+02
     Coulomb-14        LJ (SR)  Disper. corr.   Coulomb (SR)   Coul. recip.
   -1.58911e+04    2.37596e+05   -1.06230e+05   -1.64933e+06    9.83243e+03
 Position Rest.      Potential    Kinetic En.   Total Energy  Conserved En.
    5.09643e+02   -1.51413e+06    2.65909e+05   -1.24823e+06   -1.50101e+06
    Temperature Pres. DC (bar) Pressure (bar)   Constr. rmsd
    3.50711e+02   -1.93335e+03   -1.38566e+03    2.49567e-06

           Step           Time
           5500       11.00000

   Energies (kJ/mol)
           Bond          Angle    Proper Dih.  Improper Dih.          LJ-14
    1.57182e+03    3.12422e+03    3.78842e+03    8.47112e+01    9.89427e+02
     Coulomb-14        LJ (SR)  Disper. corr.   Coulomb (SR)   Coul. recip.
   -1.60106e+04    2.38040e+05   -1.06230e+05   -1.64978e+06    9.80384e+03
 Position Rest.      Potential    Kinetic En.   Total Energy  Conserved En.
    5.53816e+02   -1.51406e+06    2.65761e+05   -1.24830e+06   -1.50094e+06
    Temperature Pres. DC (bar) Pressure (bar)   Constr. rmsd
    3.50516e+02   -1.93335e+03   -1.34227e+03    3.14193e-06

           Step           Time
           6000       12.00000

   Energies (kJ/mol)
           Bond          Angle    Proper Dih.  Improper Dih.          LJ-14
    1.52473e+03    2.92194e+03    3.78553e+03    8.01052e+01    9.06911e+02
     Coulomb-14        LJ (SR)  Disper. corr.   Coulomb (SR)   Coul. recip.
   -1.58711e+04    2.35061e+05   -1.06230e+05   -1.64512e+06    9.83464e+03
 Position Rest.      Potential    Kinetic En.   Total Energy  Conserved En.
    4.70658e+02   -1.51263e+06    2.64660e+05   -1.24797e+06   -1.50095e+06
    Temperature Pres. DC (bar) Pressure (bar)   Constr. rmsd
    3.49063e+02   -1.93335e+03   -1.42251e+03    2.69555e-06

           Step           Time
           6500       13.00000

   Energies (kJ/mol)
           Bond          Angle    Proper Dih.  Improper Dih.          LJ-14
    1.53666e+03    3.10849e+03    3.79020e+03    9.22133e+01    1.02515e+03
     Coulomb-14        LJ (SR)  Disper. corr.   Coulomb (SR)   Coul. recip.
   -1.59388e+04    2.36401e+05   -1.06230e+05   -1.64877e+06    9.65481e+03
 Position Rest.      Potential    Kinetic En.   Total Energy  Conserved En.
    5.37635e+02   -1.51479e+06    2.66305e+05   -1.24849e+06   -1.50090e+06
    Temperature Pres. DC (bar) Pressure (bar)   Constr. rmsd
    3.51233e+02   -1.93335e+03   -1.32531e+03    2.90792e-06

           Step           Time
           7000       14.00000

   Energies (kJ/mol)
           Bond          Angle    Proper Dih.  Improper Dih.          LJ-14
    1.61304e+03    3.04427e+03    3.79017e+03    1.08986e+02    9.30526e+02
     Coulomb-14        LJ (SR)  Disper. corr.   Coulomb (SR)   Coul. recip.
   -1.62065e+04    2.35652e+05   -1.06230e+05   -1.64558e+06    9.73126e+03
 Position Rest.      Potential    Kinetic En.   Total Energy  Conserved En.
    4.96802e+02   -1.51265e+06    2.63525e+05   -1.24913e+06   -1.50086e+06
    Temperature Pres. DC (bar) Pressure (bar)   Constr. rmsd
    3.47566e+02   -1.93335e+03   -1.21335e+03    2.51757e-06

           Step           Time
           7500       15.00000

   Energies (kJ/mol)
           Bond          Angle    Proper Dih.  Improper Dih.          LJ-14
    1.51631e+03    2.94891e+03    3.82733e+03    9.35790e+01    9.48827e+02
     Coulomb-14        LJ (SR)  Disper. corr.   Coulomb (SR)   Coul. recip.
   -1.59324e+04    2.38449e+05   -1.06230e+05   -1.65019e+06    9.78122e+03
 Position Rest.      Potential    Kinetic En.   Total Energy  Conserved En.
    4.74039e+02   -1.51431e+06    2.65118e+05   -1.24920e+06   -1.50086e+06
    Temperature Pres. DC (bar) Pressure (bar)   Constr. rmsd
    3.49667e+02   -1.93335e+03   -1.18447e+03    2.64474e-06

           Step           Time
           8000       16.00000

   Energies (kJ/mol)
           Bond          Angle    Proper Dih.  Improper Dih.          LJ-14
    1.46189e+03    3.23661e+03    3.82451e+03    1.22410e+02    9.61300e+02
     Coulomb-14        LJ (SR)  Disper. corr.   Coulomb (SR)   Coul. recip.
   -1.62267e+04    2.39645e+05   -1.06230e+05   -1.65000e+06    9.58413e+03
 Position Rest.      Potential    Kinetic En.   Total Energy  Conserved En.
    4.71069e+02   -1.51315e+06    2.64522e+05   -1.24863e+06   -1.50084e+06
    Temperature Pres. DC (bar) Pressure (bar)   Constr. rmsd
    3.48882e+02   -1.93335e+03   -1.10935e+03    3.31732e-06

           Step           Time
           8500       17.00000

   Energies (kJ/mol)
           Bond          Angle    Proper Dih.  Improper Dih.          LJ-14
    1.55092e+03    2.99371e+03    3.71331e+03    9.20665e+01    9.36335e+02
     Coulomb-14        LJ (SR)  Disper. corr.   Coulomb (SR)   Coul. recip.
   -1.59676e+04    2.37843e+05   -1.06230e+05   -1.64951e+06    9.89791e+03
 Position Rest.      Potential    Kinetic En.   Total Energy  Conserved En.
    5.06630e+02   -1.51417e+06    2.64678e+05   -1.24949e+06   -1.50081e+06
    Temperature Pres. DC (bar) Pressure (bar)   Constr. rmsd
    3.49087e+02   -1.93335e+03   -1.32754e+03    2.21529e-06

           Step           Time
           9000       18.00000

   Energies (kJ/mol)
           Bond          Angle    Proper Dih.  Improper Dih.          LJ-14
    1.50728e+03    2.98808e+03    3.72455e+03    9.26305e+01    9.90560e+02
     Coulomb-14        LJ (SR)  Disper. corr.   Coulomb (SR)   Coul. recip.
   -1.60193e+04    2.40819e+05   -1.06230e+05   -1.65314e+06    9.68835e+03
 Position Rest.      Potential    Kinetic En.   Total Energy  Conserved En.
    4.94848e+02   -1.51509e+06    2.65258e+05   -1.24983e+06   -1.50080e+06
    Temperature Pres. DC (bar) Pressure (bar)   Constr. rmsd
    3.49853e+02   -1.93335e+03   -1.08833e+03    2.53569e-06

           Step           Time
           9500       19.00000

   Energies (kJ/mol)
           Bond          Angle    Proper Dih.  Improper Dih.          LJ-14
    1.49157e+03    3.07441e+03    3.70805e+03    8.11593e+01    1.02121e+03
     Coulomb-14        LJ (SR)  Disper. corr.   Coulomb (SR)   Coul. recip.
   -1.61190e+04    2.35944e+05   -1.06230e+05   -1.64687e+06    9.69061e+03
 Position Rest.      Potential    Kinetic En.   Total Energy  Conserved En.
    4.46932e+02   -1.51376e+06    2.66264e+05   -1.24750e+06   -1.50080e+06
    Temperature Pres. DC (bar) Pressure (bar)   Constr. rmsd
    3.51180e+02   -1.93335e+03   -1.40018e+03    2.73374e-06

           Step           Time
          10000       20.00000

   Energies (kJ/mol)
           Bond          Angle    Proper Dih.  Improper Dih.          LJ-14
    1.56962e+03    3.15271e+03    3.86064e+03    9.38730e+01    9.38548e+02
     Coulomb-14        LJ (SR)  Disper. corr.   Coulomb (SR)   Coul. recip.
   -1.60561e+04    2.37582e+05   -1.06230e+05   -1.64773e+06    9.83850e+03
 Position Rest.      Potential    Kinetic En.   Total Energy  Conserved En.
    4.41551e+02   -1.51254e+06    2.65629e+05   -1.24691e+06   -1.50072e+06
    Temperature Pres. DC (bar) Pressure (bar)   Constr. rmsd
    3.50342e+02   -1.93335e+03   -1.35786e+03    2.77212e-06

           Step           Time
          10500       21.00000

   Energies (kJ/mol)
           Bond          Angle    Proper Dih.  Improper Dih.          LJ-14
    1.51720e+03    2.94175e+03    3.79542e+03    1.13336e+02    9.46438e+02
     Coulomb-14        LJ (SR)  Disper. corr.   Coulomb (SR)   Coul. recip.
   -1.60671e+04    2.38704e+05   -1.06230e+05   -1.65021e+06    9.75891e+03
 Position Rest.      Potential    Kinetic En.   Total Energy  Conserved En.
    4.79515e+02   -1.51425e+06    2.64982e+05   -1.24927e+06   -1.50073e+06
    Temperature Pres. DC (bar) Pressure (bar)   Constr. rmsd
    3.49489e+02   -1.93335e+03   -1.15814e+03    2.46714e-06

           Step           Time
          11000       22.00000

   Energies (kJ/mol)
           Bond          Angle    Proper Dih.  Improper Dih.          LJ-14
    1.50125e+03    3.06215e+03    3.77992e+03    8.83988e+01    1.01677e+03
     Coulomb-14        LJ (SR)  Disper. corr.   Coulomb (SR)   Coul. recip.
   -1.60784e+04    2.36749e+05   -1.06230e+05   -1.64809e+06    9.80608e+03
 Position Rest.      Potential    Kinetic En.   Total Energy  Conserved En.
    4.72935e+02   -1.51392e+06    2.65434e+05   -1.24848e+06   -1.50069e+06
    Temperature Pres. DC (bar) Pressure (bar)   Constr. rmsd
    3.50084e+02   -1.93335e+03   -1.20310e+03    2.45900e-06

           Step           Time
          11500       23.00000

   Energies (kJ/mol)
           Bond          Angle    Proper Dih.  Improper Dih.          LJ-14
    1.47405e+03    3.00703e+03    3.73725e+03    8.68285e+01    9.20761e+02
     Coulomb-14        LJ (SR)  Disper. corr.   Coulomb (SR)   Coul. recip.
   -1.60773e+04    2.37804e+05   -1.06230e+05   -1.64973e+06    9.74397e+03
 Position Rest.      Potential    Kinetic En.   Total Energy  Conserved En.
    4.96658e+02   -1.51477e+06    2.65007e+05   -1.24976e+06   -1.50068e+06
    Temperature Pres. DC (bar) Pressure (bar)   Constr. rmsd
    3.49521e+02   -1.93335e+03   -1.23214e+03    2.56708e-06

           Step           Time
          12000       24.00000

   Energies (kJ/mol)
           Bond          Angle    Proper Dih.  Improper Dih.          LJ-14
    1.41503e+03    3.03590e+03    3.74886e+03    1.11642e+02    9.62131e+02
     Coulomb-14        LJ (SR)  Disper. corr.   Coulomb (SR)   Coul. recip.
   -1.59837e+04    2.36979e+05   -1.06230e+05   -1.64783e+06    9.72888e+03
 Position Rest.      Potential    Kinetic En.   Total Energy  Conserved En.
    4.55119e+02   -1.51361e+06    2.65922e+05   -1.24769e+06   -1.50067e+06
    Temperature Pres. DC (bar) Pressure (bar)   Constr. rmsd
    3.50728e+02   -1.93335e+03   -1.20209e+03    2.46076e-06

           Step           Time
          12500       25.00000

   Energies (kJ/mol)
           Bond          Angle    Proper Dih.  Improper Dih.          LJ-14
    1.61556e+03    3.10756e+03    3.83091e+03    1.21310e+02    9.34058e+02
     Coulomb-14        LJ (SR)  Disper. corr.   Coulomb (SR)   Coul. recip.
   -1.60414e+04    2.35086e+05   -1.06230e+05   -1.64570e+06    9.73091e+03
 Position Rest.      Potential    Kinetic En.   Total Energy  Conserved En.
    4.74978e+02   -1.51306e+06    2.65080e+05   -1.24799e+06   -1.50063e+06
    Temperature Pres. DC (bar) Pressure (bar)   Constr. rmsd
    3.49617e+02   -1.93335e+03   -1.32693e+03    2.71074e-06

           Step           Time
          13000       26.00000

   Energies (kJ/mol)
           Bond          Angle    Proper Dih.  Improper Dih.          LJ-14
    1.44201e+03    3.14183e+03    3.85887e+03    9.53216e+01    9.31261e+02
     Coulomb-14        LJ (SR)  Disper. corr.   Coulomb (SR)   Coul. recip.
   -1.60567e+04    2.36379e+05   -1.06230e+05   -1.64682e+06    9.78527e+03
 Position Rest.      Potential    Kinetic En.   Total Energy  Conserved En.
    3.97154e+02   -1.51307e+06    2.66251e+05   -1.24682e+06   -1.50060e+06
    Temperature Pres. DC (bar) Pressure (bar)   Constr. rmsd
    3.51163e+02   -1.93335e+03   -1.30545e+03    2.72761e-06

           Step           Time
          13500       27.00000

   Energies (kJ/mol)
           Bond          Angle    Proper Dih.  Improper Dih.          LJ-14
    1.46627e+03    2.97541e+03    3.80133e+03    9.63302e+01    9.11844e+02
     Coulomb-14        LJ (SR)  Disper. corr.   Coulomb (SR)   Coul. recip.
   -1.60890e+04    2.36892e+05   -1.06230e+05   -1.64834e+06    9.57632e+03
 Position Rest.      Potential    Kinetic En.   Total Energy  Conserved En.
    5.09438e+02   -1.51443e+06    2.66781e+05   -1.24765e+06   -1.50061e+06
    Temperature Pres. DC (bar) Pressure (bar)   Constr. rmsd
    3.51861e+02   -1.93335e+03   -1.41704e+03    3.25665e-06

           Step           Time
          14000       28.00000

   Energies (kJ/mol)
           Bond          Angle    Proper Dih.  Improper Dih.          LJ-14
    1.40172e+03    3.19948e+03    3.70339e+03    8.23919e+01    9.67983e+02
     Coulomb-14        LJ (SR)  Disper. corr.   Coulomb (SR)   Coul. recip.
   -1.61080e+04    2.36920e+05   -1.06230e+05   -1.64814e+06    9.78304e+03
 Position Rest.      Potential    Kinetic En.   Total Energy  Conserved En.
    4.83998e+02   -1.51394e+06    2.64718e+05   -1.24922e+06   -1.50057e+06
    Temperature Pres. DC (bar) Pressure (bar)   Constr. rmsd
    3.49141e+02   -1.93335e+03   -1.39919e+03    3.48564e-06

           Step           Time
          14500       29.00000

   Energies (kJ/mol)
           Bond          Angle    Proper Dih.  Improper Dih.          LJ-14
    1.52820e+03    2.93540e+03    3.76754e+03    8.46311e+01    9.36954e+02
     Coulomb-14        LJ (SR)  Disper. corr.   Coulomb (SR)   Coul. recip.
   -1.60046e+04    2.38004e+05   -1.06230e+05   -1.64932e+06    9.82331e+03
 Position Rest.      Potential    Kinetic En.   Total Energy  Conserved En.
    4.79759e+02   -1.51400e+06    2.65919e+05   -1.24808e+06   -1.50055e+06
    Temperature Pres. DC (bar) Pressure (bar)   Constr. rmsd
    3.50724e+02   -1.93335e+03   -1.35724e+03    2.55130e-06

           Step           Time
          15000       30.00000

   Energies (kJ/mol)
           Bond          Angle    Proper Dih.  Improper Dih.          LJ-14
    1.33751e+03    2.88525e+03    3.69871e+03    9.04030e+01    9.93343e+02
     Coulomb-14        LJ (SR)  Disper. corr.   Coulomb (SR)   Coul. recip.
   -1.57345e+04    2.39408e+05   -1.06230e+05   -1.65235e+06    9.72004e+03
 Position Rest.      Potential    Kinetic En.   Total Energy  Conserved En.
    4.57546e+02   -1.51572e+06    2.65860e+05   -1.24986e+06   -1.50052e+06
    Temperature Pres. DC (bar) Pressure (bar)   Constr. rmsd
    3.50646e+02   -1.93335e+03   -1.22905e+03    2.60835e-06

           Step           Time
          15500       31.00000

   Energies (kJ/mol)
           Bond          Angle    Proper Dih.  Improper Dih.          LJ-14
    1.61365e+03    3.13135e+03    3.75280e+03    8.04634e+01    1.02826e+03
     Coulomb-14        LJ (SR)  Disper. corr.   Coulomb (SR)   Coul. recip.
   -1.59335e+04    2.36070e+05   -1.06230e+05   -1.64606e+06    9.70209e+03
 Position Rest.      Potential    Kinetic En.   Total Energy  Conserved En.
    4.52042e+02   -1.51239e+06    2.66010e+05   -1.24638e+06   -1.50047e+06
    Temperature Pres. DC (bar) Pressure (bar)   Constr. rmsd
    3.50844e+02   -1.93335e+03   -1.33978e+03    3.46267e-06

           Step           Time
          16000       32.00000

   Energies (kJ/mol)
           Bond          Angle    Proper Dih.  Improper Dih.          LJ-14
    1.53137e+03    2.95911e+03    3.82825e+03    6.50895e+01    9.18884e+02
     Coulomb-14        LJ (SR)  Disper. corr.   Coulomb (SR)   Coul. recip.
   -1.60350e+04    2.36644e+05   -1.06230e+05   -1.64700e+06    9.83723e+03
 Position Rest.      Potential    Kinetic En.   Total Energy  Conserved En.
    5.57717e+02   -1.51293e+06    2.66848e+05   -1.24608e+06   -1.50046e+06
    Temperature Pres. DC (bar) Pressure (bar)   Constr. rmsd
    3.51950e+02   -1.93335e+03   -1.16392e+03    2.45949e-06

           Step           Time
          16500       33.00000

   Energies (kJ/mol)
           Bond          Angle    Proper Dih.  Improper Dih.          LJ-14
    1.51153e+03    2.88575e+03    3.68497e+03    7.46997e+01    9.79950e+02
     Coulomb-14        LJ (SR)  Disper. corr.   Coulomb (SR)   Coul. recip.
   -1.59222e+04    2.38538e+05   -1.06230e+05   -1.65097e+06    9.71980e+03
 Position Rest.      Potential    Kinetic En.   Total Energy  Conserved En.
    4.96563e+02   -1.51523e+06    2.65034e+05   -1.25019e+06   -1.50042e+06
    Temperature Pres. DC (bar) Pressure (bar)   Constr. rmsd
    3.49557e+02   -1.93335e+03   -1.19094e+03    2.31245e-06

           Step           Time
          17000       34.00000

   Energies (kJ/mol)
           Bond          Angle    Proper Dih.  Improper Dih.          LJ-14
    1.57764e+03    3.03241e+03    3.73980e+03    1.02629e+02    1.00484e+03
     Coulomb-14        LJ (SR)  Disper. corr.   Coulomb (SR)   Coul. recip.
   -1.59982e+04    2.37405e+05   -1.06230e+05   -1.64922e+06    9.73299e+03
 Position Rest.      Potential    Kinetic En.   Total Energy  Conserved En.
    4.85019e+02   -1.51437e+06    2.64644e+05   -1.24973e+06   -1.50037e+06
    Temperature Pres. DC (bar) Pressure (bar)   Constr. rmsd
    3.49042e+02   -1.93335e+03   -1.14674e+03    2.58478e-06

           Step           Time
          17500       35.00000

   Energies (kJ/mol)
           Bond          Angle    Proper Dih.  Improper Dih.          LJ-14
    1.63431e+03    2.96411e+03    3.78619e+03    9.56167e+01    9.76077e+02
     Coulomb-14        LJ (SR)  Disper. corr.   Coulomb (SR)   Coul. recip.
   -1.59841e+04    2.37524e+05   -1.06230e+05   -1.64729e+06    1.00220e+04
 Position Rest.      Potential    Kinetic En.   Total Energy  Conserved En.
    4.50939e+02   -1.51205e+06    2.65802e+05   -1.24624e+06   -1.50038e+06
    Temperature Pres. DC (bar) Pressure (bar)   Constr. rmsd
    3.50570e+02   -1.93335e+03   -1.19153e+03    3.40562e-06

           Step           Time
          18000       36.00000

   Energies (kJ/mol)
           Bond          Angle    Proper Dih.  Improper Dih.          LJ-14
    1.60198e+03    2.82882e+03    3.80329e+03    9.68345e+01    9.73021e+02
     Coulomb-14        LJ (SR)  Disper. corr.   Coulomb (SR)   Coul. recip.
   -1.59677e+04    2.35815e+05   -1.06230e+05   -1.64836e+06    9.54977e+03
 Position Rest.      Potential    Kinetic En.   Total Energy  Conserved En.
    4.61292e+02   -1.51542e+06    2.64145e+05   -1.25128e+06   -1.50038e+06
    Temperature Pres. DC (bar) Pressure (bar)   Constr. rmsd
    3.48385e+02   -1.93335e+03   -1.40092e+03    2.59426e-06

           Step           Time
          18500       37.00000

   Energies (kJ/mol)
           Bond          Angle    Proper Dih.  Improper Dih.          LJ-14
    1.51684e+03    3.07996e+03    3.75697e+03    9.14094e+01    9.76046e+02
     Coulomb-14        LJ (SR)  Disper. corr.   Coulomb (SR)   Coul. recip.
   -1.59402e+04    2.36706e+05   -1.06230e+05   -1.64718e+06    9.68768e+03
 Position Rest.      Potential    Kinetic En.   Total Energy  Conserved En.
    4.71248e+02   -1.51307e+06    2.65288e+05   -1.24778e+06   -1.50032e+06
    Temperature Pres. DC (bar) Pressure (bar)   Constr. rmsd
    3.49892e+02   -1.93335e+03   -1.24213e+03    2.57768e-06

           Step           Time
          19000       38.00000

   Energies (kJ/mol)
           Bond          Angle    Proper Dih.  Improper Dih.          LJ-14
    1.49117e+03    2.87675e+03    3.73035e+03    9.31637e+01    9.91527e+02
     Coulomb-14        LJ (SR)  Disper. corr.   Coulomb (SR)   Coul. recip.
   -1.60786e+04    2.37779e+05   -1.06230e+05   -1.64689e+06    9.92550e+03
 Position Rest.      Potential    Kinetic En.   Total Energy  Conserved En.
    5.28117e+02   -1.51179e+06    2.65923e+05   -1.24586e+06   -1.50031e+06
    Temperature Pres. DC (bar) Pressure (bar)   Constr. rmsd
    3.50729e+02   -1.93335e+03   -1.15791e+03    2.74813e-06

           Step           Time
          19500       39.00000

   Energies (kJ/mol)
           Bond          Angle    Proper Dih.  Improper Dih.          LJ-14
    1.54637e+03    2.93502e+03    3.80093e+03    9.74095e+01    1.00428e+03
     Coulomb-14        LJ (SR)  Disper. corr.   Coulomb (SR)   Coul. recip.
   -1.60317e+04    2.35727e+05   -1.06230e+05   -1.64675e+06    9.78076e+03
 Position Rest.      Potential    Kinetic En.   Total Energy  Conserved En.
    4.86746e+02   -1.51364e+06    2.65762e+05   -1.24787e+06   -1.50027e+06
    Temperature Pres. DC (bar) Pressure (bar)   Constr. rmsd
    3.50516e+02   -1.93335e+03   -1.28832e+03    3.51433e-06

           Step           Time
          20000       40.00000

   Energies (kJ/mol)
           Bond          Angle    Proper Dih.  Improper Dih.          LJ-14
    1.47763e+03    2.87476e+03    3.71907e+03    9.08302e+01    9.72767e+02
     Coulomb-14        LJ (SR)  Disper. corr.   Coulomb (SR)   Coul. recip.
   -1.58711e+04    2.38858e+05   -1.06230e+05   -1.65039e+06    9.67681e+03
 Position Rest.      Potential    Kinetic En.   Total Energy  Conserved En.
    5.92250e+02   -1.51423e+06    2.63838e+05   -1.25039e+06   -1.50024e+06
    Temperature Pres. DC (bar) Pressure (bar)   Constr. rmsd
    3.47979e+02   -1.93335e+03   -1.03822e+03    2.64297e-06

           Step           Time
          20500       41.00000

   Energies (kJ/mol)
           Bond          Angle    Proper Dih.  Improper Dih.          LJ-14
    1.63691e+03    2.94959e+03    3.73743e+03    9.26577e+01    9.23441e+02
     Coulomb-14        LJ (SR)  Disper. corr.   Coulomb (SR)   Coul. recip.
   -1.60114e+04    2.37083e+05   -1.06230e+05   -1.64796e+06    9.55522e+03
 Position Rest.      Potential    Kinetic En.   Total Energy  Conserved En.
    4.69574e+02   -1.51376e+06    2.66696e+05   -1.24706e+06   -1.50023e+06
    Temperature Pres. DC (bar) Pressure (bar)   Constr. rmsd
    3.51749e+02   -1.93335e+03   -1.27764e+03    3.39755e-06

           Step           Time
          21000       42.00000

   Energies (kJ/mol)
           Bond          Angle    Proper Dih.  Improper Dih.          LJ-14
    1.57952e+03    3.14211e+03    3.75138e+03    9.40448e+01    9.94255e+02
     Coulomb-14        LJ (SR)  Disper. corr.   Coulomb (SR)   Coul. recip.
   -1.58982e+04    2.33753e+05   -1.06230e+05   -1.64183e+06    9.75656e+03
 Position Rest.      Potential    Kinetic En.   Total Energy  Conserved En.
    5.39226e+02   -1.51034e+06    2.67411e+05   -1.24293e+06   -1.50022e+06
    Temperature Pres. DC (bar) Pressure (bar)   Constr. rmsd
    3.52691e+02   -1.93335e+03   -1.38161e+03    2.56404e-06

           Step           Time
          21500       43.00000

   Energies (kJ/mol)
           Bond          Angle    Proper Dih.  Improper Dih.          LJ-14
    1.41192e+03    2.93911e+03    3.68154e+03    1.03419e+02    9.65023e+02
     Coulomb-14        LJ (SR)  Disper. corr.   Coulomb (SR)   Coul. recip.
   -1.61516e+04    2.36840e+05   -1.06230e+05   -1.64800e+06    9.78402e+03
 Position Rest.      Potential    Kinetic En.   Total Energy  Conserved En.
    5.05118e+02   -1.51415e+06    2.65228e+05   -1.24893e+06   -1.50019e+06
    Temperature Pres. DC (bar) Pressure (bar)   Constr. rmsd
    3.49813e+02   -1.93335e+03   -1.37745e+03    3.25879e-06

           Step           Time
          22000       44.00000

   Energies (kJ/mol)
           Bond          Angle    Proper Dih.  Improper Dih.          LJ-14
    1.53696e+03    2.98574e+03    3.76704e+03    8.31298e+01    9.09561e+02
     Coulomb-14        LJ (SR)  Disper. corr.   Coulomb (SR)   Coul. recip.
   -1.60748e+04    2.38748e+05   -1.06230e+05   -1.65084e+06    9.68543e+03
 Position Rest.      Potential    Kinetic En.   Total Energy  Conserved En.
    4.94650e+02   -1.51494e+06    2.66779e+05   -1.24816e+06   -1.50018e+06
    Temperature Pres. DC (bar) Pressure (bar)   Constr. rmsd
    3.51859e+02   -1.93335e+03   -1.19510e+03    2.45220e-06

           Step           Time
          22500       45.00000

   Energies (kJ/mol)
           Bond          Angle    Proper Dih.  Improper Dih.          LJ-14
    1.55407e+03    3.31687e+03    3.83284e+03    1.04569e+02    9.58981e+02
     Coulomb-14        LJ (SR)  Disper. corr.   Coulomb (SR)   Coul. recip.
   -1.61506e+04    2.38291e+05   -1.06230e+05   -1.65008e+06    9.78151e+03
 Position Rest.      Potential    Kinetic En.   Total Energy  Conserved En.
    4.90364e+02   -1.51413e+06    2.65377e+05   -1.24875e+06   -1.50012e+06
    Temperature Pres. DC (bar) Pressure (bar)   Constr. rmsd
    3.50010e+02   -1.93335e+03   -1.24660e+03    3.18993e-06

           Step           Time
          23000       46.00000

   Energies (kJ/mol)
           Bond          Angle    Proper Dih.  Improper Dih.          LJ-14
    1.46773e+03    3.19647e+03    3.74827e+03    7.81928e+01    9.40882e+02
     Coulomb-14        LJ (SR)  Disper. corr.   Coulomb (SR)   Coul. recip.
   -1.61633e+04    2.36389e+05   -1.06230e+05   -1.64576e+06    9.95035e+03
 Position Rest.      Potential    Kinetic En.   Total Energy  Conserved En.
    5.01122e+02   -1.51188e+06    2.64932e+05   -1.24695e+06   -1.50009e+06
    Temperature Pres. DC (bar) Pressure (bar)   Constr. rmsd
    3.49422e+02   -1.93335e+03   -1.06341e+03    2.86095e-06

           Step           Time
          23500       47.00000

   Energies (kJ/mol)
           Bond          Angle    Proper Dih.  Improper Dih.          LJ-14
    1.45388e+03    2.93109e+03    3.86088e+03    8.55193e+01    9.99974e+02
     Coulomb-14        LJ (SR)  Disper. corr.   Coulomb (SR)   Coul. recip.
   -1.59235e+04    2.35476e+05   -1.06230e+05   -1.64631e+06    9.92179e+03
 Position Rest.      Potential    Kinetic En.   Total Energy  Conserved En.
    4.81479e+02   -1.51326e+06    2.65199e+05   -1.24806e+06   -1.50008e+06
    Temperature Pres. DC (bar) Pressure (bar)   Constr. rmsd
    3.49775e+02   -1.93335e+03   -1.38958e+03    2.82847e-06

           Step           Time
          24000       48.00000

   Energies (kJ/mol)
           Bond          Angle    Proper Dih.  Improper Dih.          LJ-14
    1.39219e+03    2.87317e+03    3.81479e+03    1.08406e+02    9.44130e+02
     Coulomb-14        LJ (SR)  Disper. corr.   Coulomb (SR)   Coul. recip.
   -1.59605e+04    2.38218e+05   -1.06230e+05   -1.65114e+06    9.81387e+03
 Position Rest.      Potential    Kinetic En.   Total Energy  Conserved En.
    5.11377e+02   -1.51565e+06    2.63917e+05   -1.25174e+06   -1.50005e+06
    Temperature Pres. DC (bar) Pressure (bar)   Constr. rmsd
    3.48084e+02   -1.93335e+03   -1.36324e+03    2.67317e-06

           Step           Time
          24500       49.00000

   Energies (kJ/mol)
           Bond          Angle    Proper Dih.  Improper Dih.          LJ-14
    1.60127e+03    3.08955e+03    3.79758e+03    1.09471e+02    9.60574e+02
     Coulomb-14        LJ (SR)  Disper. corr.   Coulomb (SR)   Coul. recip.
   -1.59914e+04    2.38092e+05   -1.06230e+05   -1.64996e+06    9.74478e+03
 Position Rest.      Potential    Kinetic En.   Total Energy  Conserved En.
    5.00079e+02   -1.51429e+06    2.65786e+05   -1.24850e+06   -1.50001e+06
    Temperature Pres. DC (bar) Pressure (bar)   Constr. rmsd
    3.50549e+02   -1.93335e+03   -1.16013e+03    2.61257e-06

           Step           Time
          25000       50.00000

   Energies (kJ/mol)
           Bond          Angle    Proper Dih.  Improper Dih.          LJ-14
    1.52642e+03    2.97474e+03    3.77278e+03    8.52249e+01    9.52400e+02
     Coulomb-14        LJ (SR)  Disper. corr.   Coulomb (SR)   Coul. recip.
   -1.59785e+04    2.34967e+05   -1.06230e+05   -1.64724e+06    9.73936e+03
 Position Rest.      Potential    Kinetic En.   Total Energy  Conserved En.
    4.60757e+02   -1.51497e+06    2.63479e+05   -1.25149e+06   -1.49999e+06
    Temperature Pres. DC (bar) Pressure (bar)   Constr. rmsd
    3.47506e+02   -1.93335e+03   -1.40968e+03    2.60615e-06

           Step           Time
          25500       51.00000

   Energies (kJ/mol)
           Bond          Angle    Proper Dih.  Improper Dih.          LJ-14
    1.52729e+03    2.98289e+03    3.74514e+03    1.00766e+02    9.86139e+02
     Coulomb-14        LJ (SR)  Disper. corr.   Coulomb (SR)   Coul. recip.
   -1.60398e+04    2.37397e+05   -1.06230e+05   -1.64906e+06    9.92584e+03
 Position Rest.      Potential    Kinetic En.   Total Energy  Conserved En.
    5.25026e+02   -1.51413e+06    2.64918e+05   -1.24922e+06   -1.49998e+06
    Temperature Pres. DC (bar) Pressure (bar)   Constr. rmsd
    3.49403e+02   -1.93335e+03   -1.17898e+03    3.02707e-06

           Step           Time
          26000       52.00000

   Energies (kJ/mol)
           Bond          Angle    Proper Dih.  Improper Dih.          LJ-14
    1.48654e+03    2.95088e+03    3.77084e+03    9.96733e+01    1.00549e+03
     Coulomb-14        LJ (SR)  Disper. corr.   Coulomb (SR)   Coul. recip.
   -1.60071e+04    2.36568e+05   -1.06230e+05   -1.64857e+06    9.83122e+03
 Position Rest.      Potential    Kinetic En.   Total Energy  Conserved En.
    5.06906e+02   -1.51459e+06    2.64808e+05   -1.24978e+06   -1.49995e+06
    Temperature Pres. DC (bar) Pressure (bar)   Constr. rmsd
    3.49258e+02   -1.93335e+03   -1.31657e+03    2.75874e-06

           Step           Time
          26500       53.00000

   Energies (kJ/mol)
           Bond          Angle    Proper Dih.  Improper Dih.          LJ-14
    1.52601e+03    2.93613e+03    3.76847e+03    8.20847e+01    1.05874e+03
     Coulomb-14        LJ (SR)  Disper. corr.   Coulomb (SR)   Coul. recip.
   -1.58517e+04    2.36575e+05   -1.06230e+05   -1.64728e+06    9.93523e+03
 Position Rest.      Potential    Kinetic En.   Total Energy  Conserved En.
    4.70811e+02   -1.51301e+06    2.64996e+05   -1.24802e+06   -1.49992e+06
    Temperature Pres. DC (bar) Pressure (bar)   Constr. rmsd
    3.49507e+02   -1.93335e+03   -1.27034e+03    2.60020e-06

           Step           Time
          27000       54.00000

   Energies (kJ/mol)
           Bond          Angle    Proper Dih.  Improper Dih.          LJ-14
    1.50119e+03    2.98782e+03    3.83726e+03    9.32704e+01    9.59706e+02
     Coulomb-14        LJ (SR)  Disper. corr.   Coulomb (SR)   Coul. recip.
   -1.59779e+04    2.35172e+05   -1.06230e+05   -1.64594e+06    9.64496e+03
 Position Rest.      Potential    Kinetic En.   Total Energy  Conserved En.
    4.90630e+02   -1.51346e+06    2.64545e+05   -1.24891e+06   -1.49992e+06
    Temperature Pres. DC (bar) Pressure (bar)   Constr. rmsd
    3.48912e+02   -1.93335e+03   -1.48750e+03    2.56902e-06

           Step           Time
          27500       55.00000

   Energies (kJ/mol)
           Bond          Angle    Proper Dih.  Improper Dih.          LJ-14
    1.55169e+03    2.87434e+03    3.77108e+03    9.39520e+01    9.71767e+02
     Coulomb-14        LJ (SR)  Disper. corr.   Coulomb (SR)   Coul. recip.
   -1.60679e+04    2.35291e+05   -1.06230e+05   -1.64507e+06    9.73636e+03
 Position Rest.      Potential    Kinetic En.   Total Energy  Conserved En.
    5.26123e+02   -1.51255e+06    2.65506e+05   -1.24704e+06   -1.49988e+06
    Temperature Pres. DC (bar) Pressure (bar)   Constr. rmsd
    3.50179e+02   -1.93335e+03   -1.33723e+03    2.81228e-06

           Step           Time
          28000       56.00000

   Energies (kJ/mol)
           Bond          Angle    Proper Dih.  Improper Dih.          LJ-14
    1.53594e+03    3.03935e+03    3.81010e+03    9.17663e+01    9.37916e+02
     Coulomb-14        LJ (SR)  Disper. corr.   Coulomb (SR)   Coul. recip.
   -1.59260e+04    2.36892e+05   -1.06230e+05   -1.64624e+06    9.71075e+03
 Position Rest.      Potential    Kinetic En.   Total Energy  Conserved En.
    4.82313e+02   -1.51189e+06    2.65157e+05   -1.24673e+06   -1.49986e+06
    Temperature Pres. DC (bar) Pressure (bar)   Constr. rmsd
    3.49719e+02   -1.93335e+03   -1.23589e+03    2.68756e-06

           Step           Time
          28500       57.00000

   Energies (kJ/mol)
           Bond          Angle    Proper Dih.  Improper Dih.          LJ-14
    1.42290e+03    3.02600e+03    3.76844e+03    9.59736e+01    9.45116e+02
     Coulomb-14        LJ (SR)  Disper. corr.   Coulomb (SR)   Coul. recip.
   -1.59440e+04    2.34967e+05   -1.06230e+05   -1.64675e+06    9.51786e+03
 Position Rest.      Potential    Kinetic En.   Total Energy  Conserved En.
    5.53727e+02   -1.51463e+06    2.66244e+05   -1.24838e+06   -1.49986e+06
    Temperature Pres. DC (bar) Pressure (bar)   Constr. rmsd
    3.51153e+02   -1.93335e+03   -1.44643e+03    2.37321e-06

           Step           Time
          29000       58.00000

   Energies (kJ/mol)
           Bond          Angle    Proper Dih.  Improper Dih.          LJ-14
    1.43664e+03    3.03315e+03    3.78481e+03    8.62854e+01    9.60082e+02
     Coulomb-14        LJ (SR)  Disper. corr.   Coulomb (SR)   Coul. recip.
   -1.60087e+04    2.36618e+05   -1.06230e+05   -1.64753e+06    9.81417e+03
 Position Rest.      Potential    Kinetic En.   Total Energy  Conserved En.
    4.54787e+02   -1.51358e+06    2.64704e+05   -1.24888e+06   -1.49982e+06
    Temperature Pres. DC (bar) Pressure (bar)   Constr. rmsd
    3.49122e+02   -1.93335e+03   -1.11984e+03    2.81920e-06

           Step           Time
          29500       59.00000

   Energies (kJ/mol)
           Bond          Angle    Proper Dih.  Improper Dih.          LJ-14
    1.39458e+03    3.09082e+03    3.72865e+03    9.81192e+01    9.38601e+02
     Coulomb-14        LJ (SR)  Disper. corr.   Coulomb (SR)   Coul. recip.
   -1.60190e+04    2.37511e+05   -1.06230e+05   -1.64905e+06    9.80227e+03
 Position Rest.      Potential    Kinetic En.   Total Energy  Conserved En.
    5.38020e+02   -1.51420e+06    2.64902e+05   -1.24930e+06   -1.49979e+06
    Temperature Pres. DC (bar) Pressure (bar)   Constr. rmsd
    3.49383e+02   -1.93335e+03   -1.18146e+03    2.60702e-06

           Step           Time
          30000       60.00000

   Energies (kJ/mol)
           Bond          Angle    Proper Dih.  Improper Dih.          LJ-14
    1.43408e+03    2.89991e+03    3.79023e+03    9.68476e+01    9.63011e+02
     Coulomb-14        LJ (SR)  Disper. corr.   Coulomb (SR)   Coul. recip.
   -1.58637e+04    2.35535e+05   -1.06230e+05   -1.64896e+06    9.83456e+03
 Position Rest.      Potential    Kinetic En.   Total Energy  Conserved En.
    4.77631e+02   -1.51603e+06    2.65010e+05   -1.25102e+06   -1.49977e+06
    Temperature Pres. DC (bar) Pressure (bar)   Constr. rmsd
    3.49525e+02   -1.93335e+03   -1.27578e+03    2.74659e-06

           Step           Time
          30500       61.00000

   Energies (kJ/mol)
           Bond          Angle    Proper Dih.  Improper Dih.          LJ-14
    1.45056e+03    3.16817e+03    3.77718e+03    1.00237e+02    9.38930e+02
     Coulomb-14        LJ (SR)  Disper. corr.   Coulomb (SR)   Coul. recip.
   -1.60364e+04    2.34501e+05   -1.06230e+05   -1.64423e+06    9.98221e+03
 Position Rest.      Potential    Kinetic En.   Total Energy  Conserved En.
    4.93373e+02   -1.51209e+06    2.65439e+05   -1.24665e+06   -1.49973e+06
    Temperature Pres. DC (bar) Pressure (bar)   Constr. rmsd
    3.50091e+02   -1.93335e+03   -1.47384e+03    2.75773e-06

           Step           Time
          31000       62.00000

   Energies (kJ/mol)
           Bond          Angle    Proper Dih.  Improper Dih.          LJ-14
    1.55353e+03    3.14338e+03    3.76856e+03    8.27276e+01    1.01118e+03
     Coulomb-14        LJ (SR)  Disper. corr.   Coulomb (SR)   Coul. recip.
   -1.61964e+04    2.37634e+05   -1.06230e+05   -1.64642e+06    9.88568e+03
 Position Rest.      Potential    Kinetic En.   Total Energy  Conserved En.
    4.84337e+02   -1.51129e+06    2.64498e+05   -1.24679e+06   -1.49970e+06
    Temperature Pres. DC (bar) Pressure (bar)   Constr. rmsd
    3.48851e+02   -1.93335e+03   -1.17661e+03    2.60819e-06

           Step           Time
          31500       63.00000

   Energies (kJ/mol)
           Bond          Angle    Proper Dih.  Improper Dih.          LJ-14
    1.37113e+03    2.93748e+03    3.85729e+03    1.09718e+02    1.02201e+03
     Coulomb-14        LJ (SR)  Disper. corr.   Coulomb (SR)   Coul. recip.
   -1.59314e+04    2.36907e+05   -1.06230e+05   -1.64691e+06    9.72355e+03
 Position Rest.      Potential    Kinetic En.   Total Energy  Conserved En.
    4.64353e+02   -1.51268e+06    2.64781e+05   -1.24790e+06   -1.49968e+06
    Temperature Pres. DC (bar) Pressure (bar)   Constr. rmsd
    3.49223e+02   -1.93335e+03   -1.23338e+03    2.99272e-06

           Step           Time
          32000       64.00000

   Energies (kJ/mol)
           Bond          Angle    Proper Dih.  Improper Dih.          LJ-14
    1.44106e+03    3.12947e+03    3.74993e+03    8.72883e+01    9.40592e+02
     Coulomb-14        LJ (SR)  Disper. corr.   Coulomb (SR)   Coul. recip.
   -1.61269e+04    2.34776e+05   -1.06230e+05   -1.64623e+06    9.85740e+03
 Position Rest.      Potential    Kinetic En.   Total Energy  Conserved En.
    5.27940e+02   -1.51407e+06    2.66237e+05   -1.24784e+06   -1.49966e+06
    Temperature Pres. DC (bar) Pressure (bar)   Constr. rmsd
    3.51144e+02   -1.93335e+03   -1.40071e+03    3.57174e-06

           Step           Time
          32500       65.00000

   Energies (kJ/mol)
           Bond          Angle    Proper Dih.  Improper Dih.          LJ-14
    1.52416e+03    2.98470e+03    3.80921e+03    1.04907e+02    8.95413e+02
     Coulomb-14        LJ (SR)  Disper. corr.   Coulomb (SR)   Coul. recip.
   -1.59302e+04    2.38805e+05   -1.06230e+05   -1.65053e+06    9.72726e+03
 Position Rest.      Potential    Kinetic En.   Total Energy  Conserved En.
    5.00768e+02   -1.51434e+06    2.65205e+05   -1.24913e+06   -1.49965e+06
    Temperature Pres. DC (bar) Pressure (bar)   Constr. rmsd
    3.49783e+02   -1.93335e+03   -1.26037e+03    3.65278e-06

           Step           Time
          33000       66.00000

   Energies (kJ/mol)
           Bond          Angle    Proper Dih.  Improper Dih.          LJ-14
    1.57256e+03    3.07207e+03    3.79183e+03    1.01693e+02    9.51414e+02
     Coulomb-14        LJ (SR)  Disper. corr.   Coulomb (SR)   Coul. recip.
   -1.60770e+04    2.36084e+05   -1.06230e+05   -1.64671e+06    9.71334e+03
 Position Rest.      Potential    Kinetic En.   Total Energy  Conserved En.
    4.87224e+02   -1.51324e+06    2.64588e+05   -1.24865e+06   -1.49962e+06
    Temperature Pres. DC (bar) Pressure (bar)   Constr. rmsd
    3.48968e+02   -1.93335e+03   -1.39682e+03    2.38611e-06

           Step           Time
          33500       67.00000

   Energies (kJ/mol)
           Bond          Angle    Proper Dih.  Improper Dih.          LJ-14
    1.62682e+03    2.93586e+03    3.74937e+03    9.39284e+01    9.49051e+02
     Coulomb-14        LJ (SR)  Disper. corr.   Coulomb (SR)   Coul. recip.
   -1.59828e+04    2.35215e+05   -1.06230e+05   -1.64517e+06    9.64920e+03
 Position Rest.      Potential    Kinetic En.   Total Energy  Conserved En.
    5.18473e+02   -1.51264e+06    2.64892e+05   -1.24775e+06   -1.49961e+06
    Temperature Pres. DC (bar) Pressure (bar)   Constr. rmsd
    3.49369e+02   -1.93335e+03   -1.45944e+03    2.89569e-06

           Step           Time
          34000       68.00000

   Energies (kJ/mol)
           Bond          Angle    Proper Dih.  Improper Dih.          LJ-14
    1.54936e+03    2.96439e+03    3.72719e+03    7.99114e+01    9.38665e+02
     Coulomb-14        LJ (SR)  Disper. corr.   Coulomb (SR)   Coul. recip.
   -1.60310e+04    2.37554e+05   -1.06230e+05   -1.64956e+06    9.72584e+03
 Position Rest.      Potential    Kinetic En.   Total Energy  Conserved En.
    4.85948e+02   -1.51479e+06    2.65214e+05   -1.24958e+06   -1.49957e+06
    Temperature Pres. DC (bar) Pressure (bar)   Constr. rmsd
    3.49794e+02   -1.93335e+03   -1.24318e+03    3.32017e-06

           Step           Time
          34500       69.00000

   Energies (kJ/mol)
           Bond          Angle    Proper Dih.  Improper Dih.          LJ-14
    1.53747e+03    3.08050e+03    3.80695e+03    1.01570e+02    9.91162e+02
     Coulomb-14        LJ (SR)  Disper. corr.   Coulomb (SR)   Coul. recip.
   -1.60807e+04    2.35607e+05   -1.06230e+05   -1.64721e+06    9.86933e+03
 Position Rest.      Potential    Kinetic En.   Total Energy  Conserved En.
    4.74849e+02   -1.51405e+06    2.65010e+05   -1.24904e+06   -1.49954e+06
    Temperature Pres. DC (bar) Pressure (bar)   Constr. rmsd
    3.49525e+02   -1.93335e+03   -1.24332e+03    2.71351e-06

           Step           Time
          35000       70.00000

   Energies (kJ/mol)
           Bond          Angle    Proper Dih.  Improper Dih.          LJ-14
    1.55446e+03    2.98276e+03    3.92416e+03    1.18359e+02    9.96566e+02
     Coulomb-14        LJ (SR)  Disper. corr.   Coulomb (SR)   Coul. recip.
   -1.59611e+04    2.39187e+05   -1.06230e+05   -1.64856e+06    9.86808e+03
 Position Rest.      Potential    Kinetic En.   Total Energy  Conserved En.
    4.87024e+02   -1.51164e+06    2.64909e+05   -1.24673e+06   -1.49951e+06
    Temperature Pres. DC (bar) Pressure (bar)   Constr. rmsd
    3.49392e+02   -1.93335e+03   -1.26907e+03    3.32618e-06

           Step           Time
          35500       71.00000

   Energies (kJ/mol)
           Bond          Angle    Proper Dih.  Improper Dih.          LJ-14
    1.56752e+03    3.14384e+03    3.83415e+03    9.78117e+01    9.86987e+02
     Coulomb-14        LJ (SR)  Disper. corr.   Coulomb (SR)   Coul. recip.
   -1.61112e+04    2.37532e+05   -1.06230e+05   -1.64972e+06    9.85843e+03
 Position Rest.      Potential    Kinetic En.   Total Energy  Conserved En.
    5.18710e+02   -1.51452e+06    2.65000e+05   -1.24952e+06   -1.49948e+06
    Temperature Pres. DC (bar) Pressure (bar)   Constr. rmsd
    3.49512e+02   -1.93335e+03   -1.22851e+03    2.76169e-06

           Step           Time
          36000       72.00000

   Energies (kJ/mol)
           Bond          Angle    Proper Dih.  Improper Dih.          LJ-14
    1.41819e+03    3.05293e+03    3.88748e+03    9.52816e+01    1.00736e+03
     Coulomb-14        LJ (SR)  Disper. corr.   Coulomb (SR)   Coul. recip.
   -1.59988e+04    2.35547e+05   -1.06230e+05   -1.64584e+06    9.77126e+03
 Position Rest.      Potential    Kinetic En.   Total Energy  Conserved En.
    5.34882e+02   -1.51276e+06    2.66153e+05   -1.24660e+06   -1.49947e+06
    Temperature Pres. DC (bar) Pressure (bar)   Constr. rmsd
    3.51033e+02   -1.93335e+03   -1.35136e+03    2.36926e-06

           Step           Time
          36500       73.00000

   Energies (kJ/mol)
           Bond          Angle    Proper Dih.  Improper Dih.          LJ-14
    1.46913e+03    3.02487e+03    3.82125e+03    9.49485e+01    9.30707e+02
     Coulomb-14        LJ (SR)  Disper. corr.   Coulomb (SR)   Coul. recip.
   -1.60448e+04    2.36978e+05   -1.06230e+05   -1.64725e+06    9.71486e+03
 Position Rest.      Potential    Kinetic En.   Total Energy  Conserved En.
    5.04110e+02   -1.51299e+06    2.65190e+05   -1.24780e+06   -1.49946e+06
    Temperature Pres. DC (bar) Pressure (bar)   Constr. rmsd
    3.49763e+02   -1.93335e+03   -1.19070e+03    2.56907e-06

           Step           Time
          37000       74.00000

   Energies (kJ/mol)
           Bond          Angle    Proper Dih.  Improper Dih.          LJ-14
    1.43712e+03    2.93978e+03    3.62833e+03    7.55778e+01    9.24594e+02
     Coulomb-14        LJ (SR)  Disper. corr.   Coulomb (SR)   Coul. recip.
   -1.59541e+04    2.37068e+05   -1.06230e+05   -1.64847e+06    9.67849e+03
 Position Rest.      Potential    Kinetic En.   Total Energy  Conserved En.
    5.52716e+02   -1.51435e+06    2.66358e+05   -1.24800e+06   -1.49943e+06
    Temperature Pres. DC (bar) Pressure (bar)   Constr. rmsd
    3.51304e+02   -1.93335e+03   -1.31258e+03    2.95097e-06

           Step           Time
          37500       75.00000

   Energies (kJ/mol)
           Bond          Angle    Proper Dih.  Improper Dih.          LJ-14
    1.58052e+03    3.04934e+03    3.78637e+03    8.18799e+01    9.73409e+02
     Coulomb-14        LJ (SR)  Disper. corr.   Coulomb (SR)   Coul. recip.
   -1.61355e+04    2.37618e+05   -1.06230e+05   -1.64920e+06    9.75542e+03
 Position Rest.      Potential    Kinetic En.   Total Energy  Conserved En.
    5.18237e+02   -1.51420e+06    2.64380e+05   -1.24982e+06   -1.49937e+06
    Temperature Pres. DC (bar) Pressure (bar)   Constr. rmsd
    3.48695e+02   -1.93335e+03   -1.25688e+03    2.93948e-06

           Step           Time
          38000       76.00000

   Energies (kJ/mol)
           Bond          Angle    Proper Dih.  Improper Dih.          LJ-14
    1.45636e+03    3.17329e+03    3.72566e+03    8.79051e+01    1.01009e+03
     Coulomb-14        LJ (SR)  Disper. corr.   Coulomb (SR)   Coul. recip.
   -1.58666e+04    2.37938e+05   -1.06230e+05   -1.65079e+06    9.72900e+03
 Position Rest.      Potential    Kinetic En.   Total Energy  Conserved En.
    5.32313e+02   -1.51524e+06    2.65542e+05   -1.24969e+06   -1.49937e+06
    Temperature Pres. DC (bar) Pressure (bar)   Constr. rmsd
    3.50228e+02   -1.93335e+03   -1.27577e+03    2.98251e-06

           Step           Time
          38500       77.00000

   Energies (kJ/mol)
           Bond          Angle    Proper Dih.  Improper Dih.          LJ-14
    1.32053e+03    2.95674e+03    3.70237e+03    8.56354e+01    9.77291e+02
     Coulomb-14        LJ (SR)  Disper. corr.   Coulomb (SR)   Coul. recip.
   -1.58380e+04    2.37521e+05   -1.06230e+05   -1.65043e+06    9.71555e+03
 Position Rest.      Potential    Kinetic En.   Total Energy  Conserved En.
    4.84385e+02   -1.51574e+06    2.65173e+05   -1.25056e+06   -1.49935e+06
    Temperature Pres. DC (bar) Pressure (bar)   Constr. rmsd
    3.49741e+02   -1.93335e+03   -1.24606e+03    2.66529e-06

           Step           Time
          39000       78.00000

   Energies (kJ/mol)
           Bond          Angle    Proper Dih.  Improper Dih.          LJ-14
    1.59016e+03    2.91371e+03    3.79215e+03    9.37024e+01    9.24366e+02
     Coulomb-14        LJ (SR)  Disper. corr.   Coulomb (SR)   Coul. recip.
   -1.58442e+04    2.35025e+05   -1.06230e+05   -1.64578e+06    9.70498e+03
 Position Rest.      Potential    Kinetic En.   Total Energy  Conserved En.
    5.02915e+02   -1.51331e+06    2.64320e+05   -1.24899e+06   -1.49931e+06
    Temperature Pres. DC (bar) Pressure (bar)   Constr. rmsd
    3.48615e+02   -1.93335e+03   -1.48983e+03    2.61310e-06

           Step           Time
          39500       79.00000

   Energies (kJ/mol)
           Bond          Angle    Proper Dih.  Improper Dih.          LJ-14
    1.40458e+03    3.14044e+03    3.77413e+03    1.04617e+02    9.73608e+02
     Coulomb-14        LJ (SR)  Disper. corr.   Coulomb (SR)   Coul. recip.
   -1.60782e+04    2.37637e+05   -1.06230e+05   -1.64669e+06    9.79856e+03
 Position Rest.      Potential    Kinetic En.   Total Energy  Conserved En.
    5.54108e+02   -1.51161e+06    2.65272e+05   -1.24634e+06   -1.49928e+06
    Temperature Pres. DC (bar) Pressure (bar)   Constr. rmsd
    3.49871e+02   -1.93335e+03   -1.12840e+03    3.09756e-06

           Step           Time
          40000       80.00000

   Energies (kJ/mol)
           Bond          Angle    Proper Dih.  Improper Dih.          LJ-14
    1.45178e+03    2.81900e+03    3.81349e+03    1.09332e+02    9.99394e+02
     Coulomb-14        LJ (SR)  Disper. corr.   Coulomb (SR)   Coul. recip.
   -1.58347e+04    2.33756e+05   -1.06230e+05   -1.64434e+06    9.69802e+03
 Position Rest.      Potential    Kinetic En.   Total Energy  Conserved En.
    5.14131e+02   -1.51325e+06    2.66355e+05   -1.24689e+06   -1.49929e+06
    Temperature Pres. DC (bar) Pressure (bar)   Constr. rmsd
    3.51299e+02   -1.93335e+03   -1.46827e+03    2.56796e-06

           Step           Time
          40500       81.00000

   Energies (kJ/mol)
           Bond          Angle    Proper Dih.  Improper Dih.          LJ-14
    1.62409e+03    2.96964e+03    3.81148e+03    9.30197e+01    9.28751e+02
     Coulomb-14        LJ (SR)  Disper. corr.   Coulomb (SR)   Coul. recip.
   -1.61527e+04    2.36378e+05   -1.06230e+05   -1.64892e+06    9.63213e+03
 Position Rest.      Potential    Kinetic En.   Total Energy  Conserved En.
    5.31512e+02   -1.51533e+06    2.64020e+05   -1.25131e+06   -1.49923e+06
    Temperature Pres. DC (bar) Pressure (bar)   Constr. rmsd
    3.48220e+02   -1.93335e+03   -1.38530e+03    2.72570e-06

           Step           Time
          41000       82.00000

   Energies (kJ/mol)
           Bond          Angle    Proper Dih.  Improper Dih.          LJ-14
    1.52214e+03    2.86857e+03    3.85379e+03    8.87589e+01    9.65358e+02
     Coulomb-14        LJ (SR)  Disper. corr.   Coulomb (SR)   Coul. recip.
   -1.59219e+04    2.35791e+05   -1.06230e+05   -1.64464e+06    9.79054e+03
 Position Rest.      Potential    Kinetic En.   Total Energy  Conserved En.
    5.06773e+02   -1.51141e+06    2.67303e+05   -1.24410e+06   -1.49924e+06
    Temperature Pres. DC (bar) Pressure (bar)   Constr. rmsd
    3.52549e+02   -1.93335e+03   -1.26519e+03    2.45518e-06

           Step           Time
          41500       83.00000

   Energies (kJ/mol)
           Bond          Angle    Proper Dih.  Improper Dih.          LJ-14
    1.48445e+03    3.00607e+03    3.73667e+03    1.00722e+02    9.89403e+02
     Coulomb-14        LJ (SR)  Disper. corr.   Coulomb (SR)   Coul. recip.
   -1.59112e+04    2.38578e+05   -1.06230e+05   -1.64984e+06    9.75644e+03
 Position Rest.      Potential    Kinetic En.   Total Energy  Conserved En.
    5.58966e+02   -1.51377e+06    2.65572e+05   -1.24820e+06   -1.49920e+06
    Temperature Pres. DC (bar) Pressure (bar)   Constr. rmsd
    3.50267e+02   -1.93335e+03   -1.22153e+03    2.79559e-06

           Step           Time
          42000       84.00000

   Energies (kJ/mol)
           Bond          Angle    Proper Dih.  Improper Dih.          LJ-14
    1.50921e+03    2.88386e+03    3.78358e+03    1.12359e+02    9.77809e+02
     Coulomb-14        LJ (SR)  Disper. corr.   Coulomb (SR)   Coul. recip.
   -1.59270e+04    2.36656e+05   -1.06230e+05   -1.64795e+06    9.72529e+03
 Position Rest.      Potential    Kinetic En.   Total Energy  Conserved En.
    5.43457e+02   -1.51391e+06    2.65124e+05   -1.24879e+06   -1.49918e+06
    Temperature Pres. DC (bar) Pressure (bar)   Constr. rmsd
    3.49676e+02   -1.93335e+03   -1.37843e+03    2.43705e-06

           Step           Time
          42500       85.00000

   Energies (kJ/mol)
           Bond          Angle    Proper Dih.  Improper Dih.          LJ-14
    1.49887e+03    3.01870e+03    3.75276e+03    9.61611e+01    9.87858e+02
     Coulomb-14        LJ (SR)  Disper. corr.   Coulomb (SR)   Coul. recip.
   -1.60490e+04    2.34244e+05   -1.06230e+05   -1.64597e+06    9.82296e+03
 Position Rest.      Potential    Kinetic En.   Total Energy  Conserved En.
    4.72837e+02   -1.51435e+06    2.66508e+05   -1.24784e+06   -1.49915e+06
    Temperature Pres. DC (bar) Pressure (bar)   Constr. rmsd
    3.51501e+02   -1.93335e+03   -1.49155e+03    3.08358e-06

           Step           Time
          43000       86.00000

   Energies (kJ/mol)
           Bond          Angle    Proper Dih.  Improper Dih.          LJ-14
    1.58403e+03    3.17256e+03    3.72300e+03    9.38427e+01    9.98029e+02
     Coulomb-14        LJ (SR)  Disper. corr.   Coulomb (SR)   Coul. recip.
   -1.60369e+04    2.37621e+05   -1.06230e+05   -1.64894e+06    9.88752e+03
 Position Rest.      Potential    Kinetic En.   Total Energy  Conserved En.
    5.43411e+02   -1.51358e+06    2.65782e+05   -1.24780e+06   -1.49909e+06
    Temperature Pres. DC (bar) Pressure (bar)   Constr. rmsd
    3.50544e+02   -1.93335e+03   -1.29206e+03    2.12780e-06

           Step           Time
          43500       87.00000

   Energies (kJ/mol)
           Bond          Angle    Proper Dih.  Improper Dih.          LJ-14
    1.55359e+03    2.97823e+03    3.69003e+03    8.46900e+01    9.93184e+02
     Coulomb-14        LJ (SR)  Disper. corr.   Coulomb (SR)   Coul. recip.
   -1.58311e+04    2.37346e+05   -1.06230e+05   -1.64940e+06    9.83524e+03
 Position Rest.      Potential    Kinetic En.   Total Energy  Conserved En.
    5.10657e+02   -1.51447e+06    2.66214e+05   -1.24825e+06   -1.49910e+06
    Temperature Pres. DC (bar) Pressure (bar)   Constr. rmsd
    3.51114e+02   -1.93335e+03   -1.21558e+03    2.75187e-06

           Step           Time
          44000       88.00000

   Energies (kJ/mol)
           Bond          Angle    Proper Dih.  Improper Dih.          LJ-14
    1.49499e+03    3.01189e+03    3.75134e+03    8.79278e+01    9.97111e+02
     Coulomb-14        LJ (SR)  Disper. corr.   Coulomb (SR)   Coul. recip.
   -1.59563e+04    2.38321e+05   -1.06230e+05   -1.64901e+06    9.78562e+03
 Position Rest.      Potential    Kinetic En.   Total Energy  Conserved En.
    5.07697e+02   -1.51323e+06    2.64560e+05   -1.24867e+06   -1.49908e+06
    Temperature Pres. DC (bar) Pressure (bar)   Constr. rmsd
    3.48931e+02   -1.93335e+03   -1.22452e+03    2.62964e-06

           Step           Time
          44500       89.00000

   Energies (kJ/mol)
           Bond          Angle    Proper Dih.  Improper Dih.          LJ-14
    1.33587e+03    2.88636e+03    3.78911e+03    8.27539e+01    9.65674e+02
     Coulomb-14        LJ (SR)  Disper. corr.   Coulomb (SR)   Coul. recip.
   -1.59225e+04    2.39624e+05   -1.06230e+05   -1.65150e+06    9.86213e+03
 Position Rest.      Potential    Kinetic En.   Total Energy  Conserved En.
    4.74993e+02   -1.51463e+06    2.65529e+05   -1.24911e+06   -1.49908e+06
    Temperature Pres. DC (bar) Pressure (bar)   Constr. rmsd
    3.50210e+02   -1.93335e+03   -1.09479e+03    3.11511e-06

           Step           Time
          45000       90.00000

   Energies (kJ/mol)
           Bond          Angle    Proper Dih.  Improper Dih.          LJ-14
    1.47487e+03    3.15787e+03    3.75003e+03    1.11036e+02    9.69697e+02
     Coulomb-14        LJ (SR)  Disper. corr.   Coulomb (SR)   Coul. recip.
   -1.58966e+04    2.36538e+05   -1.06230e+05   -1.64716e+06    9.69626e+03
 Position Rest.      Potential    Kinetic En.   Total Energy  Conserved En.
    4.60450e+02   -1.51313e+06    2.64922e+05   -1.24821e+06   -1.49902e+06
    Temperature Pres. DC (bar) Pressure (bar)   Constr. rmsd
    3.49409e+02   -1.93335e+03   -1.42843e+03    2.67110e-06

           Step           Time
          45500       91.00000

   Energies (kJ/mol)
           Bond          Angle    Proper Dih.  Improper Dih.          LJ-14
    1.53844e+03    2.90008e+03    3.81103e+03    8.85326e+01    9.43835e+02
     Coulomb-14        LJ (SR)  Disper. corr.   Coulomb (SR)   Coul. recip.
   -1.60079e+04    2.37447e+05   -1.06230e+05   -1.64926e+06    9.83029e+03
 Position Rest.      Potential    Kinetic En.   Total Energy  Conserved En.
    4.82033e+02   -1.51446e+06    2.63885e+05   -1.25057e+06   -1.49899e+06
    Temperature Pres. DC (bar) Pressure (bar)   Constr. rmsd
    3.48042e+02   -1.93335e+03   -1.22173e+03    2.49856e-06

           Step           Time
          46000       92.00000

   Energies (kJ/mol)
           Bond          Angle    Proper Dih.  Improper Dih.          LJ-14
    1.48201e+03    2.89153e+03    3.74262e+03    9.28483e+01    9.72928e+02
     Coulomb-14        LJ (SR)  Disper. corr.   Coulomb (SR)   Coul. recip.
   -1.58616e+04    2.35640e+05   -1.06230e+05   -1.64737e+06    9.82832e+03
 Position Rest.      Potential    Kinetic En.   Total Energy  Conserved En.
    4.79465e+02   -1.51434e+06    2.66086e+05   -1.24825e+06   -1.49900e+06
    Temperature Pres. DC (bar) Pressure (bar)   Constr. rmsd
    3.50944e+02   -1.93335e+03   -1.24660e+03    2.80392e-06

           Step           Time
          46500       93.00000

   Energies (kJ/mol)
           Bond          Angle    Proper Dih.  Improper Dih.          LJ-14
    1.53646e+03    3.04433e+03    3.71286e+03    9.07459e+01    9.35764e+02
     Coulomb-14        LJ (SR)  Disper. corr.   Coulomb (SR)   Coul. recip.
   -1.60208e+04    2.35753e+05   -1.06230e+05   -1.64551e+06    9.75722e+03
 Position Rest.      Potential    Kinetic En.   Total Energy  Conserved En.
    4.84640e+02   -1.51244e+06    2.64568e+05   -1.24787e+06   -1.49895e+06
    Temperature Pres. DC (bar) Pressure (bar)   Constr. rmsd
    3.48942e+02   -1.93335e+03   -1.34474e+03    2.77197e-06

           Step           Time
          47000       94.00000

   Energies (kJ/mol)
           Bond          Angle    Proper Dih.  Improper Dih.          LJ-14
    1.33022e+03    2.99657e+03    3.85947e+03    1.02131e+02    9.69560e+02
     Coulomb-14        LJ (SR)  Disper. corr.   Coulomb (SR)   Coul. recip.
   -1.60496e+04    2.34618e+05   -1.06230e+05   -1.64643e+06    9.66611e+03
 Position Rest.      Potential    Kinetic En.   Total Energy  Conserved En.
    4.75932e+02   -1.51469e+06    2.64674e+05   -1.25001e+06   -1.49892e+06
    Temperature Pres. DC (bar) Pressure (bar)   Constr. rmsd
    3.49081e+02   -1.93335e+03   -1.37842e+03    2.92612e-06

           Step           Time
          47500       95.00000

   Energies (kJ/mol)
           Bond          Angle    Proper Dih.  Improper Dih.          LJ-14
    1.41144e+03    3.05856e+03    3.77804e+03    1.08150e+02    1.01040e+03
     Coulomb-14        LJ (SR)  Disper. corr.   Coulomb (SR)   Coul. recip.
   -1.58875e+04    2.35785e+05   -1.06230e+05   -1.64693e+06    9.74903e+03
 Position Rest.      Potential    Kinetic En.   Total Energy  Conserved En.
    5.65561e+02   -1.51358e+06    2.65352e+05   -1.24822e+06   -1.49891e+06
    Temperature Pres. DC (bar) Pressure (bar)   Constr. rmsd
    3.49977e+02   -1.93335e+03   -1.42591e+03    3.00158e-06

           Step           Time
          48000       96.00000

   Energies (kJ/mol)
           Bond          Angle    Proper Dih.  Improper Dih.          LJ-14
    1.46841e+03    3.19065e+03    3.77819e+03    9.90132e+01    9.03007e+02
     Coulomb-14        LJ (SR)  Disper. corr.   Coulomb (SR)   Coul. recip.
   -1.60792e+04    2.39714e+05   -1.06230e+05   -1.64963e+06    9.68785e+03
 Position Rest.      Potential    Kinetic En.   Total Energy  Conserved En.
    5.08366e+02   -1.51258e+06    2.64700e+05   -1.24789e+06   -1.49889e+06
    Temperature Pres. DC (bar) Pressure (bar)   Constr. rmsd
    3.49116e+02   -1.93335e+03   -1.01509e+03    2.84344e-06

           Step           Time
          48500       97.00000

   Energies (kJ/mol)
           Bond          Angle    Proper Dih.  Improper Dih.          LJ-14
    1.52782e+03    3.05118e+03    3.76871e+03    8.63726e+01    9.80443e+02
     Coulomb-14        LJ (SR)  Disper. corr.   Coulomb (SR)   Coul. recip.
   -1.61568e+04    2.36264e+05   -1.06230e+05   -1.64745e+06    9.75822e+03
 Position Rest.      Potential    Kinetic En.   Total Energy  Conserved En.
    4.42177e+02   -1.51396e+06    2.63195e+05   -1.25076e+06   -1.49887e+06
    Temperature Pres. DC (bar) Pressure (bar)   Constr. rmsd
    3.47131e+02   -1.93335e+03   -1.44104e+03    2.39243e-06

           Step           Time
          49000       98.00000

   Energies (kJ/mol)
           Bond          Angle    Proper Dih.  Improper Dih.          LJ-14
    1.54287e+03    2.89816e+03    3.78038e+03    8.70992e+01    9.59115e+02
     Coulomb-14        LJ (SR)  Disper. corr.   Coulomb (SR)   Coul. recip.
   -1.61164e+04    2.34905e+05   -1.06230e+05   -1.64497e+06    9.86302e+03
 Position Rest.      Potential    Kinetic En.   Total Energy  Conserved En.
    5.44563e+02   -1.51273e+06    2.64748e+05   -1.24799e+06   -1.49886e+06
    Temperature Pres. DC (bar) Pressure (bar)   Constr. rmsd
    3.49180e+02   -1.93335e+03   -1.21727e+03    2.55867e-06

           Step           Time
          49500       99.00000

   Energies (kJ/mol)
           Bond          Angle    Proper Dih.  Improper Dih.          LJ-14
    1.50303e+03    2.92447e+03    3.73012e+03    9.67232e+01    8.93222e+02
     Coulomb-14        LJ (SR)  Disper. corr.   Coulomb (SR)   Coul. recip.
   -1.59004e+04    2.35913e+05   -1.06230e+05   -1.64614e+06    9.88511e+03
 Position Rest.      Potential    Kinetic En.   Total Energy  Conserved En.
    4.74319e+02   -1.51285e+06    2.65697e+05   -1.24715e+06   -1.49883e+06
    Temperature Pres. DC (bar) Pressure (bar)   Constr. rmsd
    3.50431e+02   -1.93335e+03   -1.31590e+03    2.76869e-06

           Step           Time
          50000      100.00000

Writing checkpoint, step 50000 at Thu Jul 20 13:41:34 2023


   Energies (kJ/mol)
           Bond          Angle    Proper Dih.  Improper Dih.          LJ-14
    1.51856e+03    2.96939e+03    3.78347e+03    9.51747e+01    9.89221e+02
     Coulomb-14        LJ (SR)  Disper. corr.   Coulomb (SR)   Coul. recip.
   -1.60553e+04    2.35258e+05   -1.06230e+05   -1.64614e+06    9.82541e+03
 Position Rest.      Potential    Kinetic En.   Total Energy  Conserved En.
    4.99500e+02   -1.51349e+06    2.64614e+05   -1.24887e+06   -1.49880e+06
    Temperature Pres. DC (bar) Pressure (bar)   Constr. rmsd
    3.49003e+02   -1.93335e+03   -1.33545e+03    2.53166e-06


	<======  ###############  ==>
	<====  A V E R A G E S  ====>
	<==  ###############  ======>

	Statistics over 50001 steps using 501 frames

   Energies (kJ/mol)
           Bond          Angle    Proper Dih.  Improper Dih.          LJ-14
    1.50446e+03    2.99714e+03    3.77890e+03    9.39238e+01    9.68419e+02
     Coulomb-14        LJ (SR)  Disper. corr.   Coulomb (SR)   Coul. recip.
   -1.59989e+04    2.37107e+05   -1.06230e+05   -1.64845e+06    9.78172e+03
 Position Rest.      Potential    Kinetic En.   Total Energy  Conserved En.
    4.94716e+02   -1.51395e+06    2.65300e+05   -1.24865e+06   -1.50001e+06
    Temperature Pres. DC (bar) Pressure (bar)   Constr. rmsd
    3.49908e+02   -1.93335e+03   -1.27599e+03    0.00000e+00

   Total Virial (kJ/mol)
    1.23503e+05    6.82672e+01    1.01124e+02
    6.84963e+01    1.23556e+05    1.09044e+02
    9.98459e+01    1.09168e+02    1.23502e+05

   Pressure (bar)
   -1.27266e+03   -8.25695e-01   -4.29798e+00
   -8.34025e-01   -1.27838e+03   -4.68944e+00
   -4.25150e+00   -4.69393e+00   -1.27692e+03

      T-RNA_nMgT-Water_and_ions
    3.49815e+02    3.49910e+02


	M E G A - F L O P S   A C C O U N T I N G

 NB=Group-cutoff nonbonded kernels    NxN=N-by-N cluster Verlet kernels
 RF=Reaction-Field  VdW=Van der Waals  QSTab=quadratic-spline table
 W3=SPC/TIP3p  W4=TIP4p (single or pairs)
 V&F=Potential and force  V=Potential only  F=Force only

 Computing:                               M-Number         M-Flops  % Flops
-----------------------------------------------------------------------------
 Pair Search distance check           66365.516356      597289.647     0.2
 NxN Ewald Elec. + LJ [F]           1821828.127840   120240656.437    49.8
 NxN Ewald Elec. + LJ [V&F]           18438.397680     1972908.552     0.8
 NxN LJ [F]                            6405.738992      211389.387     0.1
 NxN LJ [V&F]                            65.245136        2805.541     0.0
 NxN Ewald Elec. [F]                1783455.375456   108790777.903    45.0
 NxN Ewald Elec. [V&F]                18049.829984     1516185.719     0.6
 1,4 nonbonded interactions             154.953099       13945.779     0.0
 Calc Weights                         18063.961272      650302.606     0.3
 Spread Q Bspline                    385364.507136      770729.014     0.3
 Gather F Bspline                    385364.507136     2312187.043     1.0
 3D-FFT                              471868.637184     3774949.097     1.6
 Solve PME                              204.804096       13107.462     0.0
 Shift-X                                150.650424         903.903     0.0
 Bonds                                   45.250905        2669.803     0.0
 Angles                                 117.652353       19765.595     0.0
 Propers                                195.703914       44816.196     0.0
 Impropers                               10.850217        2256.845     0.0
 Pos. Restr.                             40.450809        2022.540     0.0
 Virial                                  60.354969        1086.389     0.0
 Stop-CM                                 60.452848         604.528     0.0
 Calc-Ekin                             1204.480848       32520.983     0.0
 Lincs                                   20.601236        1236.074     0.0
 Lincs-Mat                               40.802448         163.210     0.0
 Constraint-V                          4503.280124       36026.241     0.0
 Constraint-Vir                          44.914650        1077.952     0.0
 Settle                                1487.389238      480426.724     0.2
 Virtual Site 3                        1502.232492       55582.602     0.0
-----------------------------------------------------------------------------
 Total                                               241548393.773   100.0
-----------------------------------------------------------------------------


     R E A L   C Y C L E   A N D   T I M E   A C C O U N T I N G

On 1 MPI rank, each using 16 OpenMP threads

 Computing:          Num   Num      Call    Wall time         Giga-Cycles
                     Ranks Threads  Count      (s)         total sum    %
-----------------------------------------------------------------------------
 Vsite constr.          1   16      50001       4.160        173.036   0.6
 Neighbor search        1   16       1251      25.448       1058.622   3.5
 Force                  1   16      50001     565.259      23514.330  78.4
 PME mesh               1   16      50001      86.825       3611.833  12.0
 NB X/F buffer ops.     1   16      98751      16.724        695.691   2.3
 Vsite spread           1   16      50502       5.566        231.542   0.8
 Write traj.            1   16        101       2.959        123.081   0.4
 Update                 1   16      50001       6.023        250.569   0.8
 Constraints            1   16      50003       5.683        236.396   0.8
 Rest                                           2.088         86.863   0.3
-----------------------------------------------------------------------------
 Total                                        720.734      29981.964 100.0
-----------------------------------------------------------------------------
 Breakdown of PME mesh computation
-----------------------------------------------------------------------------
 PME spread             1   16      50001      40.936       1702.915   5.7
 PME gather             1   16      50001      24.144       1004.391   3.3
 PME 3D-FFT             1   16     100002      19.709        819.880   2.7
 PME solve Elec         1   16      50001       1.610         66.961   0.2
-----------------------------------------------------------------------------

               Core t (s)   Wall t (s)        (%)
       Time:    11531.295      720.734     1599.9
                 (ns/day)    (hour/ns)
Performance:       11.988        2.002
Finished mdrun on rank 0 Thu Jul 20 13:41:34 2023

